*************MMAJID TestListener
*************MMAJID testStarted
*************MMAJID testFinished
MMAJIDRun: 10688523for com.github.kevinsawicki.http.EncodeTest.encode info: encode(com.github.kevinsawicki.http.EncodeTest)
*************MMAJID testStarted
*************MMAJID testFinished
MMAJIDRun: 153450for com.github.kevinsawicki.http.EncodeTest.encodeMalformedUri info: encodeMalformedUri(com.github.kevinsawicki.http.EncodeTest)
2020-10-29 21:49:07.591:INFO:oejs.Server:jetty-8.1.9.v20130131
2020-10-29 21:49:07.607:INFO:oejs.AbstractConnector:Started SelectChannelConnector@0.0.0.0:43683
2020-10-29 21:49:07.614:INFO:oejs.Server:jetty-8.1.9.v20130131
2020-10-29 21:49:07.618:INFO:oejs.AbstractConnector:Started SelectChannelConnector@0.0.0.0:45961
*************MMAJID testStarted
*************MMAJID testFinished
MMAJIDRun: 4434106for com.github.kevinsawicki.http.HttpRequestTest.getMissingParameter info: getMissingParameter(com.github.kevinsawicki.http.HttpRequestTest)
*************MMAJID testStarted
*************MMAJID testFinished
MMAJIDRun: 1255853for com.github.kevinsawicki.http.HttpRequestTest.receiveFile info: receiveFile(com.github.kevinsawicki.http.HttpRequestTest)
*************MMAJID testStarted
*************MMAJID testFinished
MMAJIDRun: 151892for com.github.kevinsawicki.http.HttpRequestTest.notModifiedCode info: notModifiedCode(com.github.kevinsawicki.http.HttpRequestTest)
*************MMAJID testStarted
*************MMAJID testFinished
MMAJIDRun: 61247for com.github.kevinsawicki.http.HttpRequestTest.malformedStringUrlCause info: malformedStringUrlCause(com.github.kevinsawicki.http.HttpRequestTest)
*************MMAJID testStarted
*************MMAJID testFinished
MMAJIDRun: 195679for com.github.kevinsawicki.http.HttpRequestTest.appendMappedQueryParamsWithPath info: appendMappedQueryParamsWithPath(com.github.kevinsawicki.http.HttpRequestTest)
*************MMAJID testStarted
*************MMAJID testFinished
MMAJIDRun: 175330for com.github.kevinsawicki.http.HttpRequestTest.optionsEmpty info: optionsEmpty(com.github.kevinsawicki.http.HttpRequestTest)
*************MMAJID testStarted
*************MMAJID testFinished
MMAJIDRun: 302084for com.github.kevinsawicki.http.HttpRequestTest.getEmptyHeaders info: getEmptyHeaders(com.github.kevinsawicki.http.HttpRequestTest)
*************MMAJID testStarted
*************MMAJID testFinished
MMAJIDRun: 337424for com.github.kevinsawicki.http.HttpRequestTest.uploadProgressSendByteArray info: uploadProgressSendByteArray(com.github.kevinsawicki.http.HttpRequestTest)
*************MMAJID testStarted
*************MMAJID testFinished
MMAJIDRun: 124414for com.github.kevinsawicki.http.HttpRequestTest.streamOfEmptyOkResponse info: streamOfEmptyOkResponse(com.github.kevinsawicki.http.HttpRequestTest)
*************MMAJID testStarted
*************MMAJID testFinished
MMAJIDRun: 161455for com.github.kevinsawicki.http.HttpRequestTest.getMixQuotedParameters info: getMixQuotedParameters(com.github.kevinsawicki.http.HttpRequestTest)
*************MMAJID testStarted
*************MMAJID testFinished
MMAJIDRun: 37475for com.github.kevinsawicki.http.HttpRequestTest.appendVarargsQueryParmasWithNoPath info: appendVarargsQueryParmasWithNoPath(com.github.kevinsawicki.http.HttpRequestTest)
*************MMAJID testStarted
*************MMAJID testFinished
MMAJIDRun: 433242for com.github.kevinsawicki.http.HttpRequestTest.basicAuthentication info: basicAuthentication(com.github.kevinsawicki.http.HttpRequestTest)
*************MMAJID testStarted
*************MMAJID testFinished
MMAJIDRun: 44418for com.github.kevinsawicki.http.HttpRequestTest.appendMappedQueryParamsWithNoPath info: appendMappedQueryParamsWithNoPath(com.github.kevinsawicki.http.HttpRequestTest)
*************MMAJID testStarted
*************MMAJID testFinished
MMAJIDRun: 141146for com.github.kevinsawicki.http.HttpRequestTest.getToOutputBody info: getToOutputBody(com.github.kevinsawicki.http.HttpRequestTest)
*************MMAJID testStarted
*************MMAJID testFinished
MMAJIDRun: 122129for com.github.kevinsawicki.http.HttpRequestTest.getToOutputCode info: getToOutputCode(com.github.kevinsawicki.http.HttpRequestTest)
*************MMAJID testStarted
*************MMAJID testFinished
MMAJIDRun: 516059for com.github.kevinsawicki.http.HttpRequestTest.getWithResponseCharsetAsSecondParam info: getWithResponseCharsetAsSecondParam(com.github.kevinsawicki.http.HttpRequestTest)
*************MMAJID testStarted
*************MMAJID testFinished
MMAJIDRun: 121751for com.github.kevinsawicki.http.HttpRequestTest.getSingleParameter info: getSingleParameter(com.github.kevinsawicki.http.HttpRequestTest)
*************MMAJID testStarted
*************MMAJID testFinished
MMAJIDRun: 123696for com.github.kevinsawicki.http.HttpRequestTest.acceptCharsetHeader info: acceptCharsetHeader(com.github.kevinsawicki.http.HttpRequestTest)
*************MMAJID testStarted
*************MMAJID testFinished
MMAJIDRun: 47311068for com.github.kevinsawicki.http.HttpRequestTest.singleVerifier info: singleVerifier(com.github.kevinsawicki.http.HttpRequestTest)
*************MMAJID testStarted
*************MMAJID testFinished
MMAJIDRun: 287437for com.github.kevinsawicki.http.HttpRequestTest.basicProxyAuthentication info: basicProxyAuthentication(com.github.kevinsawicki.http.HttpRequestTest)
*************MMAJID testStarted
*************MMAJID testFinished
MMAJIDRun: 131568for com.github.kevinsawicki.http.HttpRequestTest.postUrlEmpty info: postUrlEmpty(com.github.kevinsawicki.http.HttpRequestTest)
*************MMAJID testStarted
*************MMAJID testFinished
MMAJIDRun: 148586for com.github.kevinsawicki.http.HttpRequestTest.deleteWithVarargsQueryParams info: deleteWithVarargsQueryParams(com.github.kevinsawicki.http.HttpRequestTest)
*************MMAJID testStarted
*************MMAJID testFinished
MMAJIDRun: 163728for com.github.kevinsawicki.http.HttpRequestTest.getWithEscapedMappedQueryParams info: getWithEscapedMappedQueryParams(com.github.kevinsawicki.http.HttpRequestTest)
*************MMAJID testStarted
*************MMAJID testFinished
MMAJIDRun: 27965for com.github.kevinsawicki.http.HttpRequestTest.appendNullMappedQueryParams info: appendNullMappedQueryParams(com.github.kevinsawicki.http.HttpRequestTest)
*************MMAJID testStarted
*************MMAJID testFinished
MMAJIDRun: 158728for com.github.kevinsawicki.http.HttpRequestTest.sendHeadersWithoutCode info: sendHeadersWithoutCode(com.github.kevinsawicki.http.HttpRequestTest)
*************MMAJID testStarted
*************MMAJID testFinished
MMAJIDRun: 28293for com.github.kevinsawicki.http.HttpRequestTest.appendEmptyMappedQueryParams info: appendEmptyMappedQueryParams(com.github.kevinsawicki.http.HttpRequestTest)
*************MMAJID testStarted
*************MMAJID testFinished
MMAJIDRun: 29870for com.github.kevinsawicki.http.HttpRequestTest.appendWithNullVaragsQueryParamValues info: appendWithNullVaragsQueryParamValues(com.github.kevinsawicki.http.HttpRequestTest)
*************MMAJID testStarted
*************MMAJID testFinished
MMAJIDRun: 110429for com.github.kevinsawicki.http.HttpRequestTest.traceUrlEmpty info: traceUrlEmpty(com.github.kevinsawicki.http.HttpRequestTest)
*************MMAJID testStarted
*************MMAJID testFinished
MMAJIDRun: 30872for com.github.kevinsawicki.http.HttpRequestTest.appendMultipleMappedQueryParams info: appendMultipleMappedQueryParams(com.github.kevinsawicki.http.HttpRequestTest)
*************MMAJID testStarted
*************MMAJID testFinished
MMAJIDRun: 108189for com.github.kevinsawicki.http.HttpRequestTest.acceptJson info: acceptJson(com.github.kevinsawicki.http.HttpRequestTest)
*************MMAJID testStarted
*************MMAJID testFinished
MMAJIDRun: 128731for com.github.kevinsawicki.http.HttpRequestTest.sendErrorReadStream info: sendErrorReadStream(com.github.kevinsawicki.http.HttpRequestTest)
*************MMAJID testStarted
*************MMAJID testFinished
MMAJIDRun: 135322for com.github.kevinsawicki.http.HttpRequestTest.deleteEmpty info: deleteEmpty(com.github.kevinsawicki.http.HttpRequestTest)
*************MMAJID testStarted
*************MMAJID testFinished
MMAJIDRun: 30628for com.github.kevinsawicki.http.HttpRequestTest.appendMappedQueryParamsWithExistingParams info: appendMappedQueryParamsWithExistingParams(com.github.kevinsawicki.http.HttpRequestTest)
*************MMAJID testStarted
*************MMAJID testFinished
MMAJIDRun: 112292for com.github.kevinsawicki.http.HttpRequestTest.cacheControlHeader info: cacheControlHeader(com.github.kevinsawicki.http.HttpRequestTest)
*************MMAJID testStarted
*************MMAJID testFinished
MMAJIDRun: 130271for com.github.kevinsawicki.http.HttpRequestTest.getNonGzippedWithUncompressEnabled info: getNonGzippedWithUncompressEnabled(com.github.kevinsawicki.http.HttpRequestTest)
*************MMAJID testStarted
*************MMAJID testFinished
MMAJIDRun: 109460for com.github.kevinsawicki.http.HttpRequestTest.userAgentHeader info: userAgentHeader(com.github.kevinsawicki.http.HttpRequestTest)
*************MMAJID testStarted
*************MMAJID testFinished
MMAJIDRun: 108565for com.github.kevinsawicki.http.HttpRequestTest.putUrlEmpty info: putUrlEmpty(com.github.kevinsawicki.http.HttpRequestTest)
*************MMAJID testStarted
*************MMAJID testFinished
MMAJIDRun: 140497for com.github.kevinsawicki.http.HttpRequestTest.postWithMappedQueryParams info: postWithMappedQueryParams(com.github.kevinsawicki.http.HttpRequestTest)
*************MMAJID testStarted
*************MMAJID testFinished
MMAJIDRun: 127184for com.github.kevinsawicki.http.HttpRequestTest.malformedDateHeader info: malformedDateHeader(com.github.kevinsawicki.http.HttpRequestTest)
*************MMAJID testStarted
*************MMAJID testFinished
MMAJIDRun: 98500for com.github.kevinsawicki.http.HttpRequestTest.contentEncodingHeader info: contentEncodingHeader(com.github.kevinsawicki.http.HttpRequestTest)
*************MMAJID testStarted
*************MMAJID testFinished
MMAJIDRun: 119708for com.github.kevinsawicki.http.HttpRequestTest.headWithVaragsQueryParams info: headWithVaragsQueryParams(com.github.kevinsawicki.http.HttpRequestTest)
*************MMAJID testStarted
*************MMAJID testFinished
MMAJIDRun: 113687for com.github.kevinsawicki.http.HttpRequestTest.getReaderWithCharset info: getReaderWithCharset(com.github.kevinsawicki.http.HttpRequestTest)
*************MMAJID testStarted
*************MMAJID testFinished
MMAJIDRun: 142665for com.github.kevinsawicki.http.HttpRequestTest.getWithEscapedVarargsQueryParams info: getWithEscapedVarargsQueryParams(com.github.kevinsawicki.http.HttpRequestTest)
*************MMAJID testStarted
*************MMAJID testFinished
MMAJIDRun: 113792for com.github.kevinsawicki.http.HttpRequestTest.getWithVarargsQueryParams info: getWithVarargsQueryParams(com.github.kevinsawicki.http.HttpRequestTest)
*************MMAJID testStarted
*************MMAJID testFinished
MMAJIDRun: 207787for com.github.kevinsawicki.http.HttpRequestTest.nullUploadProgress info: nullUploadProgress(com.github.kevinsawicki.http.HttpRequestTest)
*************MMAJID testStarted
*************MMAJID testFinished
MMAJIDRun: 113254for com.github.kevinsawicki.http.HttpRequestTest.getEmptyParameter info: getEmptyParameter(com.github.kevinsawicki.http.HttpRequestTest)
*************MMAJID testStarted
*************MMAJID testFinished
MMAJIDRun: 23699for com.github.kevinsawicki.http.HttpRequestTest.appendMultipleVarargsQueryParams info: appendMultipleVarargsQueryParams(com.github.kevinsawicki.http.HttpRequestTest)
*************MMAJID testStarted
*************MMAJID testFinished
MMAJIDRun: 100451for com.github.kevinsawicki.http.HttpRequestTest.sendErrorCloseStream info: sendErrorCloseStream(com.github.kevinsawicki.http.HttpRequestTest)
*************MMAJID testStarted
*************MMAJID testFinished
MMAJIDRun: 158292for com.github.kevinsawicki.http.HttpRequestTest.postMultipleFiles info: postMultipleFiles(com.github.kevinsawicki.http.HttpRequestTest)
*************MMAJID testStarted
*************MMAJID testFinished
MMAJIDRun: 100372for com.github.kevinsawicki.http.HttpRequestTest.getWithResponseCharset info: getWithResponseCharset(com.github.kevinsawicki.http.HttpRequestTest)
*************MMAJID testStarted
*************MMAJID testFinished
MMAJIDRun: 155952for com.github.kevinsawicki.http.HttpRequestTest.ifModifiedSinceHeader info: ifModifiedSinceHeader(com.github.kevinsawicki.http.HttpRequestTest)
*************MMAJID testStarted
*************MMAJID testFinished
MMAJIDRun: 454150for com.github.kevinsawicki.http.HttpRequestTest.uploadProgressSendReader info: uploadProgressSendReader(com.github.kevinsawicki.http.HttpRequestTest)
*************MMAJID testStarted
*************MMAJID testFinished
MMAJIDRun: 227260for com.github.kevinsawicki.http.HttpRequestTest.receiveAppendable info: receiveAppendable(com.github.kevinsawicki.http.HttpRequestTest)
*************MMAJID testStarted
*************MMAJID testFinished
MMAJIDRun: 90212for com.github.kevinsawicki.http.HttpRequestTest.getParameterFromMissingHeader info: getParameterFromMissingHeader(com.github.kevinsawicki.http.HttpRequestTest)
*************MMAJID testStarted
*************MMAJID testFinished
MMAJIDRun: 89718for com.github.kevinsawicki.http.HttpRequestTest.locationHeader info: locationHeader(com.github.kevinsawicki.http.HttpRequestTest)
*************MMAJID testStarted
*************MMAJID testFinished
MMAJIDRun: 143127for com.github.kevinsawicki.http.HttpRequestTest.putWithEscapedVarargsQueryParams info: putWithEscapedVarargsQueryParams(com.github.kevinsawicki.http.HttpRequestTest)
*************MMAJID testStarted
*************MMAJID testFinished
MMAJIDRun: 91963for com.github.kevinsawicki.http.HttpRequestTest.getMultipleParametersQuoted info: getMultipleParametersQuoted(com.github.kevinsawicki.http.HttpRequestTest)
*************MMAJID testStarted
*************MMAJID testFinished
MMAJIDRun: 88766for com.github.kevinsawicki.http.HttpRequestTest.contentTypeHeader info: contentTypeHeader(com.github.kevinsawicki.http.HttpRequestTest)
*************MMAJID testStarted
*************MMAJID testFinished
MMAJIDRun: 53705for com.github.kevinsawicki.http.HttpRequestTest.appendArrayQueryParams info: appendArrayQueryParams(com.github.kevinsawicki.http.HttpRequestTest)
*************MMAJID testStarted
*************MMAJID testFinished
MMAJIDRun: 20468for com.github.kevinsawicki.http.HttpRequestTest.appendWithNullMappedQueryParamValues info: appendWithNullMappedQueryParamValues(com.github.kevinsawicki.http.HttpRequestTest)
*************MMAJID testStarted
*************MMAJID testFinished
MMAJIDRun: 137984for com.github.kevinsawicki.http.HttpRequestTest.postWithEscapedMappedQueryParams info: postWithEscapedMappedQueryParams(com.github.kevinsawicki.http.HttpRequestTest)
*************MMAJID testStarted
*************MMAJID testFinished
MMAJIDRun: 102141for com.github.kevinsawicki.http.HttpRequestTest.requestContentTypeNullCharset info: requestContentTypeNullCharset(com.github.kevinsawicki.http.HttpRequestTest)
*************MMAJID testStarted
*************MMAJID testFinished
MMAJIDRun: 101422for com.github.kevinsawicki.http.HttpRequestTest.optionsUrlEmpty info: optionsUrlEmpty(com.github.kevinsawicki.http.HttpRequestTest)
*************MMAJID testStarted
*************MMAJID testFinished
MMAJIDRun: 110810for com.github.kevinsawicki.http.HttpRequestTest.getUrlEncodedWithSpace info: getUrlEncodedWithSpace(com.github.kevinsawicki.http.HttpRequestTest)
*************MMAJID testStarted
*************MMAJID testFinished
MMAJIDRun: 93490for com.github.kevinsawicki.http.HttpRequestTest.headEmpty info: headEmpty(com.github.kevinsawicki.http.HttpRequestTest)
*************MMAJID testStarted
*************MMAJID testFinished
MMAJIDRun: 163311for com.github.kevinsawicki.http.HttpRequestTest.bodyOfEmptyErrorResponse info: bodyOfEmptyErrorResponse(com.github.kevinsawicki.http.HttpRequestTest)
*************MMAJID testStarted
*************MMAJID testFinished
MMAJIDRun: 112374for com.github.kevinsawicki.http.HttpRequestTest.receivePrintStream info: receivePrintStream(com.github.kevinsawicki.http.HttpRequestTest)
*************MMAJID testStarted
*************MMAJID testFinished
MMAJIDRun: 101679for com.github.kevinsawicki.http.HttpRequestTest.getWithMappedQueryParams info: getWithMappedQueryParams(com.github.kevinsawicki.http.HttpRequestTest)
*************MMAJID testStarted
*************MMAJID testFinished
MMAJIDRun: 274498for com.github.kevinsawicki.http.HttpRequestTest.postFormAsEntries info: postFormAsEntries(com.github.kevinsawicki.http.HttpRequestTest)
*************MMAJID testStarted
*************MMAJID testFinished
MMAJIDRun: 110654for com.github.kevinsawicki.http.HttpRequestTest.bodyOfNonEmptyErrorResponse info: bodyOfNonEmptyErrorResponse(com.github.kevinsawicki.http.HttpRequestTest)
*************MMAJID testStarted
*************MMAJID testFinished
MMAJIDRun: 89608for com.github.kevinsawicki.http.HttpRequestTest.refererHeader info: refererHeader(com.github.kevinsawicki.http.HttpRequestTest)
*************MMAJID testStarted
*************MMAJID testFinished
MMAJIDRun: 98045for com.github.kevinsawicki.http.HttpRequestTest.sendWithWriter info: sendWithWriter(com.github.kevinsawicki.http.HttpRequestTest)
*************MMAJID testStarted
*************MMAJID testFinished
MMAJIDRun: 89363for com.github.kevinsawicki.http.HttpRequestTest.requestContentType info: requestContentType(com.github.kevinsawicki.http.HttpRequestTest)
*************MMAJID testStarted
*************MMAJID testFinished
MMAJIDRun: 159647for com.github.kevinsawicki.http.HttpRequestTest.customConnectionFactory info: customConnectionFactory(com.github.kevinsawicki.http.HttpRequestTest)
*************MMAJID testStarted
*************MMAJID testFinished
MMAJIDRun: 95971for com.github.kevinsawicki.http.HttpRequestTest.getParameters info: getParameters(com.github.kevinsawicki.http.HttpRequestTest)
*************MMAJID testStarted
*************MMAJID testFinished
MMAJIDRun: 26551for com.github.kevinsawicki.http.HttpRequestTest.httpTrust info: httpTrust(com.github.kevinsawicki.http.HttpRequestTest)
*************MMAJID testStarted
*************MMAJID testFinished
MMAJIDRun: 104934for com.github.kevinsawicki.http.HttpRequestTest.dateHeader info: dateHeader(com.github.kevinsawicki.http.HttpRequestTest)
*************MMAJID testStarted
*************MMAJID testFinished
MMAJIDRun: 85605for com.github.kevinsawicki.http.HttpRequestTest.getSingleParameterQuoted info: getSingleParameterQuoted(com.github.kevinsawicki.http.HttpRequestTest)
*************MMAJID testStarted
*************MMAJID testFailure
java.lang.AssertionError: expected:<2> but was:<null>
	at org.junit.Assert.fail(Assert.java:93)
	at org.junit.Assert.failNotEquals(Assert.java:647)
	at org.junit.Assert.assertEquals(Assert.java:128)
	at org.junit.Assert.assertEquals(Assert.java:147)
	at com.github.kevinsawicki.http.HttpRequestTest.postWithNumericQueryParams(HttpRequestTest.java:2584)
	at sun.reflect.NativeMethodAccessorImpl.invoke0(Native Method)
	at sun.reflect.NativeMethodAccessorImpl.invoke(NativeMethodAccessorImpl.java:62)
	at sun.reflect.DelegatingMethodAccessorImpl.invoke(DelegatingMethodAccessorImpl.java:43)
	at java.lang.reflect.Method.invoke(Method.java:498)
	at org.junit.runners.model.FrameworkMethod$1.runReflectiveCall(FrameworkMethod.java:45)
	at org.junit.internal.runners.model.ReflectiveCallable.run(ReflectiveCallable.java:15)
	at org.junit.runners.model.FrameworkMethod.invokeExplosively(FrameworkMethod.java:42)
	at org.junit.internal.runners.statements.InvokeMethod.evaluate(InvokeMethod.java:20)
	at org.junit.internal.runners.statements.RunBefores.evaluate(RunBefores.java:28)
	at org.junit.internal.runners.statements.RunAfters.evaluate(RunAfters.java:30)
	at org.junit.runners.ParentRunner.runLeaf(ParentRunner.java:263)
	at org.junit.runners.BlockJUnit4ClassRunner.runChild(BlockJUnit4ClassRunner.java:68)
	at org.junit.runners.BlockJUnit4ClassRunner.runChild(BlockJUnit4ClassRunner.java:47)
	at org.junit.runners.ParentRunner$3.run(ParentRunner.java:231)
	at org.junit.runners.ParentRunner$1.schedule(ParentRunner.java:60)
	at org.junit.runners.ParentRunner.runChildren(ParentRunner.java:229)
	at org.junit.runners.ParentRunner.access$000(ParentRunner.java:50)
	at org.junit.runners.ParentRunner$2.evaluate(ParentRunner.java:222)
	at org.junit.internal.runners.statements.RunBefores.evaluate(RunBefores.java:28)
	at org.junit.internal.runners.statements.RunAfters.evaluate(RunAfters.java:30)
	at org.junit.runners.ParentRunner.run(ParentRunner.java:300)
	at org.junit.runners.Suite.runChild(Suite.java:128)
	at org.junit.runners.Suite.runChild(Suite.java:24)
	at org.junit.runners.ParentRunner$3.run(ParentRunner.java:231)
	at org.junit.runners.ParentRunner$1.schedule(ParentRunner.java:60)
	at org.junit.runners.ParentRunner.runChildren(ParentRunner.java:229)
	at org.junit.runners.ParentRunner.access$000(ParentRunner.java:50)
	at org.junit.runners.ParentRunner$2.evaluate(ParentRunner.java:222)
	at org.junit.runners.ParentRunner.run(ParentRunner.java:300)
	at org.junit.runner.JUnitCore.run(JUnitCore.java:157)
	at org.junit.runner.JUnitCore.run(JUnitCore.java:136)
	at edu.illinois.cs.testrunner.execution.JUnitTestExecutor.execute(JUnitTestExecutor.java:251)
	at edu.illinois.cs.testrunner.execution.JUnitTestExecutor.executeWithJUnit4Runner(JUnitTestExecutor.java:319)
	at edu.illinois.cs.testrunner.execution.JUnitTestExecutor.runOrder(JUnitTestExecutor.java:49)
	at edu.illinois.cs.testrunner.execution.Executor$.$anonfun$run$1(Executor.scala:30)
	at scala.runtime.java8.JFunction0$mcV$sp.apply(JFunction0$mcV$sp.java:12)
	at scala.util.Try$.apply(Try.scala:209)
	at edu.illinois.cs.testrunner.execution.Executor$.run(Executor.scala:28)
	at edu.illinois.cs.testrunner.execution.Executor$.main(Executor.scala:18)
*************MMAJID testFinished
MMAJIDRun: 698595for com.github.kevinsawicki.http.HttpRequestTest.postWithNumericQueryParams info: postWithNumericQueryParams(com.github.kevinsawicki.http.HttpRequestTest)
	at edu.illinois.cs.testrunner.execution.Executor.main(Executor.scala)
*************MMAJID testStarted
*************MMAJID testFinished
MMAJIDRun: 98512for com.github.kevinsawicki.http.HttpRequestTest.getMultipleParameters info: getMultipleParameters(com.github.kevinsawicki.http.HttpRequestTest)
*************MMAJID testStarted
*************MMAJID testFinished
MMAJIDRun: 90875for com.github.kevinsawicki.http.HttpRequestTest.getQuotedParameters info: getQuotedParameters(com.github.kevinsawicki.http.HttpRequestTest)
*************MMAJID testStarted
java.lang.AssertionError: expected:<us er> but was:<null>
*************MMAJID testFailure
	at org.junit.Assert.fail(Assert.java:93)
	at org.junit.Assert.failNotEquals(Assert.java:647)
	at org.junit.Assert.assertEquals(Assert.java:128)
	at org.junit.Assert.assertEquals(Assert.java:147)
	at com.github.kevinsawicki.http.HttpRequestTest.deleteWithEscapedMappedQueryParams(HttpRequestTest.java:2778)
	at sun.reflect.NativeMethodAccessorImpl.invoke0(Native Method)
	at sun.reflect.NativeMethodAccessorImpl.invoke(NativeMethodAccessorImpl.java:62)
	at sun.reflect.DelegatingMethodAccessorImpl.invoke(DelegatingMethodAccessorImpl.java:43)
	at java.lang.reflect.Method.invoke(Method.java:498)
	at org.junit.runners.model.FrameworkMethod$1.runReflectiveCall(FrameworkMethod.java:45)
	at org.junit.internal.runners.model.ReflectiveCallable.run(ReflectiveCallable.java:15)
	at org.junit.runners.model.FrameworkMethod.invokeExplosively(FrameworkMethod.java:42)
	at org.junit.internal.runners.statements.InvokeMethod.evaluate(InvokeMethod.java:20)
	at org.junit.internal.runners.statements.RunBefores.evaluate(RunBefores.java:28)
	at org.junit.internal.runners.statements.RunAfters.evaluate(RunAfters.java:30)
	at org.junit.runners.ParentRunner.runLeaf(ParentRunner.java:263)
	at org.junit.runners.BlockJUnit4ClassRunner.runChild(BlockJUnit4ClassRunner.java:68)
	at org.junit.runners.BlockJUnit4ClassRunner.runChild(BlockJUnit4ClassRunner.java:47)
	at org.junit.runners.ParentRunner$3.run(ParentRunner.java:231)
	at org.junit.runners.ParentRunner$1.schedule(ParentRunner.java:60)
	at org.junit.runners.ParentRunner.runChildren(ParentRunner.java:229)
	at org.junit.runners.ParentRunner.access$000(ParentRunner.java:50)
	at org.junit.runners.ParentRunner$2.evaluate(ParentRunner.java:222)
	at org.junit.internal.runners.statements.RunBefores.evaluate(RunBefores.java:28)
	at org.junit.internal.runners.statements.RunAfters.evaluate(RunAfters.java:30)
	at org.junit.runners.ParentRunner.run(ParentRunner.java:300)
	at org.junit.runners.Suite.runChild(Suite.java:128)
	at org.junit.runners.Suite.runChild(Suite.java:24)
	at org.junit.runners.ParentRunner$3.run(ParentRunner.java:231)
	at org.junit.runners.ParentRunner$1.schedule(ParentRunner.java:60)
	at org.junit.runners.ParentRunner.runChildren(ParentRunner.java:229)
	at org.junit.runners.ParentRunner.access$000(ParentRunner.java:50)
	at org.junit.runners.ParentRunner$2.evaluate(ParentRunner.java:222)
	at org.junit.runners.ParentRunner.run(ParentRunner.java:300)
	at org.junit.runner.JUnitCore.run(JUnitCore.java:157)
	at org.junit.runner.JUnitCore.run(JUnitCore.java:136)
	at edu.illinois.cs.testrunner.execution.JUnitTestExecutor.execute(JUnitTestExecutor.java:251)
	at edu.illinois.cs.testrunner.execution.JUnitTestExecutor.executeWithJUnit4Runner(JUnitTestExecutor.java:319)
*************MMAJID testFinished
MMAJIDRun: 328916for com.github.kevinsawicki.http.HttpRequestTest.deleteWithEscapedMappedQueryParams info: deleteWithEscapedMappedQueryParams(com.github.kevinsawicki.http.HttpRequestTest)
	at edu.illinois.cs.testrunner.execution.JUnitTestExecutor.runOrder(JUnitTestExecutor.java:49)
	at edu.illinois.cs.testrunner.execution.Executor$.$anonfun$run$1(Executor.scala:30)
	at scala.runtime.java8.JFunction0$mcV$sp.apply(JFunction0$mcV$sp.java:12)
	at scala.util.Try$.apply(Try.scala:209)
	at edu.illinois.cs.testrunner.execution.Executor$.run(Executor.scala:28)
	at edu.illinois.cs.testrunner.execution.Executor$.main(Executor.scala:18)
	at edu.illinois.cs.testrunner.execution.Executor.main(Executor.scala)
*************MMAJID testStarted
*************MMAJID testFinished
MMAJIDRun: 209767for com.github.kevinsawicki.http.HttpRequestTest.postWithLength info: postWithLength(com.github.kevinsawicki.http.HttpRequestTest)
*************MMAJID testStarted
*************MMAJID testFinished
MMAJIDRun: 20339for com.github.kevinsawicki.http.HttpRequestTest.appendWithVarargsQueryParamsWithExistingParams info: appendWithVarargsQueryParamsWithExistingParams(com.github.kevinsawicki.http.HttpRequestTest)
*************MMAJID testStarted
*************MMAJID testFinished
MMAJIDRun: 102463for com.github.kevinsawicki.http.HttpRequestTest.sendIntHeaderWithoutCode info: sendIntHeaderWithoutCode(com.github.kevinsawicki.http.HttpRequestTest)
*************MMAJID testStarted
*************MMAJID testFinished
MMAJIDRun: 88134for com.github.kevinsawicki.http.HttpRequestTest.acceptEncodingHeader info: acceptEncodingHeader(com.github.kevinsawicki.http.HttpRequestTest)
*************MMAJID testStarted
*************MMAJID testFinished
MMAJIDRun: 18409for com.github.kevinsawicki.http.HttpRequestTest.appendVarargsQueryParamsWithExistingQueryStart info: appendVarargsQueryParamsWithExistingQueryStart(com.github.kevinsawicki.http.HttpRequestTest)
*************MMAJID testStarted
*************MMAJID testFinished
MMAJIDRun: 125626for com.github.kevinsawicki.http.HttpRequestTest.postNonEmptyByteArray info: postNonEmptyByteArray(com.github.kevinsawicki.http.HttpRequestTest)
*************MMAJID testStarted
*************MMAJID testFinished
MMAJIDRun: 88944for com.github.kevinsawicki.http.HttpRequestTest.headUrlEmpty info: headUrlEmpty(com.github.kevinsawicki.http.HttpRequestTest)
*************MMAJID testStarted
*************MMAJID testFinished
MMAJIDRun: 19803for com.github.kevinsawicki.http.HttpRequestTest.appendVarargsQueryParamsWithPath info: appendVarargsQueryParamsWithPath(com.github.kevinsawicki.http.HttpRequestTest)
*************MMAJID testStarted
*************MMAJID testFinished
MMAJIDRun: 136047for com.github.kevinsawicki.http.HttpRequestTest.postFormWithNoCharset info: postFormWithNoCharset(com.github.kevinsawicki.http.HttpRequestTest)
*************MMAJID testStarted
*************MMAJID testFailure
java.lang.AssertionError: expected:<user> but was:<null>
	at org.junit.Assert.fail(Assert.java:93)
	at org.junit.Assert.failNotEquals(Assert.java:647)
	at org.junit.Assert.assertEquals(Assert.java:128)
	at org.junit.Assert.assertEquals(Assert.java:147)
	at com.github.kevinsawicki.http.HttpRequestTest.headWithMappedQueryParams(HttpRequestTest.java:2943)
	at sun.reflect.NativeMethodAccessorImpl.invoke0(Native Method)
	at sun.reflect.NativeMethodAccessorImpl.invoke(NativeMethodAccessorImpl.java:62)
	at sun.reflect.DelegatingMethodAccessorImpl.invoke(DelegatingMethodAccessorImpl.java:43)
	at java.lang.reflect.Method.invoke(Method.java:498)
	at org.junit.runners.model.FrameworkMethod$1.runReflectiveCall(FrameworkMethod.java:45)
	at org.junit.internal.runners.model.ReflectiveCallable.run(ReflectiveCallable.java:15)
	at org.junit.runners.model.FrameworkMethod.invokeExplosively(FrameworkMethod.java:42)
	at org.junit.internal.runners.statements.InvokeMethod.evaluate(InvokeMethod.java:20)
	at org.junit.internal.runners.statements.RunBefores.evaluate(RunBefores.java:28)
	at org.junit.internal.runners.statements.RunAfters.evaluate(RunAfters.java:30)
	at org.junit.runners.ParentRunner.runLeaf(ParentRunner.java:263)
	at org.junit.runners.BlockJUnit4ClassRunner.runChild(BlockJUnit4ClassRunner.java:68)
	at org.junit.runners.BlockJUnit4ClassRunner.runChild(BlockJUnit4ClassRunner.java:47)
	at org.junit.runners.ParentRunner$3.run(ParentRunner.java:231)
	at org.junit.runners.ParentRunner$1.schedule(ParentRunner.java:60)
	at org.junit.runners.ParentRunner.runChildren(ParentRunner.java:229)
	at org.junit.runners.ParentRunner.access$000(ParentRunner.java:50)
	at org.junit.runners.ParentRunner$2.evaluate(ParentRunner.java:222)
	at org.junit.internal.runners.statements.RunBefores.evaluate(RunBefores.java:28)
	at org.junit.internal.runners.statements.RunAfters.evaluate(RunAfters.java:30)
	at org.junit.runners.ParentRunner.run(ParentRunner.java:300)
	at org.junit.runners.Suite.runChild(Suite.java:128)
	at org.junit.runners.Suite.runChild(Suite.java:24)
	at org.junit.runners.ParentRunner$3.run(ParentRunner.java:231)
	at org.junit.runners.ParentRunner$1.schedule(ParentRunner.java:60)
	at org.junit.runners.ParentRunner.runChildren(ParentRunner.java:229)
	at org.junit.runners.ParentRunner.access$000(ParentRunner.java:50)
	at org.junit.runners.ParentRunner$2.evaluate(ParentRunner.java:222)
	at org.junit.runners.ParentRunner.run(ParentRunner.java:300)
	at org.junit.runner.JUnitCore.run(JUnitCore.java:157)
	at org.junit.runner.JUnitCore.run(JUnitCore.java:136)
	at edu.illinois.cs.testrunner.execution.JUnitTestExecutor.execute(JUnitTestExecutor.java:251)
	at edu.illinois.cs.testrunner.execution.JUnitTestExecutor.executeWithJUnit4Runner(JUnitTestExecutor.java:319)
	at edu.illinois.cs.testrunner.execution.JUnitTestExecutor.runOrder(JUnitTestExecutor.java:49)
	at edu.illinois.cs.testrunner.execution.Executor$.$anonfun$run$1(Executor.scala:30)
	at scala.runtime.java8.JFunction0$mcV$sp.apply(JFunction0$mcV$sp.java:12)
	at scala.util.Try$.apply(Try.scala:209)
	at edu.illinois.cs.testrunner.execution.Executor$.run(Executor.scala:28)
	at edu.illinois.cs.testrunner.execution.Executor$.main(Executor.scala:18)
	at edu.illinois.cs.testrunner.execution.Executor.main(Executor.scala)
*************MMAJID testFinished
MMAJIDRun: 272652for com.github.kevinsawicki.http.HttpRequestTest.headWithMappedQueryParams info: headWithMappedQueryParams(com.github.kevinsawicki.http.HttpRequestTest)
*************MMAJID testStarted
*************MMAJID testFinished
MMAJIDRun: 80641for com.github.kevinsawicki.http.HttpRequestTest.emptyHeaders info: emptyHeaders(com.github.kevinsawicki.http.HttpRequestTest)
*************MMAJID testStarted
*************MMAJID testFinished
MMAJIDRun: 96436for com.github.kevinsawicki.http.HttpRequestTest.postFormEntryWithNullValue info: postFormEntryWithNullValue(com.github.kevinsawicki.http.HttpRequestTest)
*************MMAJID testStarted
*************MMAJID testFinished
MMAJIDRun: 96790for com.github.kevinsawicki.http.HttpRequestTest.numberHeader info: numberHeader(com.github.kevinsawicki.http.HttpRequestTest)
*************MMAJID testStarted
*************MMAJID testFinished
MMAJIDRun: 81825for com.github.kevinsawicki.http.HttpRequestTest.eTagHeader info: eTagHeader(com.github.kevinsawicki.http.HttpRequestTest)
*************MMAJID testStarted
*************MMAJID testFinished
MMAJIDRun: 119021for com.github.kevinsawicki.http.HttpRequestTest.postForm info: postForm(com.github.kevinsawicki.http.HttpRequestTest)
*************MMAJID testStarted
*************MMAJID testFinished
MMAJIDRun: 16648for com.github.kevinsawicki.http.HttpRequestTest.appendEmptyVarargsQueryParams info: appendEmptyVarargsQueryParams(com.github.kevinsawicki.http.HttpRequestTest)
*************MMAJID testStarted
*************MMAJID testFinished
MMAJIDRun: 89456for com.github.kevinsawicki.http.HttpRequestTest.getReader info: getReader(com.github.kevinsawicki.http.HttpRequestTest)
*************MMAJID testStarted
*************MMAJID testFinished
MMAJIDRun: 102830for com.github.kevinsawicki.http.HttpRequestTest.headers info: headers(com.github.kevinsawicki.http.HttpRequestTest)
*************MMAJID testStarted
*************MMAJID testFailure
java.lang.AssertionError: expected:<user> but was:<null>
	at org.junit.Assert.fail(Assert.java:93)
	at org.junit.Assert.failNotEquals(Assert.java:647)
	at org.junit.Assert.assertEquals(Assert.java:128)
	at org.junit.Assert.assertEquals(Assert.java:147)
	at com.github.kevinsawicki.http.HttpRequestTest.putWithVarargsQueryParams(HttpRequestTest.java:2859)
	at sun.reflect.NativeMethodAccessorImpl.invoke0(Native Method)
	at sun.reflect.NativeMethodAccessorImpl.invoke(NativeMethodAccessorImpl.java:62)
	at sun.reflect.DelegatingMethodAccessorImpl.invoke(DelegatingMethodAccessorImpl.java:43)
	at java.lang.reflect.Method.invoke(Method.java:498)
	at org.junit.runners.model.FrameworkMethod$1.runReflectiveCall(FrameworkMethod.java:45)
	at org.junit.internal.runners.model.ReflectiveCallable.run(ReflectiveCallable.java:15)
	at org.junit.runners.model.FrameworkMethod.invokeExplosively(FrameworkMethod.java:42)
	at org.junit.internal.runners.statements.InvokeMethod.evaluate(InvokeMethod.java:20)
	at org.junit.internal.runners.statements.RunBefores.evaluate(RunBefores.java:28)
	at org.junit.internal.runners.statements.RunAfters.evaluate(RunAfters.java:30)
	at org.junit.runners.ParentRunner.runLeaf(ParentRunner.java:263)
	at org.junit.runners.BlockJUnit4ClassRunner.runChild(BlockJUnit4ClassRunner.java:68)
	at org.junit.runners.BlockJUnit4ClassRunner.runChild(BlockJUnit4ClassRunner.java:47)
	at org.junit.runners.ParentRunner$3.run(ParentRunner.java:231)
	at org.junit.runners.ParentRunner$1.schedule(ParentRunner.java:60)
	at org.junit.runners.ParentRunner.runChildren(ParentRunner.java:229)
	at org.junit.runners.ParentRunner.access$000(ParentRunner.java:50)
	at org.junit.runners.ParentRunner$2.evaluate(ParentRunner.java:222)
	at org.junit.internal.runners.statements.RunBefores.evaluate(RunBefores.java:28)
	at org.junit.internal.runners.statements.RunAfters.evaluate(RunAfters.java:30)
	at org.junit.runners.ParentRunner.run(ParentRunner.java:300)
	at org.junit.runners.Suite.runChild(Suite.java:128)
	at org.junit.runners.Suite.runChild(Suite.java:24)
	at org.junit.runners.ParentRunner$3.run(ParentRunner.java:231)
	at org.junit.runners.ParentRunner$1.schedule(ParentRunner.java:60)
	at org.junit.runners.ParentRunner.runChildren(ParentRunner.java:229)
	at org.junit.runners.ParentRunner.access$000(ParentRunner.java:50)
	at org.junit.runners.ParentRunner$2.evaluate(ParentRunner.java:222)
	at org.junit.runners.ParentRunner.run(ParentRunner.java:300)
	at org.junit.runner.JUnitCore.run(JUnitCore.java:157)
	at org.junit.runner.JUnitCore.run(JUnitCore.java:136)
	at edu.illinois.cs.testrunner.execution.JUnitTestExecutor.execute(JUnitTestExecutor.java:251)
	at edu.illinois.cs.testrunner.execution.JUnitTestExecutor.executeWithJUnit4Runner(JUnitTestExecutor.java:319)
	at edu.illinois.cs.testrunner.execution.JUnitTestExecutor.runOrder(JUnitTestExecutor.java:49)
	at edu.illinois.cs.testrunner.execution.Executor$.$anonfun$run$1(Executor.scala:30)
	at scala.runtime.java8.JFunction0$mcV$sp.apply(JFunction0$mcV$sp.java:12)
	at scala.util.Try$.apply(Try.scala:209)
*************MMAJID testFinished
MMAJIDRun: 266153for com.github.kevinsawicki.http.HttpRequestTest.putWithVarargsQueryParams info: putWithVarargsQueryParams(com.github.kevinsawicki.http.HttpRequestTest)
*************MMAJID testStarted
	at edu.illinois.cs.testrunner.execution.Executor$.run(Executor.scala:28)
	at edu.illinois.cs.testrunner.execution.Executor$.main(Executor.scala:18)
	at edu.illinois.cs.testrunner.execution.Executor.main(Executor.scala)
*************MMAJID testFinished
MMAJIDRun: 117843for com.github.kevinsawicki.http.HttpRequestTest.postNonEmptyFile info: postNonEmptyFile(com.github.kevinsawicki.http.HttpRequestTest)
*************MMAJID testStarted
*************MMAJID testFinished
MMAJIDRun: 105503for com.github.kevinsawicki.http.HttpRequestTest.malformedIntHeader info: malformedIntHeader(com.github.kevinsawicki.http.HttpRequestTest)
*************MMAJID testStarted
*************MMAJID testFailure
java.lang.AssertionError: expected:<us er> but was:<null>
	at org.junit.Assert.fail(Assert.java:93)
	at org.junit.Assert.failNotEquals(Assert.java:647)
	at org.junit.Assert.assertEquals(Assert.java:128)
	at org.junit.Assert.assertEquals(Assert.java:147)
	at com.github.kevinsawicki.http.HttpRequestTest.headWithEscapedMappedQueryParams(HttpRequestTest.java:2998)
	at sun.reflect.NativeMethodAccessorImpl.invoke0(Native Method)
	at sun.reflect.NativeMethodAccessorImpl.invoke(NativeMethodAccessorImpl.java:62)
	at sun.reflect.DelegatingMethodAccessorImpl.invoke(DelegatingMethodAccessorImpl.java:43)
	at java.lang.reflect.Method.invoke(Method.java:498)
	at org.junit.runners.model.FrameworkMethod$1.runReflectiveCall(FrameworkMethod.java:45)
	at org.junit.internal.runners.model.ReflectiveCallable.run(ReflectiveCallable.java:15)
	at org.junit.runners.model.FrameworkMethod.invokeExplosively(FrameworkMethod.java:42)
	at org.junit.internal.runners.statements.InvokeMethod.evaluate(InvokeMethod.java:20)
	at org.junit.internal.runners.statements.RunBefores.evaluate(RunBefores.java:28)
	at org.junit.internal.runners.statements.RunAfters.evaluate(RunAfters.java:30)
	at org.junit.runners.ParentRunner.runLeaf(ParentRunner.java:263)
	at org.junit.runners.BlockJUnit4ClassRunner.runChild(BlockJUnit4ClassRunner.java:68)
	at org.junit.runners.BlockJUnit4ClassRunner.runChild(BlockJUnit4ClassRunner.java:47)
	at org.junit.runners.ParentRunner$3.run(ParentRunner.java:231)
	at org.junit.runners.ParentRunner$1.schedule(ParentRunner.java:60)
	at org.junit.runners.ParentRunner.runChildren(ParentRunner.java:229)
	at org.junit.runners.ParentRunner.access$000(ParentRunner.java:50)
	at org.junit.runners.ParentRunner$2.evaluate(ParentRunner.java:222)
	at org.junit.internal.runners.statements.RunBefores.evaluate(RunBefores.java:28)
	at org.junit.internal.runners.statements.RunAfters.evaluate(RunAfters.java:30)
	at org.junit.runners.ParentRunner.run(ParentRunner.java:300)
	at org.junit.runners.Suite.runChild(Suite.java:128)
	at org.junit.runners.Suite.runChild(Suite.java:24)
	at org.junit.runners.ParentRunner$3.run(ParentRunner.java:231)
	at org.junit.runners.ParentRunner$1.schedule(ParentRunner.java:60)
	at org.junit.runners.ParentRunner.runChildren(ParentRunner.java:229)
	at org.junit.runners.ParentRunner.access$000(ParentRunner.java:50)
	at org.junit.runners.ParentRunner$2.evaluate(ParentRunner.java:222)
	at org.junit.runners.ParentRunner.run(ParentRunner.java:300)
	at org.junit.runner.JUnitCore.run(JUnitCore.java:157)
	at org.junit.runner.JUnitCore.run(JUnitCore.java:136)
	at edu.illinois.cs.testrunner.execution.JUnitTestExecutor.execute(JUnitTestExecutor.java:251)
	at edu.illinois.cs.testrunner.execution.JUnitTestExecutor.executeWithJUnit4Runner(JUnitTestExecutor.java:319)
*************MMAJID testFinished
	at edu.illinois.cs.testrunner.execution.JUnitTestExecutor.runOrder(JUnitTestExecutor.java:49)
	at edu.illinois.cs.testrunner.execution.Executor$.$anonfun$run$1(Executor.scala:30)
	at scala.runtime.java8.JFunction0$mcV$sp.apply(JFunction0$mcV$sp.java:12)
	at scala.util.Try$.apply(Try.scala:209)
MMAJIDRun: 295184for com.github.kevinsawicki.http.HttpRequestTest.headWithEscapedMappedQueryParams info: headWithEscapedMappedQueryParams(com.github.kevinsawicki.http.HttpRequestTest)
	at edu.illinois.cs.testrunner.execution.Executor$.run(Executor.scala:28)
	at edu.illinois.cs.testrunner.execution.Executor$.main(Executor.scala:18)
	at edu.illinois.cs.testrunner.execution.Executor.main(Executor.scala)
*************MMAJID testStarted
*************MMAJID testFinished
MMAJIDRun: 205031for com.github.kevinsawicki.http.HttpRequestTest.uploadProgressSend info: uploadProgressSend(com.github.kevinsawicki.http.HttpRequestTest)
*************MMAJID testStarted
*************MMAJID testFinished
MMAJIDRun: 116346for com.github.kevinsawicki.http.HttpRequestTest.postNonEmptyReader info: postNonEmptyReader(com.github.kevinsawicki.http.HttpRequestTest)
*************MMAJID testStarted
*************MMAJID testFinished
MMAJIDRun: 90944for com.github.kevinsawicki.http.HttpRequestTest.traceEmpty info: traceEmpty(com.github.kevinsawicki.http.HttpRequestTest)
*************MMAJID testStarted
*************MMAJID testFinished
MMAJIDRun: 101539for com.github.kevinsawicki.http.HttpRequestTest.postNonEmptyString info: postNonEmptyString(com.github.kevinsawicki.http.HttpRequestTest)
*************MMAJID testStarted
*************MMAJID testFinished
MMAJIDRun: 38980for com.github.kevinsawicki.http.HttpRequestTest.malformedStringUrl info: malformedStringUrl(com.github.kevinsawicki.http.HttpRequestTest)
*************MMAJID testStarted
*************MMAJID testFailure
java.lang.AssertionError: expected:<us er> but was:<null>
	at org.junit.Assert.fail(Assert.java:93)
	at org.junit.Assert.failNotEquals(Assert.java:647)
	at org.junit.Assert.assertEquals(Assert.java:128)
	at org.junit.Assert.assertEquals(Assert.java:147)
	at com.github.kevinsawicki.http.HttpRequestTest.postWithEscapedVarargsQueryParams(HttpRequestTest.java:2555)
	at sun.reflect.NativeMethodAccessorImpl.invoke0(Native Method)
	at sun.reflect.NativeMethodAccessorImpl.invoke(NativeMethodAccessorImpl.java:62)
	at sun.reflect.DelegatingMethodAccessorImpl.invoke(DelegatingMethodAccessorImpl.java:43)
	at java.lang.reflect.Method.invoke(Method.java:498)
	at org.junit.runners.model.FrameworkMethod$1.runReflectiveCall(FrameworkMethod.java:45)
	at org.junit.internal.runners.model.ReflectiveCallable.run(ReflectiveCallable.java:15)
	at org.junit.runners.model.FrameworkMethod.invokeExplosively(FrameworkMethod.java:42)
	at org.junit.internal.runners.statements.InvokeMethod.evaluate(InvokeMethod.java:20)
	at org.junit.internal.runners.statements.RunBefores.evaluate(RunBefores.java:28)
	at org.junit.internal.runners.statements.RunAfters.evaluate(RunAfters.java:30)
	at org.junit.runners.ParentRunner.runLeaf(ParentRunner.java:263)
	at org.junit.runners.BlockJUnit4ClassRunner.runChild(BlockJUnit4ClassRunner.java:68)
	at org.junit.runners.BlockJUnit4ClassRunner.runChild(BlockJUnit4ClassRunner.java:47)
	at org.junit.runners.ParentRunner$3.run(ParentRunner.java:231)
	at org.junit.runners.ParentRunner$1.schedule(ParentRunner.java:60)
	at org.junit.runners.ParentRunner.runChildren(ParentRunner.java:229)
	at org.junit.runners.ParentRunner.access$000(ParentRunner.java:50)
	at org.junit.runners.ParentRunner$2.evaluate(ParentRunner.java:222)
	at org.junit.internal.runners.statements.RunBefores.evaluate(RunBefores.java:28)
	at org.junit.internal.runners.statements.RunAfters.evaluate(RunAfters.java:30)
	at org.junit.runners.ParentRunner.run(ParentRunner.java:300)
	at org.junit.runners.Suite.runChild(Suite.java:128)
	at org.junit.runners.Suite.runChild(Suite.java:24)
	at org.junit.runners.ParentRunner$3.run(ParentRunner.java:231)
	at org.junit.runners.ParentRunner$1.schedule(ParentRunner.java:60)
	at org.junit.runners.ParentRunner.runChildren(ParentRunner.java:229)
	at org.junit.runners.ParentRunner.access$000(ParentRunner.java:50)
	at org.junit.runners.ParentRunner$2.evaluate(ParentRunner.java:222)
	at org.junit.runners.ParentRunner.run(ParentRunner.java:300)
	at org.junit.runner.JUnitCore.run(JUnitCore.java:157)
	at org.junit.runner.JUnitCore.run(JUnitCore.java:136)
	at edu.illinois.cs.testrunner.execution.JUnitTestExecutor.execute(JUnitTestExecutor.java:251)
	at edu.illinois.cs.testrunner.execution.JUnitTestExecutor.executeWithJUnit4Runner(JUnitTestExecutor.java:319)
	at edu.illinois.cs.testrunner.execution.JUnitTestExecutor.runOrder(JUnitTestExecutor.java:49)
	at edu.illinois.cs.testrunner.execution.Executor$.$anonfun$run$1(Executor.scala:30)
	at scala.runtime.java8.JFunction0$mcV$sp.apply(JFunction0$mcV$sp.java:12)
	at scala.util.Try$.apply(Try.scala:209)
	at edu.illinois.cs.testrunner.execution.Executor$.run(Executor.scala:28)
*************MMAJID testFinished
	at edu.illinois.cs.testrunner.execution.Executor$.main(Executor.scala:18)
	at edu.illinois.cs.testrunner.execution.Executor.main(Executor.scala)
MMAJIDRun: 289433for com.github.kevinsawicki.http.HttpRequestTest.postWithEscapedVarargsQueryParams info: postWithEscapedVarargsQueryParams(com.github.kevinsawicki.http.HttpRequestTest)
*************MMAJID testStarted
*************MMAJID testFinished
MMAJIDRun: 89708for com.github.kevinsawicki.http.HttpRequestTest.missingDateHeader info: missingDateHeader(com.github.kevinsawicki.http.HttpRequestTest)
*************MMAJID testStarted
*************MMAJID testFinished
MMAJIDRun: 184365for com.github.kevinsawicki.http.HttpRequestTest.uploadProgressSendInputStream info: uploadProgressSendInputStream(com.github.kevinsawicki.http.HttpRequestTest)
*************MMAJID testStarted
*************MMAJID testFinished
MMAJIDRun: 98318for com.github.kevinsawicki.http.HttpRequestTest.getUrlEmpty info: getUrlEmpty(com.github.kevinsawicki.http.HttpRequestTest)
*************MMAJID testStarted
*************MMAJID testFinished
MMAJIDRun: 89042for com.github.kevinsawicki.http.HttpRequestTest.requestContentTypeEmptyCharset info: requestContentTypeEmptyCharset(com.github.kevinsawicki.http.HttpRequestTest)
*************MMAJID testStarted
*************MMAJID testFinished
MMAJIDRun: 16626for com.github.kevinsawicki.http.HttpRequestTest.appendNullVaragsQueryParams info: appendNullVaragsQueryParams(com.github.kevinsawicki.http.HttpRequestTest)
*************MMAJID testStarted
*************MMAJID testFinished
MMAJIDRun: 93557for com.github.kevinsawicki.http.HttpRequestTest.lastModifiedHeader info: lastModifiedHeader(com.github.kevinsawicki.http.HttpRequestTest)
*************MMAJID testStarted
*************MMAJID testFinished
MMAJIDRun: 104052for com.github.kevinsawicki.http.HttpRequestTest.sendReceiveWithoutCode info: sendReceiveWithoutCode(com.github.kevinsawicki.http.HttpRequestTest)
*************MMAJID testStarted
*************MMAJID testFailure
java.lang.ClassCastException: sun.net.www.protocol.http.HttpURLConnection cannot be cast to javax.net.ssl.HttpsURLConnection
	at com.github.kevinsawicki.http.HttpRequestTest.verifierAccepts(HttpRequestTest.java:1797)
	at sun.reflect.NativeMethodAccessorImpl.invoke0(Native Method)
	at sun.reflect.NativeMethodAccessorImpl.invoke(NativeMethodAccessorImpl.java:62)
	at sun.reflect.DelegatingMethodAccessorImpl.invoke(DelegatingMethodAccessorImpl.java:43)
	at java.lang.reflect.Method.invoke(Method.java:498)
	at org.junit.runners.model.FrameworkMethod$1.runReflectiveCall(FrameworkMethod.java:45)
	at org.junit.internal.runners.model.ReflectiveCallable.run(ReflectiveCallable.java:15)
	at org.junit.runners.model.FrameworkMethod.invokeExplosively(FrameworkMethod.java:42)
	at org.junit.internal.runners.statements.InvokeMethod.evaluate(InvokeMethod.java:20)
	at org.junit.internal.runners.statements.RunBefores.evaluate(RunBefores.java:28)
	at org.junit.internal.runners.statements.RunAfters.evaluate(RunAfters.java:30)
	at org.junit.runners.ParentRunner.runLeaf(ParentRunner.java:263)
	at org.junit.runners.BlockJUnit4ClassRunner.runChild(BlockJUnit4ClassRunner.java:68)
	at org.junit.runners.BlockJUnit4ClassRunner.runChild(BlockJUnit4ClassRunner.java:47)
	at org.junit.runners.ParentRunner$3.run(ParentRunner.java:231)
	at org.junit.runners.ParentRunner$1.schedule(ParentRunner.java:60)
	at org.junit.runners.ParentRunner.runChildren(ParentRunner.java:229)
	at org.junit.runners.ParentRunner.access$000(ParentRunner.java:50)
	at org.junit.runners.ParentRunner$2.evaluate(ParentRunner.java:222)
	at org.junit.internal.runners.statements.RunBefores.evaluate(RunBefores.java:28)
	at org.junit.internal.runners.statements.RunAfters.evaluate(RunAfters.java:30)
	at org.junit.runners.ParentRunner.run(ParentRunner.java:300)
	at org.junit.runners.Suite.runChild(Suite.java:128)
	at org.junit.runners.Suite.runChild(Suite.java:24)
	at org.junit.runners.ParentRunner$3.run(ParentRunner.java:231)
	at org.junit.runners.ParentRunner$1.schedule(ParentRunner.java:60)
	at org.junit.runners.ParentRunner.runChildren(ParentRunner.java:229)
	at org.junit.runners.ParentRunner.access$000(ParentRunner.java:50)
	at org.junit.runners.ParentRunner$2.evaluate(ParentRunner.java:222)
	at org.junit.runners.ParentRunner.run(ParentRunner.java:300)
	at org.junit.runner.JUnitCore.run(JUnitCore.java:157)
	at org.junit.runner.JUnitCore.run(JUnitCore.java:136)
	at edu.illinois.cs.testrunner.execution.JUnitTestExecutor.execute(JUnitTestExecutor.java:251)
	at edu.illinois.cs.testrunner.execution.JUnitTestExecutor.executeWithJUnit4Runner(JUnitTestExecutor.java:319)
	at edu.illinois.cs.testrunner.execution.JUnitTestExecutor.runOrder(JUnitTestExecutor.java:49)
	at edu.illinois.cs.testrunner.execution.Executor$.$anonfun$run$1(Executor.scala:30)
	at scala.runtime.java8.JFunction0$mcV$sp.apply(JFunction0$mcV$sp.java:12)
	at scala.util.Try$.apply(Try.scala:209)
	at edu.illinois.cs.testrunner.execution.Executor$.run(Executor.scala:28)
	at edu.illinois.cs.testrunner.execution.Executor$.main(Executor.scala:18)
	at edu.illinois.cs.testrunner.execution.Executor.main(Executor.scala)
*************MMAJID testFinished
MMAJIDRun: 184435for com.github.kevinsawicki.http.HttpRequestTest.verifierAccepts info: verifierAccepts(com.github.kevinsawicki.http.HttpRequestTest)
*************MMAJID testStarted
*************MMAJID testFailure
java.lang.AssertionError: expected:<us er> but was:<null>
	at org.junit.Assert.fail(Assert.java:93)
	at org.junit.Assert.failNotEquals(Assert.java:647)
	at org.junit.Assert.assertEquals(Assert.java:128)
	at org.junit.Assert.assertEquals(Assert.java:147)
	at com.github.kevinsawicki.http.HttpRequestTest.deleteWithEscapedVarargsQueryParams(HttpRequestTest.java:2804)
	at sun.reflect.NativeMethodAccessorImpl.invoke0(Native Method)
	at sun.reflect.NativeMethodAccessorImpl.invoke(NativeMethodAccessorImpl.java:62)
	at sun.reflect.DelegatingMethodAccessorImpl.invoke(DelegatingMethodAccessorImpl.java:43)
	at java.lang.reflect.Method.invoke(Method.java:498)
	at org.junit.runners.model.FrameworkMethod$1.runReflectiveCall(FrameworkMethod.java:45)
	at org.junit.internal.runners.model.ReflectiveCallable.run(ReflectiveCallable.java:15)
	at org.junit.runners.model.FrameworkMethod.invokeExplosively(FrameworkMethod.java:42)
	at org.junit.internal.runners.statements.InvokeMethod.evaluate(InvokeMethod.java:20)
	at org.junit.internal.runners.statements.RunBefores.evaluate(RunBefores.java:28)
	at org.junit.internal.runners.statements.RunAfters.evaluate(RunAfters.java:30)
	at org.junit.runners.ParentRunner.runLeaf(ParentRunner.java:263)
	at org.junit.runners.BlockJUnit4ClassRunner.runChild(BlockJUnit4ClassRunner.java:68)
	at org.junit.runners.BlockJUnit4ClassRunner.runChild(BlockJUnit4ClassRunner.java:47)
	at org.junit.runners.ParentRunner$3.run(ParentRunner.java:231)
	at org.junit.runners.ParentRunner$1.schedule(ParentRunner.java:60)
	at org.junit.runners.ParentRunner.runChildren(ParentRunner.java:229)
	at org.junit.runners.ParentRunner.access$000(ParentRunner.java:50)
	at org.junit.runners.ParentRunner$2.evaluate(ParentRunner.java:222)
	at org.junit.internal.runners.statements.RunBefores.evaluate(RunBefores.java:28)
	at org.junit.internal.runners.statements.RunAfters.evaluate(RunAfters.java:30)
	at org.junit.runners.ParentRunner.run(ParentRunner.java:300)
	at org.junit.runners.Suite.runChild(Suite.java:128)
	at org.junit.runners.Suite.runChild(Suite.java:24)
	at org.junit.runners.ParentRunner$3.run(ParentRunner.java:231)
	at org.junit.runners.ParentRunner$1.schedule(ParentRunner.java:60)
	at org.junit.runners.ParentRunner.runChildren(ParentRunner.java:229)
	at org.junit.runners.ParentRunner.access$000(ParentRunner.java:50)
	at org.junit.runners.ParentRunner$2.evaluate(ParentRunner.java:222)
	at org.junit.runners.ParentRunner.run(ParentRunner.java:300)
	at org.junit.runner.JUnitCore.run(JUnitCore.java:157)
	at org.junit.runner.JUnitCore.run(JUnitCore.java:136)
	at edu.illinois.cs.testrunner.execution.JUnitTestExecutor.execute(JUnitTestExecutor.java:251)
	at edu.illinois.cs.testrunner.execution.JUnitTestExecutor.executeWithJUnit4Runner(JUnitTestExecutor.java:319)
	at edu.illinois.cs.testrunner.execution.JUnitTestExecutor.runOrder(JUnitTestExecutor.java:49)
	at edu.illinois.cs.testrunner.execution.Executor$.$anonfun$run$1(Executor.scala:30)
	at scala.runtime.java8.JFunction0$mcV$sp.apply(JFunction0$mcV$sp.java:12)
	at scala.util.Try$.apply(Try.scala:209)
	at edu.illinois.cs.testrunner.execution.Executor$.run(Executor.scala:28)
	at edu.illinois.cs.testrunner.execution.Executor$.main(Executor.scala:18)
	at edu.illinois.cs.testrunner.execution.Executor.main(Executor.scala)
*************MMAJID testFinished
MMAJIDRun: 291879for com.github.kevinsawicki.http.HttpRequestTest.deleteWithEscapedVarargsQueryParams info: deleteWithEscapedVarargsQueryParams(com.github.kevinsawicki.http.HttpRequestTest)
*************MMAJID testStarted
*************MMAJID testFinished
MMAJIDRun: 89333for com.github.kevinsawicki.http.HttpRequestTest.deleteUrlEmpty info: deleteUrlEmpty(com.github.kevinsawicki.http.HttpRequestTest)
*************MMAJID testStarted
*************MMAJID testFinished
MMAJIDRun: 83904for com.github.kevinsawicki.http.HttpRequestTest.getEmptyParameters info: getEmptyParameters(com.github.kevinsawicki.http.HttpRequestTest)
*************MMAJID testStarted
*************MMAJID testFailure
org.junit.ComparisonFailure: expected:</[%]> but was:</[]>
	at org.junit.Assert.assertEquals(Assert.java:125)
	at org.junit.Assert.assertEquals(Assert.java:147)
	at com.github.kevinsawicki.http.HttpRequestTest.getUrlEncodedWithPercent(HttpRequestTest.java:329)
	at sun.reflect.NativeMethodAccessorImpl.invoke0(Native Method)
	at sun.reflect.NativeMethodAccessorImpl.invoke(NativeMethodAccessorImpl.java:62)
	at sun.reflect.DelegatingMethodAccessorImpl.invoke(DelegatingMethodAccessorImpl.java:43)
	at java.lang.reflect.Method.invoke(Method.java:498)
	at org.junit.runners.model.FrameworkMethod$1.runReflectiveCall(FrameworkMethod.java:45)
	at org.junit.internal.runners.model.ReflectiveCallable.run(ReflectiveCallable.java:15)
	at org.junit.runners.model.FrameworkMethod.invokeExplosively(FrameworkMethod.java:42)
	at org.junit.internal.runners.statements.InvokeMethod.evaluate(InvokeMethod.java:20)
	at org.junit.internal.runners.statements.RunBefores.evaluate(RunBefores.java:28)
	at org.junit.internal.runners.statements.RunAfters.evaluate(RunAfters.java:30)
	at org.junit.runners.ParentRunner.runLeaf(ParentRunner.java:263)
	at org.junit.runners.BlockJUnit4ClassRunner.runChild(BlockJUnit4ClassRunner.java:68)
	at org.junit.runners.BlockJUnit4ClassRunner.runChild(BlockJUnit4ClassRunner.java:47)
	at org.junit.runners.ParentRunner$3.run(ParentRunner.java:231)
	at org.junit.runners.ParentRunner$1.schedule(ParentRunner.java:60)
	at org.junit.runners.ParentRunner.runChildren(ParentRunner.java:229)
	at org.junit.runners.ParentRunner.access$000(ParentRunner.java:50)
	at org.junit.runners.ParentRunner$2.evaluate(ParentRunner.java:222)
	at org.junit.internal.runners.statements.RunBefores.evaluate(RunBefores.java:28)
	at org.junit.internal.runners.statements.RunAfters.evaluate(RunAfters.java:30)
	at org.junit.runners.ParentRunner.run(ParentRunner.java:300)
	at org.junit.runners.Suite.runChild(Suite.java:128)
	at org.junit.runners.Suite.runChild(Suite.java:24)
	at org.junit.runners.ParentRunner$3.run(ParentRunner.java:231)
	at org.junit.runners.ParentRunner$1.schedule(ParentRunner.java:60)
	at org.junit.runners.ParentRunner.runChildren(ParentRunner.java:229)
	at org.junit.runners.ParentRunner.access$000(ParentRunner.java:50)
	at org.junit.runners.ParentRunner$2.evaluate(ParentRunner.java:222)
	at org.junit.runners.ParentRunner.run(ParentRunner.java:300)
	at org.junit.runner.JUnitCore.run(JUnitCore.java:157)
	at org.junit.runner.JUnitCore.run(JUnitCore.java:136)
	at edu.illinois.cs.testrunner.execution.JUnitTestExecutor.execute(JUnitTestExecutor.java:251)
	at edu.illinois.cs.testrunner.execution.JUnitTestExecutor.executeWithJUnit4Runner(JUnitTestExecutor.java:319)
*************MMAJID testFinished
	at edu.illinois.cs.testrunner.execution.JUnitTestExecutor.runOrder(JUnitTestExecutor.java:49)
	at edu.illinois.cs.testrunner.execution.Executor$.$anonfun$run$1(Executor.scala:30)
	at scala.runtime.java8.JFunction0$mcV$sp.apply(JFunction0$mcV$sp.java:12)
	at scala.util.Try$.apply(Try.scala:209)
	at edu.illinois.cs.testrunner.execution.Executor$.run(Executor.scala:28)
	at edu.illinois.cs.testrunner.execution.Executor$.main(Executor.scala:18)
	at edu.illinois.cs.testrunner.execution.Executor.main(Executor.scala)
MMAJIDRun: 525581for com.github.kevinsawicki.http.HttpRequestTest.getUrlEncodedWithPercent info: getUrlEncodedWithPercent(com.github.kevinsawicki.http.HttpRequestTest)
*************MMAJID testStarted
*************MMAJID testFinished
MMAJIDRun: 101458for com.github.kevinsawicki.http.HttpRequestTest.serverErrorCode info: serverErrorCode(com.github.kevinsawicki.http.HttpRequestTest)
*************MMAJID testStarted
*************MMAJID testFinished
MMAJIDRun: 18247for com.github.kevinsawicki.http.HttpRequestTest.appendMappedQueryParamsWithExistingQueryStart info: appendMappedQueryParamsWithExistingQueryStart(com.github.kevinsawicki.http.HttpRequestTest)
*************MMAJID testStarted
*************MMAJID testFinished
MMAJIDRun: 89590for com.github.kevinsawicki.http.HttpRequestTest.missingIntHeader info: missingIntHeader(com.github.kevinsawicki.http.HttpRequestTest)
*************MMAJID testStarted
*************MMAJID testFinished
MMAJIDRun: 100746for com.github.kevinsawicki.http.HttpRequestTest.expiresHeader info: expiresHeader(com.github.kevinsawicki.http.HttpRequestTest)
*************MMAJID testStarted
*************MMAJID testFinished
MMAJIDRun: 41957for com.github.kevinsawicki.http.HttpRequestTest.appendOddNumberOfParams info: appendOddNumberOfParams(com.github.kevinsawicki.http.HttpRequestTest)
*************MMAJID testStarted
*************MMAJID testFinished
MMAJIDRun: 80386for com.github.kevinsawicki.http.HttpRequestTest.nullConnectionFactory info: nullConnectionFactory(com.github.kevinsawicki.http.HttpRequestTest)
*************MMAJID testStarted
*************MMAJID testFinished
MMAJIDRun: 100988for com.github.kevinsawicki.http.HttpRequestTest.getNoContent info: getNoContent(com.github.kevinsawicki.http.HttpRequestTest)
*************MMAJID testStarted
*************MMAJID testFinished
MMAJIDRun: 258211for com.github.kevinsawicki.http.HttpRequestTest.getGzipped info: getGzipped(com.github.kevinsawicki.http.HttpRequestTest)
*************MMAJID testStarted
*************MMAJID testFinished
MMAJIDRun: 235750for com.github.kevinsawicki.http.HttpRequestTest.serverHeader info: serverHeader(com.github.kevinsawicki.http.HttpRequestTest)
*************MMAJID testStarted
*************MMAJID testFinished
MMAJIDRun: 91679for com.github.kevinsawicki.http.HttpRequestTest.getNonEmptyString info: getNonEmptyString(com.github.kevinsawicki.http.HttpRequestTest)
*************MMAJID testStarted
*************MMAJID testFinished
MMAJIDRun: 101043for com.github.kevinsawicki.http.HttpRequestTest.deleteWithMappedQueryParams info: deleteWithMappedQueryParams(com.github.kevinsawicki.http.HttpRequestTest)
*************MMAJID testStarted
*************MMAJID testFinished
MMAJIDRun: 100015for com.github.kevinsawicki.http.HttpRequestTest.postWithVaragsQueryParams info: postWithVaragsQueryParams(com.github.kevinsawicki.http.HttpRequestTest)
*************MMAJID testStarted
*************MMAJID testFinished
MMAJIDRun: 195314for com.github.kevinsawicki.http.HttpRequestTest.receiveWriter info: receiveWriter(com.github.kevinsawicki.http.HttpRequestTest)
*************MMAJID testStarted
*************MMAJID testFinished
MMAJIDRun: 169356for com.github.kevinsawicki.http.HttpRequestTest.postMultipartWithContentType info: postMultipartWithContentType(com.github.kevinsawicki.http.HttpRequestTest)
*************MMAJID testStarted
*************MMAJID testFinished
MMAJIDRun: 85762for com.github.kevinsawicki.http.HttpRequestTest.acceptHeader info: acceptHeader(com.github.kevinsawicki.http.HttpRequestTest)
*************MMAJID testStarted
*************MMAJID testFinished
MMAJIDRun: 111860for com.github.kevinsawicki.http.HttpRequestTest.getUrlEncodedWithUnicode info: getUrlEncodedWithUnicode(com.github.kevinsawicki.http.HttpRequestTest)
*************MMAJID testStarted
*************MMAJID testFinished
MMAJIDRun: 84679for com.github.kevinsawicki.http.HttpRequestTest.postEmptyForm info: postEmptyForm(com.github.kevinsawicki.http.HttpRequestTest)
*************MMAJID testStarted
*************MMAJID testFinished
MMAJIDRun: 86638for com.github.kevinsawicki.http.HttpRequestTest.putEmpty info: putEmpty(com.github.kevinsawicki.http.HttpRequestTest)
*************MMAJID testStarted
*************MMAJID testFinished
MMAJIDRun: 91454for com.github.kevinsawicki.http.HttpRequestTest.getBufferedReader info: getBufferedReader(com.github.kevinsawicki.http.HttpRequestTest)
*************MMAJID testStarted
*************MMAJID testFinished
MMAJIDRun: 131090for com.github.kevinsawicki.http.HttpRequestTest.putWithEscapedMappedQueryParams info: putWithEscapedMappedQueryParams(com.github.kevinsawicki.http.HttpRequestTest)
*************MMAJID testStarted
*************MMAJID testFinished
MMAJIDRun: 118109for com.github.kevinsawicki.http.HttpRequestTest.httpsTrust info: httpsTrust(com.github.kevinsawicki.http.HttpRequestTest)
*************MMAJID testStarted
*************MMAJID testFinished
MMAJIDRun: 90312for com.github.kevinsawicki.http.HttpRequestTest.getToOutputBodyWithCharset info: getToOutputBodyWithCharset(com.github.kevinsawicki.http.HttpRequestTest)
*************MMAJID testStarted
*************MMAJID testFinished
MMAJIDRun: 100839for com.github.kevinsawicki.http.HttpRequestTest.getHeaders info: getHeaders(com.github.kevinsawicki.http.HttpRequestTest)
*************MMAJID testStarted
*************MMAJID testFinished
MMAJIDRun: 32058for com.github.kevinsawicki.http.HttpRequestTest.appendListQueryParams info: appendListQueryParams(com.github.kevinsawicki.http.HttpRequestTest)
*************MMAJID testStarted
*************MMAJID testFinished
MMAJIDRun: 98524for com.github.kevinsawicki.http.HttpRequestTest.getAllHeaders info: getAllHeaders(com.github.kevinsawicki.http.HttpRequestTest)
*************MMAJID testStarted
*************MMAJID testFinished
MMAJIDRun: 334457for com.github.kevinsawicki.http.HttpRequestTest.postMultipart info: postMultipart(com.github.kevinsawicki.http.HttpRequestTest)
*************MMAJID testStarted
*************MMAJID testFinished
MMAJIDRun: 85427for com.github.kevinsawicki.http.HttpRequestTest.getBytes info: getBytes(com.github.kevinsawicki.http.HttpRequestTest)
*************MMAJID testStarted
*************MMAJID testFinished
MMAJIDRun: 128931for com.github.kevinsawicki.http.HttpRequestTest.getEmpty info: getEmpty(com.github.kevinsawicki.http.HttpRequestTest)
*************MMAJID testStarted
*************MMAJID testFinished
MMAJIDRun: 169660for com.github.kevinsawicki.http.HttpRequestTest.getError info: getError(com.github.kevinsawicki.http.HttpRequestTest)
*************MMAJID testStarted
*************MMAJID testFinished
MMAJIDRun: 82454for com.github.kevinsawicki.http.HttpRequestTest.postEmpty info: postEmpty(com.github.kevinsawicki.http.HttpRequestTest)
*************MMAJID testStarted
*************MMAJID testFinished
MMAJIDRun: 34518for com.github.kevinsawicki.http.HttpRequestTest.negativeBufferSize info: negativeBufferSize(com.github.kevinsawicki.http.HttpRequestTest)
*************MMAJID testStarted
*************MMAJID testFinished
MMAJIDRun: 32128for com.github.kevinsawicki.http.HttpRequestTest.singleSslSocketFactory info: singleSslSocketFactory(com.github.kevinsawicki.http.HttpRequestTest)
*************MMAJID testStarted
*************MMAJID testFinished
MMAJIDRun: 274926for com.github.kevinsawicki.http.HttpRequestTest.chunkPost info: chunkPost(com.github.kevinsawicki.http.HttpRequestTest)
*************MMAJID testStarted
*************MMAJID testFinished
MMAJIDRun: 133785for com.github.kevinsawicki.http.HttpRequestTest.headWithEscapedVarargsQueryParams info: headWithEscapedVarargsQueryParams(com.github.kevinsawicki.http.HttpRequestTest)
*************MMAJID testStarted
*************MMAJID testFinished
MMAJIDRun: 109796for com.github.kevinsawicki.http.HttpRequestTest.noError info: noError(com.github.kevinsawicki.http.HttpRequestTest)
*************MMAJID testStarted
*************MMAJID testFinished
MMAJIDRun: 86273for com.github.kevinsawicki.http.HttpRequestTest.ifNoneMatchHeader info: ifNoneMatchHeader(com.github.kevinsawicki.http.HttpRequestTest)
*************MMAJID testStarted
*************MMAJID testFinished
MMAJIDRun: 101877for com.github.kevinsawicki.http.HttpRequestTest.putWithMappedQueryParams info: putWithMappedQueryParams(com.github.kevinsawicki.http.HttpRequestTest)
*************MMAJID testStarted
*************MMAJID testFinished
MMAJIDRun: 103828for com.github.kevinsawicki.http.HttpRequestTest.sendDateHeaderWithoutCode info: sendDateHeaderWithoutCode(com.github.kevinsawicki.http.HttpRequestTest)
*************MMAJID testStarted
*************MMAJID testFinished
MMAJIDRun: 99039for com.github.kevinsawicki.http.HttpRequestTest.badRequestCode info: badRequestCode(com.github.kevinsawicki.http.HttpRequestTest)
*************MMAJID runtimes
*************MMAJID runtimes
*************MMAJID runtimes
*************MMAJID runtimes
*************MMAJID runtimes
*************MMAJID runtimes
*************MMAJID runtimes
*************MMAJID runtimes
*************MMAJID runtimes
*************MMAJID runtimes
*************MMAJID runtimes
*************MMAJID runtimes
*************MMAJID runtimes
*************MMAJID runtimes
*************MMAJID runtimes
*************MMAJID runtimes
*************MMAJID runtimes
*************MMAJID runtimes
*************MMAJID runtimes
*************MMAJID ignored
*************MMAJID runtimes
*************MMAJID runtimes
*************MMAJID runtimes
*************MMAJID runtimes
*************MMAJID runtimes
*************MMAJID runtimes
*************MMAJID runtimes
*************MMAJID runtimes
*************MMAJID runtimes
*************MMAJID runtimes
*************MMAJID runtimes
*************MMAJID runtimes
*************MMAJID runtimes
*************MMAJID runtimes
*************MMAJID runtimes
*************MMAJID runtimes
*************MMAJID runtimes
*************MMAJID runtimes
*************MMAJID runtimes
*************MMAJID runtimes
*************MMAJID runtimes
*************MMAJID runtimes
*************MMAJID runtimes
*************MMAJID runtimes
*************MMAJID runtimes
*************MMAJID runtimes
*************MMAJID runtimes
*************MMAJID runtimes
*************MMAJID runtimes
*************MMAJID runtimes
*************MMAJID runtimes
*************MMAJID runtimes
*************MMAJID runtimes
*************MMAJID runtimes
*************MMAJID runtimes
*************MMAJID runtimes
*************MMAJID runtimes
*************MMAJID runtimes
*************MMAJID runtimes
*************MMAJID runtimes
*************MMAJID runtimes
*************MMAJID runtimes
*************MMAJID runtimes
*************MMAJID runtimes
*************MMAJID runtimes
*************MMAJID runtimes
*************MMAJID runtimes
*************MMAJID runtimes
*************MMAJID runtimes
*************MMAJID runtimes
*************MMAJID runtimes
*************MMAJID runtimes
*************MMAJID runtimes
*************MMAJID runtimes
*************MMAJID runtimes
*************MMAJID runtimes
*************MMAJID runtimes
*************MMAJID runtimes
*************MMAJID runtimes
*************MMAJID runtimes
*************MMAJID runtimes
*************MMAJID runtimes
*************MMAJID runtimes
*************MMAJID runtimes
*************MMAJID runtimes
*************MMAJID runtimes
*************MMAJID runtimes
*************MMAJID runtimes
*************MMAJID runtimes
*************MMAJID runtimes
*************MMAJID runtimes
*************MMAJID runtimes
*************MMAJID runtimes
*************MMAJID runtimes
*************MMAJID runtimes
*************MMAJID runtimes
*************MMAJID runtimes
*************MMAJID runtimes
*************MMAJID runtimes
*************MMAJID runtimes
*************MMAJID runtimes
*************MMAJID runtimes
*************MMAJID runtimes
*************MMAJID runtimes
*************MMAJID runtimes
*************MMAJID runtimes
*************MMAJID runtimes
*************MMAJID runtimes
*************MMAJID runtimes
*************MMAJID runtimes
*************MMAJID runtimes
*************MMAJID runtimes
*************MMAJID runtimes
*************MMAJID runtimes
*************MMAJID runtimes
*************MMAJID runtimes
*************MMAJID runtimes
*************MMAJID runtimes
*************MMAJID runtimes
*************MMAJID runtimes
*************MMAJID runtimes
*************MMAJID runtimes
*************MMAJID runtimes
*************MMAJID runtimes
*************MMAJID runtimes
*************MMAJID runtimes
*************MMAJID runtimes
*************MMAJID runtimes
*************MMAJID runtimes
*************MMAJID runtimes
*************MMAJID runtimes
*************MMAJID runtimes
*************MMAJID runtimes
*************MMAJID runtimes
*************MMAJID runtimes
*************MMAJID runtimes
*************MMAJID runtimes
*************MMAJID runtimes
*************MMAJID runtimes
*************MMAJID runtimes
*************MMAJID runtimes
*************MMAJID runtimes
*************MMAJID runtimes
*************MMAJID runtimes
*************MMAJID runtimes
*************MMAJID runtimes
*************MMAJID runtimes
*************MMAJID runtimes
*************MMAJID runtimes
*************MMAJID runtimes
*************MMAJID runtimes
*************MMAJID runtimes
*************MMAJID runtimes
*************MMAJID runtimes
*************MMAJID runtimes
*************MMAJID runtimes
*************MMAJID runtimes
*************MMAJID runtimes
*************MMAJID runtimes
*************MMAJID runtimes
*************MMAJID runtimes
*************MMAJID runtimes
*************MMAJID runtimes
*************MMAJID runtimes
*************MMAJID runtimes
*************MMAJID runtimes
*************MMAJID runtimes
*************MMAJID runtimes
*************MMAJID runtimes
*************MMAJID runtimes
*************MMAJID runtimes
*************MMAJID runtimes
*************MMAJID runtimes
*************MMAJID runtimes
*************MMAJID runtimes
*************MMAJID runtimes
*************MMAJID runtimes
*************MMAJID runtimes
*************MMAJID runtimes
*************MMAJID runtimes
*************MMAJID runtimes
*************MMAJID runtimes
*************MMAJID runtimes
*************MMAJID runtimes
*************MMAJID runtimes
*************MMAJID runtimes
*************MMAJID runtimes
*************MMAJID runtimes
*************MMAJID runtimes
*************MMAJID runtimes
*************MMAJID runtimes
*************MMAJID runtimes
*************MMAJID runtimes
*************MMAJID runtimes
*************MMAJID runtimes
*************MMAJID runtimes
*************MMAJID runtimes
*************MMAJID runtimes
*************MMAJID runtimes
*************MMAJID runtimes
*************MMAJID runtimes
*************MMAJID runtimes
*************MMAJID runtimes
*************MMAJID runtimes
*************MMAJID runtimes
*************MMAJID runtimes
*************MMAJID runtimes
*************MMAJID runtimes
*************MMAJID runtimes
*************MMAJID runtimes
*************MMAJID runtimes
*************MMAJID runtimes
*************MMAJID runtimes
*************MMAJID runtimes
*************MMAJID runtimes
*************MMAJID runtimes
*************MMAJID runtimes
*************MMAJID runtimes
*************MMAJID runtimes
*************MMAJID runtimes
*************MMAJID runtimes
*************MMAJID runtimes
*************MMAJID runtimes
*************MMAJID runtimes
*************MMAJID runtimes
*************MMAJID runtimes
*************MMAJID runtimes
*************MMAJID runtimes
*************MMAJID runtimes
*************MMAJID runtimes
*************MMAJID runtimes
*************MMAJID runtimes
*************MMAJID runtimes
*************MMAJID runtimes
*************MMAJID runtimes
*************MMAJID runtimes
*************MMAJID runtimes
*************MMAJID runtimes
*************MMAJID runtimes
*************MMAJID runtimes
*************MMAJID runtimes
*************MMAJID runtimes
*************MMAJID runtimes
*************MMAJID runtimes
*************MMAJID runtimes
*************MMAJID runtimes
*************MMAJID runtimes
*************MMAJID runtimes
*************MMAJID runtimes
*************MMAJID runtimes
*************MMAJID runtimes
*************MMAJID runtimes
*************MMAJID runtimes
*************MMAJID runtimes
*************MMAJID runtimes
*************MMAJID runtimes
*************MMAJID runtimes
*************MMAJID runtimes
*************MMAJID runtimes
*************MMAJID runtimes
*************MMAJID runtimes
*************MMAJID runtimes
*************MMAJID runtimes
*************MMAJID runtimes
*************MMAJID runtimes
*************MMAJID runtimes
*************MMAJID runtimes
*************MMAJID runtimes
*************MMAJID runtimes
*************MMAJID runtimes
*************MMAJID runtimes
*************MMAJID runtimes
*************MMAJID runtimes
*************MMAJID runtimes
*************MMAJID runtimes
*************MMAJID runtimes
*************MMAJID runtimes
*************MMAJID runtimes
*************MMAJID runtimes
*************MMAJID runtimes
*************MMAJID runtimes
*************MMAJID runtimes
*************MMAJID runtimes
*************MMAJID runtimes
*************MMAJID runtimes
*************MMAJID runtimes
*************MMAJID runtimes
*************MMAJID runtimes
*************MMAJID runtimes
*************MMAJID runtimes
*************MMAJID runtimes
*************MMAJID runtimes
*************MMAJID runtimes
*************MMAJID runtimes
*************MMAJID runtimes
*************MMAJID runtimes
*************MMAJID runtimes
*************MMAJID runtimes
*************MMAJID runtimes
*************MMAJID runtimes
*************MMAJID runtimes
*************MMAJID runtimes
*************MMAJID runtimes
*************MMAJID runtimes
*************MMAJID runtimes
*************MMAJID runtimes
*************MMAJID runtimes
*************MMAJID runtimes
*************MMAJID runtimes
*************MMAJID runtimes
*************MMAJID runtimes
*************MMAJID runtimes
*************MMAJID runtimes
*************MMAJID runtimes
*************MMAJID runtimes
*************MMAJID runtimes
*************MMAJID runtimes
*************MMAJID runtimes
*************MMAJID runtimes
*************MMAJID runtimes
*************MMAJID runtimes
*************MMAJID runtimes
*************MMAJID runtimes
*************MMAJID runtimes
*************MMAJID runtimes
*************MMAJID runtimes
*************MMAJID runtimes
*************MMAJID runtimes
