*************MMAJID TestListener
2020-10-29 21:49:19.630:INFO:oejs.Server:jetty-8.1.9.v20130131
2020-10-29 21:49:19.644:INFO:oejs.AbstractConnector:Started SelectChannelConnector@0.0.0.0:39027
2020-10-29 21:49:19.652:INFO:oejs.Server:jetty-8.1.9.v20130131
2020-10-29 21:49:19.657:INFO:oejs.AbstractConnector:Started SelectChannelConnector@0.0.0.0:45149
*************MMAJID testStarted
*************MMAJID testFinished
MMAJIDRun: 7092905for com.github.kevinsawicki.http.HttpRequestTest.postWithEscapedMappedQueryParams info: postWithEscapedMappedQueryParams(com.github.kevinsawicki.http.HttpRequestTest)
*************MMAJID testStarted
*************MMAJID testFinished
MMAJIDRun: 366626for com.github.kevinsawicki.http.HttpRequestTest.getAllHeaders info: getAllHeaders(com.github.kevinsawicki.http.HttpRequestTest)
*************MMAJID testStarted
*************MMAJID testFinished
MMAJIDRun: 463470for com.github.kevinsawicki.http.HttpRequestTest.traceUrlEmpty info: traceUrlEmpty(com.github.kevinsawicki.http.HttpRequestTest)
*************MMAJID testStarted
*************MMAJID testFinished
MMAJIDRun: 165433for com.github.kevinsawicki.http.HttpRequestTest.getMultipleParametersQuoted info: getMultipleParametersQuoted(com.github.kevinsawicki.http.HttpRequestTest)
*************MMAJID testStarted
*************MMAJID testFinished
MMAJIDRun: 197753for com.github.kevinsawicki.http.HttpRequestTest.badRequestCode info: badRequestCode(com.github.kevinsawicki.http.HttpRequestTest)
*************MMAJID testStarted
*************MMAJID testFinished
MMAJIDRun: 396261for com.github.kevinsawicki.http.HttpRequestTest.getToOutputBodyWithCharset info: getToOutputBodyWithCharset(com.github.kevinsawicki.http.HttpRequestTest)
*************MMAJID testStarted
*************MMAJID testFinished
MMAJIDRun: 174252for com.github.kevinsawicki.http.HttpRequestTest.dateHeader info: dateHeader(com.github.kevinsawicki.http.HttpRequestTest)
*************MMAJID testStarted
*************MMAJID testFinished
MMAJIDRun: 49202for com.github.kevinsawicki.http.HttpRequestTest.appendWithNullVaragsQueryParamValues info: appendWithNullVaragsQueryParamValues(com.github.kevinsawicki.http.HttpRequestTest)
*************MMAJID testStarted
*************MMAJID testFinished
MMAJIDRun: 182082for com.github.kevinsawicki.http.HttpRequestTest.appendListQueryParams info: appendListQueryParams(com.github.kevinsawicki.http.HttpRequestTest)
*************MMAJID testStarted
*************MMAJID testFinished
MMAJIDRun: 163509for com.github.kevinsawicki.http.HttpRequestTest.headEmpty info: headEmpty(com.github.kevinsawicki.http.HttpRequestTest)
*************MMAJID testStarted
*************MMAJID testFinished
MMAJIDRun: 153425for com.github.kevinsawicki.http.HttpRequestTest.headUrlEmpty info: headUrlEmpty(com.github.kevinsawicki.http.HttpRequestTest)
*************MMAJID testStarted
*************MMAJID testFinished
MMAJIDRun: 41121for com.github.kevinsawicki.http.HttpRequestTest.appendMultipleVarargsQueryParams info: appendMultipleVarargsQueryParams(com.github.kevinsawicki.http.HttpRequestTest)
*************MMAJID testStarted
*************MMAJID testFinished
MMAJIDRun: 166412for com.github.kevinsawicki.http.HttpRequestTest.getNoContent info: getNoContent(com.github.kevinsawicki.http.HttpRequestTest)
*************MMAJID testStarted
*************MMAJID testFinished
MMAJIDRun: 152417for com.github.kevinsawicki.http.HttpRequestTest.acceptCharsetHeader info: acceptCharsetHeader(com.github.kevinsawicki.http.HttpRequestTest)
*************MMAJID testStarted
*************MMAJID testFinished
MMAJIDRun: 117904for com.github.kevinsawicki.http.HttpRequestTest.malformedStringUrlCause info: malformedStringUrlCause(com.github.kevinsawicki.http.HttpRequestTest)
*************MMAJID testStarted
*************MMAJID testFinished
MMAJIDRun: 518525for com.github.kevinsawicki.http.HttpRequestTest.deleteUrlEmpty info: deleteUrlEmpty(com.github.kevinsawicki.http.HttpRequestTest)
*************MMAJID testStarted
*************MMAJID testFinished
MMAJIDRun: 78212for com.github.kevinsawicki.http.HttpRequestTest.negativeBufferSize info: negativeBufferSize(com.github.kevinsawicki.http.HttpRequestTest)
*************MMAJID testStarted
*************MMAJID testFinished
MMAJIDRun: 185828for com.github.kevinsawicki.http.HttpRequestTest.deleteWithEscapedMappedQueryParams info: deleteWithEscapedMappedQueryParams(com.github.kevinsawicki.http.HttpRequestTest)
*************MMAJID testStarted
*************MMAJID testFinished
MMAJIDRun: 176958for com.github.kevinsawicki.http.HttpRequestTest.getError info: getError(com.github.kevinsawicki.http.HttpRequestTest)
*************MMAJID testStarted
*************MMAJID testFinished
MMAJIDRun: 323320for com.github.kevinsawicki.http.HttpRequestTest.postNonEmptyString info: postNonEmptyString(com.github.kevinsawicki.http.HttpRequestTest)
*************MMAJID testStarted
*************MMAJID testFinished
MMAJIDRun: 154366for com.github.kevinsawicki.http.HttpRequestTest.getUrlEncodedWithPercent info: getUrlEncodedWithPercent(com.github.kevinsawicki.http.HttpRequestTest)
*************MMAJID testStarted
*************MMAJID testFinished
MMAJIDRun: 120482for com.github.kevinsawicki.http.HttpRequestTest.getToOutputCode info: getToOutputCode(com.github.kevinsawicki.http.HttpRequestTest)
*************MMAJID testStarted
*************MMAJID testFinished
MMAJIDRun: 133266for com.github.kevinsawicki.http.HttpRequestTest.putEmpty info: putEmpty(com.github.kevinsawicki.http.HttpRequestTest)
*************MMAJID testStarted
*************MMAJID testFinished
MMAJIDRun: 144585for com.github.kevinsawicki.http.HttpRequestTest.postWithVaragsQueryParams info: postWithVaragsQueryParams(com.github.kevinsawicki.http.HttpRequestTest)
*************MMAJID testStarted
*************MMAJID testFinished
MMAJIDRun: 120993for com.github.kevinsawicki.http.HttpRequestTest.refererHeader info: refererHeader(com.github.kevinsawicki.http.HttpRequestTest)
*************MMAJID testStarted
*************MMAJID testFinished
MMAJIDRun: 132920for com.github.kevinsawicki.http.HttpRequestTest.headers info: headers(com.github.kevinsawicki.http.HttpRequestTest)
*************MMAJID testStarted
*************MMAJID testFinished
MMAJIDRun: 125848for com.github.kevinsawicki.http.HttpRequestTest.serverErrorCode info: serverErrorCode(com.github.kevinsawicki.http.HttpRequestTest)
*************MMAJID testStarted
*************MMAJID testFinished
MMAJIDRun: 626568for com.github.kevinsawicki.http.HttpRequestTest.postNonEmptyFile info: postNonEmptyFile(com.github.kevinsawicki.http.HttpRequestTest)
*************MMAJID testStarted
*************MMAJID testFinished
MMAJIDRun: 116539for com.github.kevinsawicki.http.HttpRequestTest.optionsUrlEmpty info: optionsUrlEmpty(com.github.kevinsawicki.http.HttpRequestTest)
*************MMAJID testStarted
*************MMAJID testFinished
MMAJIDRun: 49912677for com.github.kevinsawicki.http.HttpRequestTest.verifierAccepts info: verifierAccepts(com.github.kevinsawicki.http.HttpRequestTest)
*************MMAJID testStarted
*************MMAJID testFinished
MMAJIDRun: 156560for com.github.kevinsawicki.http.HttpRequestTest.bodyOfNonEmptyErrorResponse info: bodyOfNonEmptyErrorResponse(com.github.kevinsawicki.http.HttpRequestTest)
*************MMAJID testStarted
*************MMAJID testFinished
MMAJIDRun: 123089for com.github.kevinsawicki.http.HttpRequestTest.sendErrorCloseStream info: sendErrorCloseStream(com.github.kevinsawicki.http.HttpRequestTest)
*************MMAJID testStarted
*************MMAJID testFinished
MMAJIDRun: 165285for com.github.kevinsawicki.http.HttpRequestTest.postWithNumericQueryParams info: postWithNumericQueryParams(com.github.kevinsawicki.http.HttpRequestTest)
*************MMAJID testStarted
*************MMAJID testFinished
MMAJIDRun: 189301for com.github.kevinsawicki.http.HttpRequestTest.putWithEscapedMappedQueryParams info: putWithEscapedMappedQueryParams(com.github.kevinsawicki.http.HttpRequestTest)
*************MMAJID testStarted
*************MMAJID testFinished
MMAJIDRun: 46358for com.github.kevinsawicki.http.HttpRequestTest.malformedStringUrl info: malformedStringUrl(com.github.kevinsawicki.http.HttpRequestTest)
*************MMAJID testStarted
*************MMAJID testFinished
MMAJIDRun: 112463for com.github.kevinsawicki.http.HttpRequestTest.getSingleParameter info: getSingleParameter(com.github.kevinsawicki.http.HttpRequestTest)
*************MMAJID testStarted
*************MMAJID testFinished
MMAJIDRun: 113590for com.github.kevinsawicki.http.HttpRequestTest.acceptHeader info: acceptHeader(com.github.kevinsawicki.http.HttpRequestTest)
*************MMAJID testStarted
*************MMAJID testFinished
MMAJIDRun: 115887for com.github.kevinsawicki.http.HttpRequestTest.getParameters info: getParameters(com.github.kevinsawicki.http.HttpRequestTest)
*************MMAJID testStarted
*************MMAJID testFinished
MMAJIDRun: 154378for com.github.kevinsawicki.http.HttpRequestTest.getWithEscapedVarargsQueryParams info: getWithEscapedVarargsQueryParams(com.github.kevinsawicki.http.HttpRequestTest)
*************MMAJID testStarted
*************MMAJID testFinished
MMAJIDRun: 381697for com.github.kevinsawicki.http.HttpRequestTest.chunkPost info: chunkPost(com.github.kevinsawicki.http.HttpRequestTest)
*************MMAJID testStarted
*************MMAJID testFinished
MMAJIDRun: 102156for com.github.kevinsawicki.http.HttpRequestTest.contentEncodingHeader info: contentEncodingHeader(com.github.kevinsawicki.http.HttpRequestTest)
*************MMAJID testStarted
*************MMAJID testFinished
MMAJIDRun: 25915for com.github.kevinsawicki.http.HttpRequestTest.appendVarargsQueryParamsWithExistingQueryStart info: appendVarargsQueryParamsWithExistingQueryStart(com.github.kevinsawicki.http.HttpRequestTest)
*************MMAJID testStarted
*************MMAJID testFinished
MMAJIDRun: 119340for com.github.kevinsawicki.http.HttpRequestTest.malformedIntHeader info: malformedIntHeader(com.github.kevinsawicki.http.HttpRequestTest)
*************MMAJID testStarted
*************MMAJID testFinished
MMAJIDRun: 226285for com.github.kevinsawicki.http.HttpRequestTest.singleSslSocketFactory info: singleSslSocketFactory(com.github.kevinsawicki.http.HttpRequestTest)
*************MMAJID testStarted
*************MMAJID testFinished
MMAJIDRun: 126961for com.github.kevinsawicki.http.HttpRequestTest.getWithMappedQueryParams info: getWithMappedQueryParams(com.github.kevinsawicki.http.HttpRequestTest)
*************MMAJID testStarted
*************MMAJID testFinished
MMAJIDRun: 213170for com.github.kevinsawicki.http.HttpRequestTest.receiveFile info: receiveFile(com.github.kevinsawicki.http.HttpRequestTest)
*************MMAJID testStarted
*************MMAJID testFinished
MMAJIDRun: 180846for com.github.kevinsawicki.http.HttpRequestTest.customConnectionFactory info: customConnectionFactory(com.github.kevinsawicki.http.HttpRequestTest)
*************MMAJID testStarted
*************MMAJID testFinished
MMAJIDRun: 207900for com.github.kevinsawicki.http.HttpRequestTest.postMultipartWithContentType info: postMultipartWithContentType(com.github.kevinsawicki.http.HttpRequestTest)
*************MMAJID testStarted
*************MMAJID testFinished
MMAJIDRun: 112996for com.github.kevinsawicki.http.HttpRequestTest.getEmptyHeaders info: getEmptyHeaders(com.github.kevinsawicki.http.HttpRequestTest)
*************MMAJID testStarted
*************MMAJID testFinished
MMAJIDRun: 98452for com.github.kevinsawicki.http.HttpRequestTest.postEmpty info: postEmpty(com.github.kevinsawicki.http.HttpRequestTest)
*************MMAJID testStarted
*************MMAJID testFinished
MMAJIDRun: 164978for com.github.kevinsawicki.http.HttpRequestTest.ifModifiedSinceHeader info: ifModifiedSinceHeader(com.github.kevinsawicki.http.HttpRequestTest)
*************MMAJID testStarted
*************MMAJID testFinished
MMAJIDRun: 210236for com.github.kevinsawicki.http.HttpRequestTest.uploadProgressSendInputStream info: uploadProgressSendInputStream(com.github.kevinsawicki.http.HttpRequestTest)
*************MMAJID testStarted
*************MMAJID testFinished
MMAJIDRun: 21569for com.github.kevinsawicki.http.HttpRequestTest.appendNullMappedQueryParams info: appendNullMappedQueryParams(com.github.kevinsawicki.http.HttpRequestTest)
*************MMAJID testStarted
*************MMAJID testFinished
MMAJIDRun: 114012for com.github.kevinsawicki.http.HttpRequestTest.sendErrorReadStream info: sendErrorReadStream(com.github.kevinsawicki.http.HttpRequestTest)
*************MMAJID testStarted
*************MMAJID testFinished
MMAJIDRun: 23125for com.github.kevinsawicki.http.HttpRequestTest.appendEmptyMappedQueryParams info: appendEmptyMappedQueryParams(com.github.kevinsawicki.http.HttpRequestTest)
*************MMAJID testStarted
*************MMAJID testFinished
MMAJIDRun: 357122for com.github.kevinsawicki.http.HttpRequestTest.basicAuthentication info: basicAuthentication(com.github.kevinsawicki.http.HttpRequestTest)
*************MMAJID testStarted
*************MMAJID testFinished
MMAJIDRun: 98182for com.github.kevinsawicki.http.HttpRequestTest.traceEmpty info: traceEmpty(com.github.kevinsawicki.http.HttpRequestTest)
*************MMAJID testStarted
*************MMAJID testFailure
java.lang.AssertionError: expected:<user> but was:<null>
	at org.junit.Assert.fail(Assert.java:93)
	at org.junit.Assert.failNotEquals(Assert.java:647)
	at org.junit.Assert.assertEquals(Assert.java:128)
	at org.junit.Assert.assertEquals(Assert.java:147)
	at com.github.kevinsawicki.http.HttpRequestTest.headWithVaragsQueryParams(HttpRequestTest.java:2969)
	at sun.reflect.NativeMethodAccessorImpl.invoke0(Native Method)
	at sun.reflect.NativeMethodAccessorImpl.invoke(NativeMethodAccessorImpl.java:62)
	at sun.reflect.DelegatingMethodAccessorImpl.invoke(DelegatingMethodAccessorImpl.java:43)
	at java.lang.reflect.Method.invoke(Method.java:498)
	at org.junit.runners.model.FrameworkMethod$1.runReflectiveCall(FrameworkMethod.java:45)
	at org.junit.internal.runners.model.ReflectiveCallable.run(ReflectiveCallable.java:15)
	at org.junit.runners.model.FrameworkMethod.invokeExplosively(FrameworkMethod.java:42)
	at org.junit.internal.runners.statements.InvokeMethod.evaluate(InvokeMethod.java:20)
	at org.junit.internal.runners.statements.RunBefores.evaluate(RunBefores.java:28)
	at org.junit.internal.runners.statements.RunAfters.evaluate(RunAfters.java:30)
	at org.junit.runners.ParentRunner.runLeaf(ParentRunner.java:263)
	at org.junit.runners.BlockJUnit4ClassRunner.runChild(BlockJUnit4ClassRunner.java:68)
	at org.junit.runners.BlockJUnit4ClassRunner.runChild(BlockJUnit4ClassRunner.java:47)
	at org.junit.runners.ParentRunner$3.run(ParentRunner.java:231)
	at org.junit.runners.ParentRunner$1.schedule(ParentRunner.java:60)
	at org.junit.runners.ParentRunner.runChildren(ParentRunner.java:229)
	at org.junit.runners.ParentRunner.access$000(ParentRunner.java:50)
	at org.junit.runners.ParentRunner$2.evaluate(ParentRunner.java:222)
	at org.junit.internal.runners.statements.RunBefores.evaluate(RunBefores.java:28)
	at org.junit.internal.runners.statements.RunAfters.evaluate(RunAfters.java:30)
	at org.junit.runners.ParentRunner.run(ParentRunner.java:300)
	at org.junit.runners.Suite.runChild(Suite.java:128)
	at org.junit.runners.Suite.runChild(Suite.java:24)
	at org.junit.runners.ParentRunner$3.run(ParentRunner.java:231)
	at org.junit.runners.ParentRunner$1.schedule(ParentRunner.java:60)
	at org.junit.runners.ParentRunner.runChildren(ParentRunner.java:229)
	at org.junit.runners.ParentRunner.access$000(ParentRunner.java:50)
	at org.junit.runners.ParentRunner$2.evaluate(ParentRunner.java:222)
	at org.junit.runners.ParentRunner.run(ParentRunner.java:300)
	at org.junit.runner.JUnitCore.run(JUnitCore.java:157)
	at org.junit.runner.JUnitCore.run(JUnitCore.java:136)
	at edu.illinois.cs.testrunner.execution.JUnitTestExecutor.execute(JUnitTestExecutor.java:251)
	at edu.illinois.cs.testrunner.execution.JUnitTestExecutor.executeWithJUnit4Runner(JUnitTestExecutor.java:319)
	at edu.illinois.cs.testrunner.execution.JUnitTestExecutor.runOrder(JUnitTestExecutor.java:49)
	at edu.illinois.cs.testrunner.execution.Executor$.$anonfun$run$1(Executor.scala:30)
	at scala.runtime.java8.JFunction0$mcV$sp.apply(JFunction0$mcV$sp.java:12)
	at scala.util.Try$.apply(Try.scala:209)
	at edu.illinois.cs.testrunner.execution.Executor$.run(Executor.scala:28)
	at edu.illinois.cs.testrunner.execution.Executor$.main(Executor.scala:18)
	at edu.illinois.cs.testrunner.execution.Executor.main(Executor.scala)
*************MMAJID testFinished
MMAJIDRun: 696154for com.github.kevinsawicki.http.HttpRequestTest.headWithVaragsQueryParams info: headWithVaragsQueryParams(com.github.kevinsawicki.http.HttpRequestTest)
*************MMAJID testStarted
*************MMAJID testFinished
MMAJIDRun: 98410for com.github.kevinsawicki.http.HttpRequestTest.getParameterFromMissingHeader info: getParameterFromMissingHeader(com.github.kevinsawicki.http.HttpRequestTest)
*************MMAJID testStarted
*************MMAJID testFinished
MMAJIDRun: 114975for com.github.kevinsawicki.http.HttpRequestTest.sendReceiveWithoutCode info: sendReceiveWithoutCode(com.github.kevinsawicki.http.HttpRequestTest)
*************MMAJID testStarted
*************MMAJID testFinished
MMAJIDRun: 99443for com.github.kevinsawicki.http.HttpRequestTest.postEmptyForm info: postEmptyForm(com.github.kevinsawicki.http.HttpRequestTest)
*************MMAJID testStarted
*************MMAJID testFinished
MMAJIDRun: 202085for com.github.kevinsawicki.http.HttpRequestTest.uploadProgressSend info: uploadProgressSend(com.github.kevinsawicki.http.HttpRequestTest)
*************MMAJID testStarted
*************MMAJID testFinished
MMAJIDRun: 88746for com.github.kevinsawicki.http.HttpRequestTest.noError info: noError(com.github.kevinsawicki.http.HttpRequestTest)
*************MMAJID testStarted
*************MMAJID testFinished
MMAJIDRun: 92436for com.github.kevinsawicki.http.HttpRequestTest.cacheControlHeader info: cacheControlHeader(com.github.kevinsawicki.http.HttpRequestTest)
*************MMAJID testStarted
*************MMAJID testFinished
MMAJIDRun: 93314for com.github.kevinsawicki.http.HttpRequestTest.requestContentTypeNullCharset info: requestContentTypeNullCharset(com.github.kevinsawicki.http.HttpRequestTest)
*************MMAJID testStarted
*************MMAJID testFinished
MMAJIDRun: 82857for com.github.kevinsawicki.http.HttpRequestTest.emptyHeaders info: emptyHeaders(com.github.kevinsawicki.http.HttpRequestTest)
*************MMAJID testStarted
*************MMAJID testFinished
MMAJIDRun: 94769for com.github.kevinsawicki.http.HttpRequestTest.requestContentType info: requestContentType(com.github.kevinsawicki.http.HttpRequestTest)
*************MMAJID testStarted
*************MMAJID testFinished
MMAJIDRun: 25258for com.github.kevinsawicki.http.HttpRequestTest.appendMappedQueryParamsWithPath info: appendMappedQueryParamsWithPath(com.github.kevinsawicki.http.HttpRequestTest)
*************MMAJID testStarted
*************MMAJID testFinished
MMAJIDRun: 91602for com.github.kevinsawicki.http.HttpRequestTest.requestContentTypeEmptyCharset info: requestContentTypeEmptyCharset(com.github.kevinsawicki.http.HttpRequestTest)
*************MMAJID testStarted
*************MMAJID testFinished
MMAJIDRun: 88943for com.github.kevinsawicki.http.HttpRequestTest.getSingleParameterQuoted info: getSingleParameterQuoted(com.github.kevinsawicki.http.HttpRequestTest)
*************MMAJID testStarted
*************MMAJID testFinished
MMAJIDRun: 85935for com.github.kevinsawicki.http.HttpRequestTest.serverHeader info: serverHeader(com.github.kevinsawicki.http.HttpRequestTest)
*************MMAJID testStarted
*************MMAJID testFinished
MMAJIDRun: 20763for com.github.kevinsawicki.http.HttpRequestTest.appendMappedQueryParamsWithExistingQueryStart info: appendMappedQueryParamsWithExistingQueryStart(com.github.kevinsawicki.http.HttpRequestTest)
*************MMAJID testStarted
*************MMAJID testFinished
MMAJIDRun: 136547for com.github.kevinsawicki.http.HttpRequestTest.postMultipleFiles info: postMultipleFiles(com.github.kevinsawicki.http.HttpRequestTest)
*************MMAJID testStarted
*************MMAJID testFinished
MMAJIDRun: 107181for com.github.kevinsawicki.http.HttpRequestTest.getReaderWithCharset info: getReaderWithCharset(com.github.kevinsawicki.http.HttpRequestTest)
*************MMAJID testStarted
*************MMAJID testFinished
MMAJIDRun: 86180for com.github.kevinsawicki.http.HttpRequestTest.locationHeader info: locationHeader(com.github.kevinsawicki.http.HttpRequestTest)
*************MMAJID testStarted
*************MMAJID testFinished
MMAJIDRun: 85439for com.github.kevinsawicki.http.HttpRequestTest.getEmptyParameters info: getEmptyParameters(com.github.kevinsawicki.http.HttpRequestTest)
*************MMAJID testStarted
*************MMAJID testFinished
MMAJIDRun: 86783for com.github.kevinsawicki.http.HttpRequestTest.getMixQuotedParameters info: getMixQuotedParameters(com.github.kevinsawicki.http.HttpRequestTest)
*************MMAJID testStarted
*************MMAJID testFinished
MMAJIDRun: 135390for com.github.kevinsawicki.http.HttpRequestTest.sendHeadersWithoutCode info: sendHeadersWithoutCode(com.github.kevinsawicki.http.HttpRequestTest)
*************MMAJID testStarted
*************MMAJID testFinished
MMAJIDRun: 97113for com.github.kevinsawicki.http.HttpRequestTest.getUrlEmpty info: getUrlEmpty(com.github.kevinsawicki.http.HttpRequestTest)
*************MMAJID testStarted
*************MMAJID testFinished
MMAJIDRun: 104945for com.github.kevinsawicki.http.HttpRequestTest.sendIntHeaderWithoutCode info: sendIntHeaderWithoutCode(com.github.kevinsawicki.http.HttpRequestTest)
*************MMAJID testStarted
*************MMAJID testFinished
MMAJIDRun: 22777for com.github.kevinsawicki.http.HttpRequestTest.httpsTrust info: httpsTrust(com.github.kevinsawicki.http.HttpRequestTest)
*************MMAJID testStarted
*************MMAJID testFinished
MMAJIDRun: 41921for com.github.kevinsawicki.http.HttpRequestTest.appendArrayQueryParams info: appendArrayQueryParams(com.github.kevinsawicki.http.HttpRequestTest)
*************MMAJID testStarted
*************MMAJID testFinished
MMAJIDRun: 93548for com.github.kevinsawicki.http.HttpRequestTest.lastModifiedHeader info: lastModifiedHeader(com.github.kevinsawicki.http.HttpRequestTest)
*************MMAJID testStarted
*************MMAJID testFailure
java.lang.AssertionError: expected:<user> but was:<null>
	at org.junit.Assert.fail(Assert.java:93)
	at org.junit.Assert.failNotEquals(Assert.java:647)
	at org.junit.Assert.assertEquals(Assert.java:128)
	at org.junit.Assert.assertEquals(Assert.java:147)
	at com.github.kevinsawicki.http.HttpRequestTest.postWithMappedQueryParams(HttpRequestTest.java:2474)
	at sun.reflect.NativeMethodAccessorImpl.invoke0(Native Method)
	at sun.reflect.NativeMethodAccessorImpl.invoke(NativeMethodAccessorImpl.java:62)
	at sun.reflect.DelegatingMethodAccessorImpl.invoke(DelegatingMethodAccessorImpl.java:43)
	at java.lang.reflect.Method.invoke(Method.java:498)
	at org.junit.runners.model.FrameworkMethod$1.runReflectiveCall(FrameworkMethod.java:45)
	at org.junit.internal.runners.model.ReflectiveCallable.run(ReflectiveCallable.java:15)
	at org.junit.runners.model.FrameworkMethod.invokeExplosively(FrameworkMethod.java:42)
	at org.junit.internal.runners.statements.InvokeMethod.evaluate(InvokeMethod.java:20)
	at org.junit.internal.runners.statements.RunBefores.evaluate(RunBefores.java:28)
	at org.junit.internal.runners.statements.RunAfters.evaluate(RunAfters.java:30)
	at org.junit.runners.ParentRunner.runLeaf(ParentRunner.java:263)
	at org.junit.runners.BlockJUnit4ClassRunner.runChild(BlockJUnit4ClassRunner.java:68)
	at org.junit.runners.BlockJUnit4ClassRunner.runChild(BlockJUnit4ClassRunner.java:47)
	at org.junit.runners.ParentRunner$3.run(ParentRunner.java:231)
	at org.junit.runners.ParentRunner$1.schedule(ParentRunner.java:60)
	at org.junit.runners.ParentRunner.runChildren(ParentRunner.java:229)
	at org.junit.runners.ParentRunner.access$000(ParentRunner.java:50)
	at org.junit.runners.ParentRunner$2.evaluate(ParentRunner.java:222)
	at org.junit.internal.runners.statements.RunBefores.evaluate(RunBefores.java:28)
	at org.junit.internal.runners.statements.RunAfters.evaluate(RunAfters.java:30)
	at org.junit.runners.ParentRunner.run(ParentRunner.java:300)
	at org.junit.runners.Suite.runChild(Suite.java:128)
	at org.junit.runners.Suite.runChild(Suite.java:24)
	at org.junit.runners.ParentRunner$3.run(ParentRunner.java:231)
	at org.junit.runners.ParentRunner$1.schedule(ParentRunner.java:60)
	at org.junit.runners.ParentRunner.runChildren(ParentRunner.java:229)
	at org.junit.runners.ParentRunner.access$000(ParentRunner.java:50)
	at org.junit.runners.ParentRunner$2.evaluate(ParentRunner.java:222)
	at org.junit.runners.ParentRunner.run(ParentRunner.java:300)
	at org.junit.runner.JUnitCore.run(JUnitCore.java:157)
	at org.junit.runner.JUnitCore.run(JUnitCore.java:136)
	at edu.illinois.cs.testrunner.execution.JUnitTestExecutor.execute(JUnitTestExecutor.java:251)
	at edu.illinois.cs.testrunner.execution.JUnitTestExecutor.executeWithJUnit4Runner(JUnitTestExecutor.java:319)
	at edu.illinois.cs.testrunner.execution.JUnitTestExecutor.runOrder(JUnitTestExecutor.java:49)
	at edu.illinois.cs.testrunner.execution.Executor$.$anonfun$run$1(Executor.scala:30)
	at scala.runtime.java8.JFunction0$mcV$sp.apply(JFunction0$mcV$sp.java:12)
	at scala.util.Try$.apply(Try.scala:209)
	at edu.illinois.cs.testrunner.execution.Executor$.run(Executor.scala:28)
	at edu.illinois.cs.testrunner.execution.Executor$.main(Executor.scala:18)
	at edu.illinois.cs.testrunner.execution.Executor.main(Executor.scala)
*************MMAJID testFinished
MMAJIDRun: 268198for com.github.kevinsawicki.http.HttpRequestTest.postWithMappedQueryParams info: postWithMappedQueryParams(com.github.kevinsawicki.http.HttpRequestTest)
*************MMAJID testStarted
*************MMAJID testFinished
MMAJIDRun: 20981for com.github.kevinsawicki.http.HttpRequestTest.appendVarargsQueryParamsWithPath info: appendVarargsQueryParamsWithPath(com.github.kevinsawicki.http.HttpRequestTest)
*************MMAJID testStarted
*************MMAJID testFinished
MMAJIDRun: 21539for com.github.kevinsawicki.http.HttpRequestTest.appendMappedQueryParamsWithExistingParams info: appendMappedQueryParamsWithExistingParams(com.github.kevinsawicki.http.HttpRequestTest)
*************MMAJID testStarted
*************MMAJID testFinished
MMAJIDRun: 85023for com.github.kevinsawicki.http.HttpRequestTest.postUrlEmpty info: postUrlEmpty(com.github.kevinsawicki.http.HttpRequestTest)
*************MMAJID testStarted
*************MMAJID testFailure
java.lang.AssertionError: expected:<user> but was:<null>
	at org.junit.Assert.fail(Assert.java:93)
	at org.junit.Assert.failNotEquals(Assert.java:647)
	at org.junit.Assert.assertEquals(Assert.java:128)
	at org.junit.Assert.assertEquals(Assert.java:147)
	at com.github.kevinsawicki.http.HttpRequestTest.deleteWithMappedQueryParams(HttpRequestTest.java:2723)
	at sun.reflect.NativeMethodAccessorImpl.invoke0(Native Method)
	at sun.reflect.NativeMethodAccessorImpl.invoke(NativeMethodAccessorImpl.java:62)
	at sun.reflect.DelegatingMethodAccessorImpl.invoke(DelegatingMethodAccessorImpl.java:43)
	at java.lang.reflect.Method.invoke(Method.java:498)
	at org.junit.runners.model.FrameworkMethod$1.runReflectiveCall(FrameworkMethod.java:45)
	at org.junit.internal.runners.model.ReflectiveCallable.run(ReflectiveCallable.java:15)
	at org.junit.runners.model.FrameworkMethod.invokeExplosively(FrameworkMethod.java:42)
	at org.junit.internal.runners.statements.InvokeMethod.evaluate(InvokeMethod.java:20)
	at org.junit.internal.runners.statements.RunBefores.evaluate(RunBefores.java:28)
	at org.junit.internal.runners.statements.RunAfters.evaluate(RunAfters.java:30)
	at org.junit.runners.ParentRunner.runLeaf(ParentRunner.java:263)
	at org.junit.runners.BlockJUnit4ClassRunner.runChild(BlockJUnit4ClassRunner.java:68)
	at org.junit.runners.BlockJUnit4ClassRunner.runChild(BlockJUnit4ClassRunner.java:47)
	at org.junit.runners.ParentRunner$3.run(ParentRunner.java:231)
	at org.junit.runners.ParentRunner$1.schedule(ParentRunner.java:60)
	at org.junit.runners.ParentRunner.runChildren(ParentRunner.java:229)
	at org.junit.runners.ParentRunner.access$000(ParentRunner.java:50)
	at org.junit.runners.ParentRunner$2.evaluate(ParentRunner.java:222)
	at org.junit.internal.runners.statements.RunBefores.evaluate(RunBefores.java:28)
	at org.junit.internal.runners.statements.RunAfters.evaluate(RunAfters.java:30)
	at org.junit.runners.ParentRunner.run(ParentRunner.java:300)
	at org.junit.runners.Suite.runChild(Suite.java:128)
	at org.junit.runners.Suite.runChild(Suite.java:24)
	at org.junit.runners.ParentRunner$3.run(ParentRunner.java:231)
	at org.junit.runners.ParentRunner$1.schedule(ParentRunner.java:60)
	at org.junit.runners.ParentRunner.runChildren(ParentRunner.java:229)
	at org.junit.runners.ParentRunner.access$000(ParentRunner.java:50)
	at org.junit.runners.ParentRunner$2.evaluate(ParentRunner.java:222)
	at org.junit.runners.ParentRunner.run(ParentRunner.java:300)
	at org.junit.runner.JUnitCore.run(JUnitCore.java:157)
	at org.junit.runner.JUnitCore.run(JUnitCore.java:136)
	at edu.illinois.cs.testrunner.execution.JUnitTestExecutor.execute(JUnitTestExecutor.java:251)
	at edu.illinois.cs.testrunner.execution.JUnitTestExecutor.executeWithJUnit4Runner(JUnitTestExecutor.java:319)
	at edu.illinois.cs.testrunner.execution.JUnitTestExecutor.runOrder(JUnitTestExecutor.java:49)
	at edu.illinois.cs.testrunner.execution.Executor$.$anonfun$run$1(Executor.scala:30)
	at scala.runtime.java8.JFunction0$mcV$sp.apply(JFunction0$mcV$sp.java:12)
	at scala.util.Try$.apply(Try.scala:209)
	at edu.illinois.cs.testrunner.execution.Executor$.run(Executor.scala:28)
	at edu.illinois.cs.testrunner.execution.Executor$.main(Executor.scala:18)
	at edu.illinois.cs.testrunner.execution.Executor.main(Executor.scala)
*************MMAJID testFinished
MMAJIDRun: 277641for com.github.kevinsawicki.http.HttpRequestTest.deleteWithMappedQueryParams info: deleteWithMappedQueryParams(com.github.kevinsawicki.http.HttpRequestTest)
*************MMAJID testStarted
*************MMAJID testFinished
MMAJIDRun: 16622for com.github.kevinsawicki.http.HttpRequestTest.appendNullVaragsQueryParams info: appendNullVaragsQueryParams(com.github.kevinsawicki.http.HttpRequestTest)
*************MMAJID testStarted
*************MMAJID testFinished
MMAJIDRun: 82251for com.github.kevinsawicki.http.HttpRequestTest.eTagHeader info: eTagHeader(com.github.kevinsawicki.http.HttpRequestTest)
*************MMAJID testStarted
*************MMAJID testFinished
MMAJIDRun: 90753for com.github.kevinsawicki.http.HttpRequestTest.putUrlEmpty info: putUrlEmpty(com.github.kevinsawicki.http.HttpRequestTest)
*************MMAJID testStarted
*************MMAJID testFinished
MMAJIDRun: 24072for com.github.kevinsawicki.http.HttpRequestTest.httpTrust info: httpTrust(com.github.kevinsawicki.http.HttpRequestTest)
*************MMAJID testStarted
*************MMAJID testFinished
MMAJIDRun: 85044for com.github.kevinsawicki.http.HttpRequestTest.getQuotedParameters info: getQuotedParameters(com.github.kevinsawicki.http.HttpRequestTest)
*************MMAJID testStarted
*************MMAJID testFinished
MMAJIDRun: 82430for com.github.kevinsawicki.http.HttpRequestTest.getMissingParameter info: getMissingParameter(com.github.kevinsawicki.http.HttpRequestTest)
*************MMAJID testStarted
*************MMAJID testFailure
java.lang.AssertionError: expected:<us er> but was:<null>
	at org.junit.Assert.fail(Assert.java:93)
	at org.junit.Assert.failNotEquals(Assert.java:647)
	at org.junit.Assert.assertEquals(Assert.java:128)
	at org.junit.Assert.assertEquals(Assert.java:147)
	at com.github.kevinsawicki.http.HttpRequestTest.headWithEscapedMappedQueryParams(HttpRequestTest.java:2998)
	at sun.reflect.NativeMethodAccessorImpl.invoke0(Native Method)
	at sun.reflect.NativeMethodAccessorImpl.invoke(NativeMethodAccessorImpl.java:62)
	at sun.reflect.DelegatingMethodAccessorImpl.invoke(DelegatingMethodAccessorImpl.java:43)
	at java.lang.reflect.Method.invoke(Method.java:498)
	at org.junit.runners.model.FrameworkMethod$1.runReflectiveCall(FrameworkMethod.java:45)
	at org.junit.internal.runners.model.ReflectiveCallable.run(ReflectiveCallable.java:15)
	at org.junit.runners.model.FrameworkMethod.invokeExplosively(FrameworkMethod.java:42)
	at org.junit.internal.runners.statements.InvokeMethod.evaluate(InvokeMethod.java:20)
	at org.junit.internal.runners.statements.RunBefores.evaluate(RunBefores.java:28)
	at org.junit.internal.runners.statements.RunAfters.evaluate(RunAfters.java:30)
	at org.junit.runners.ParentRunner.runLeaf(ParentRunner.java:263)
	at org.junit.runners.BlockJUnit4ClassRunner.runChild(BlockJUnit4ClassRunner.java:68)
	at org.junit.runners.BlockJUnit4ClassRunner.runChild(BlockJUnit4ClassRunner.java:47)
	at org.junit.runners.ParentRunner$3.run(ParentRunner.java:231)
	at org.junit.runners.ParentRunner$1.schedule(ParentRunner.java:60)
	at org.junit.runners.ParentRunner.runChildren(ParentRunner.java:229)
	at org.junit.runners.ParentRunner.access$000(ParentRunner.java:50)
	at org.junit.runners.ParentRunner$2.evaluate(ParentRunner.java:222)
	at org.junit.internal.runners.statements.RunBefores.evaluate(RunBefores.java:28)
	at org.junit.internal.runners.statements.RunAfters.evaluate(RunAfters.java:30)
	at org.junit.runners.ParentRunner.run(ParentRunner.java:300)
	at org.junit.runners.Suite.runChild(Suite.java:128)
	at org.junit.runners.Suite.runChild(Suite.java:24)
	at org.junit.runners.ParentRunner$3.run(ParentRunner.java:231)
	at org.junit.runners.ParentRunner$1.schedule(ParentRunner.java:60)
	at org.junit.runners.ParentRunner.runChildren(ParentRunner.java:229)
	at org.junit.runners.ParentRunner.access$000(ParentRunner.java:50)
	at org.junit.runners.ParentRunner$2.evaluate(ParentRunner.java:222)
	at org.junit.runners.ParentRunner.run(ParentRunner.java:300)
	at org.junit.runner.JUnitCore.run(JUnitCore.java:157)
	at org.junit.runner.JUnitCore.run(JUnitCore.java:136)
	at edu.illinois.cs.testrunner.execution.JUnitTestExecutor.execute(JUnitTestExecutor.java:251)
	at edu.illinois.cs.testrunner.execution.JUnitTestExecutor.executeWithJUnit4Runner(JUnitTestExecutor.java:319)
	at edu.illinois.cs.testrunner.execution.JUnitTestExecutor.runOrder(JUnitTestExecutor.java:49)
	at edu.illinois.cs.testrunner.execution.Executor$.$anonfun$run$1(Executor.scala:30)
	at scala.runtime.java8.JFunction0$mcV$sp.apply(JFunction0$mcV$sp.java:12)
	at scala.util.Try$.apply(Try.scala:209)
	at edu.illinois.cs.testrunner.execution.Executor$.run(Executor.scala:28)
	at edu.illinois.cs.testrunner.execution.Executor$.main(Executor.scala:18)
	at edu.illinois.cs.testrunner.execution.Executor.main(Executor.scala)
*************MMAJID testFinished
MMAJIDRun: 304581for com.github.kevinsawicki.http.HttpRequestTest.headWithEscapedMappedQueryParams info: headWithEscapedMappedQueryParams(com.github.kevinsawicki.http.HttpRequestTest)
*************MMAJID testStarted
*************MMAJID testFinished
MMAJIDRun: 91750for com.github.kevinsawicki.http.HttpRequestTest.ifNoneMatchHeader info: ifNoneMatchHeader(com.github.kevinsawicki.http.HttpRequestTest)
*************MMAJID testStarted
*************MMAJID testFinished
MMAJIDRun: 266134for com.github.kevinsawicki.http.HttpRequestTest.getGzipped info: getGzipped(com.github.kevinsawicki.http.HttpRequestTest)
*************MMAJID testStarted
*************MMAJID testFinished
MMAJIDRun: 82978for com.github.kevinsawicki.http.HttpRequestTest.getEmptyParameter info: getEmptyParameter(com.github.kevinsawicki.http.HttpRequestTest)
*************MMAJID testStarted
*************MMAJID testFinished
MMAJIDRun: 116403for com.github.kevinsawicki.http.HttpRequestTest.nullUploadProgress info: nullUploadProgress(com.github.kevinsawicki.http.HttpRequestTest)
*************MMAJID testStarted
*************MMAJID testFinished
MMAJIDRun: 126266for com.github.kevinsawicki.http.HttpRequestTest.postWithLength info: postWithLength(com.github.kevinsawicki.http.HttpRequestTest)
*************MMAJID testStarted
*************MMAJID testFinished
MMAJIDRun: 126765for com.github.kevinsawicki.http.HttpRequestTest.postNonEmptyByteArray info: postNonEmptyByteArray(com.github.kevinsawicki.http.HttpRequestTest)
*************MMAJID testStarted
*************MMAJID testFinished
MMAJIDRun: 279968for com.github.kevinsawicki.http.HttpRequestTest.postFormWithNoCharset info: postFormWithNoCharset(com.github.kevinsawicki.http.HttpRequestTest)
*************MMAJID testStarted
*************MMAJID testFinished
MMAJIDRun: 90314for com.github.kevinsawicki.http.HttpRequestTest.deleteEmpty info: deleteEmpty(com.github.kevinsawicki.http.HttpRequestTest)
*************MMAJID testStarted
*************MMAJID testFinished
MMAJIDRun: 84344for com.github.kevinsawicki.http.HttpRequestTest.getWithResponseCharset info: getWithResponseCharset(com.github.kevinsawicki.http.HttpRequestTest)
*************MMAJID testStarted
*************MMAJID testFinished
MMAJIDRun: 103092for com.github.kevinsawicki.http.HttpRequestTest.sendWithWriter info: sendWithWriter(com.github.kevinsawicki.http.HttpRequestTest)
*************MMAJID testStarted
*************MMAJID testFailure
org.junit.ComparisonFailure: expected:</[ÃŸ]> but was:</[]>
	at org.junit.Assert.assertEquals(Assert.java:125)
	at org.junit.Assert.assertEquals(Assert.java:147)
	at com.github.kevinsawicki.http.HttpRequestTest.getUrlEncodedWithUnicode(HttpRequestTest.java:307)
	at sun.reflect.NativeMethodAccessorImpl.invoke0(Native Method)
	at sun.reflect.NativeMethodAccessorImpl.invoke(NativeMethodAccessorImpl.java:62)
	at sun.reflect.DelegatingMethodAccessorImpl.invoke(DelegatingMethodAccessorImpl.java:43)
	at java.lang.reflect.Method.invoke(Method.java:498)
	at org.junit.runners.model.FrameworkMethod$1.runReflectiveCall(FrameworkMethod.java:45)
	at org.junit.internal.runners.model.ReflectiveCallable.run(ReflectiveCallable.java:15)
	at org.junit.runners.model.FrameworkMethod.invokeExplosively(FrameworkMethod.java:42)
	at org.junit.internal.runners.statements.InvokeMethod.evaluate(InvokeMethod.java:20)
	at org.junit.internal.runners.statements.RunBefores.evaluate(RunBefores.java:28)
	at org.junit.internal.runners.statements.RunAfters.evaluate(RunAfters.java:30)
	at org.junit.runners.ParentRunner.runLeaf(ParentRunner.java:263)
	at org.junit.runners.BlockJUnit4ClassRunner.runChild(BlockJUnit4ClassRunner.java:68)
	at org.junit.runners.BlockJUnit4ClassRunner.runChild(BlockJUnit4ClassRunner.java:47)
	at org.junit.runners.ParentRunner$3.run(ParentRunner.java:231)
	at org.junit.runners.ParentRunner$1.schedule(ParentRunner.java:60)
	at org.junit.runners.ParentRunner.runChildren(ParentRunner.java:229)
	at org.junit.runners.ParentRunner.access$000(ParentRunner.java:50)
	at org.junit.runners.ParentRunner$2.evaluate(ParentRunner.java:222)
	at org.junit.internal.runners.statements.RunBefores.evaluate(RunBefores.java:28)
	at org.junit.internal.runners.statements.RunAfters.evaluate(RunAfters.java:30)
	at org.junit.runners.ParentRunner.run(ParentRunner.java:300)
	at org.junit.runners.Suite.runChild(Suite.java:128)
	at org.junit.runners.Suite.runChild(Suite.java:24)
	at org.junit.runners.ParentRunner$3.run(ParentRunner.java:231)
	at org.junit.runners.ParentRunner$1.schedule(ParentRunner.java:60)
	at org.junit.runners.ParentRunner.runChildren(ParentRunner.java:229)
	at org.junit.runners.ParentRunner.access$000(ParentRunner.java:50)
	at org.junit.runners.ParentRunner$2.evaluate(ParentRunner.java:222)
	at org.junit.runners.ParentRunner.run(ParentRunner.java:300)
	at org.junit.runner.JUnitCore.run(JUnitCore.java:157)
	at org.junit.runner.JUnitCore.run(JUnitCore.java:136)
	at edu.illinois.cs.testrunner.execution.JUnitTestExecutor.execute(JUnitTestExecutor.java:251)
	at edu.illinois.cs.testrunner.execution.JUnitTestExecutor.executeWithJUnit4Runner(JUnitTestExecutor.java:319)
	at edu.illinois.cs.testrunner.execution.JUnitTestExecutor.runOrder(JUnitTestExecutor.java:49)
	at edu.illinois.cs.testrunner.execution.Executor$.$anonfun$run$1(Executor.scala:30)
	at scala.runtime.java8.JFunction0$mcV$sp.apply(JFunction0$mcV$sp.java:12)
	at scala.util.Try$.apply(Try.scala:209)
	at edu.illinois.cs.testrunner.execution.Executor$.run(Executor.scala:28)
	at edu.illinois.cs.testrunner.execution.Executor$.main(Executor.scala:18)
	at edu.illinois.cs.testrunner.execution.Executor.main(Executor.scala)
*************MMAJID testFinished
MMAJIDRun: 5811532for com.github.kevinsawicki.http.HttpRequestTest.getUrlEncodedWithUnicode info: getUrlEncodedWithUnicode(com.github.kevinsawicki.http.HttpRequestTest)
*************MMAJID testStarted
*************MMAJID testFinished
MMAJIDRun: 123851for com.github.kevinsawicki.http.HttpRequestTest.postFormEntryWithNullValue info: postFormEntryWithNullValue(com.github.kevinsawicki.http.HttpRequestTest)
*************MMAJID testStarted
*************MMAJID testFinished
MMAJIDRun: 19586for com.github.kevinsawicki.http.HttpRequestTest.appendMultipleMappedQueryParams info: appendMultipleMappedQueryParams(com.github.kevinsawicki.http.HttpRequestTest)
*************MMAJID testStarted
*************MMAJID testFinished
MMAJIDRun: 133408for com.github.kevinsawicki.http.HttpRequestTest.receivePrintStream info: receivePrintStream(com.github.kevinsawicki.http.HttpRequestTest)
*************MMAJID testStarted
*************MMAJID testFinished
MMAJIDRun: 111041for com.github.kevinsawicki.http.HttpRequestTest.postFormAsEntries info: postFormAsEntries(com.github.kevinsawicki.http.HttpRequestTest)
*************MMAJID testStarted
*************MMAJID testFailure
java.lang.AssertionError: expected:<us er> but was:<null>
	at org.junit.Assert.fail(Assert.java:93)
	at org.junit.Assert.failNotEquals(Assert.java:647)
	at org.junit.Assert.assertEquals(Assert.java:128)
	at org.junit.Assert.assertEquals(Assert.java:147)
	at com.github.kevinsawicki.http.HttpRequestTest.postWithEscapedVarargsQueryParams(HttpRequestTest.java:2555)
	at sun.reflect.NativeMethodAccessorImpl.invoke0(Native Method)
	at sun.reflect.NativeMethodAccessorImpl.invoke(NativeMethodAccessorImpl.java:62)
	at sun.reflect.DelegatingMethodAccessorImpl.invoke(DelegatingMethodAccessorImpl.java:43)
	at java.lang.reflect.Method.invoke(Method.java:498)
	at org.junit.runners.model.FrameworkMethod$1.runReflectiveCall(FrameworkMethod.java:45)
	at org.junit.internal.runners.model.ReflectiveCallable.run(ReflectiveCallable.java:15)
	at org.junit.runners.model.FrameworkMethod.invokeExplosively(FrameworkMethod.java:42)
	at org.junit.internal.runners.statements.InvokeMethod.evaluate(InvokeMethod.java:20)
	at org.junit.internal.runners.statements.RunBefores.evaluate(RunBefores.java:28)
	at org.junit.internal.runners.statements.RunAfters.evaluate(RunAfters.java:30)
	at org.junit.runners.ParentRunner.runLeaf(ParentRunner.java:263)
	at org.junit.runners.BlockJUnit4ClassRunner.runChild(BlockJUnit4ClassRunner.java:68)
	at org.junit.runners.BlockJUnit4ClassRunner.runChild(BlockJUnit4ClassRunner.java:47)
	at org.junit.runners.ParentRunner$3.run(ParentRunner.java:231)
	at org.junit.runners.ParentRunner$1.schedule(ParentRunner.java:60)
	at org.junit.runners.ParentRunner.runChildren(ParentRunner.java:229)
	at org.junit.runners.ParentRunner.access$000(ParentRunner.java:50)
	at org.junit.runners.ParentRunner$2.evaluate(ParentRunner.java:222)
	at org.junit.internal.runners.statements.RunBefores.evaluate(RunBefores.java:28)
	at org.junit.internal.runners.statements.RunAfters.evaluate(RunAfters.java:30)
	at org.junit.runners.ParentRunner.run(ParentRunner.java:300)
	at org.junit.runners.Suite.runChild(Suite.java:128)
	at org.junit.runners.Suite.runChild(Suite.java:24)
	at org.junit.runners.ParentRunner$3.run(ParentRunner.java:231)
	at org.junit.runners.ParentRunner$1.schedule(ParentRunner.java:60)
	at org.junit.runners.ParentRunner.runChildren(ParentRunner.java:229)
	at org.junit.runners.ParentRunner.access$000(ParentRunner.java:50)
	at org.junit.runners.ParentRunner$2.evaluate(ParentRunner.java:222)
	at org.junit.runners.ParentRunner.run(ParentRunner.java:300)
	at org.junit.runner.JUnitCore.run(JUnitCore.java:157)
	at org.junit.runner.JUnitCore.run(JUnitCore.java:136)
	at edu.illinois.cs.testrunner.execution.JUnitTestExecutor.execute(JUnitTestExecutor.java:251)
	at edu.illinois.cs.testrunner.execution.JUnitTestExecutor.executeWithJUnit4Runner(JUnitTestExecutor.java:319)
	at edu.illinois.cs.testrunner.execution.JUnitTestExecutor.runOrder(JUnitTestExecutor.java:49)
	at edu.illinois.cs.testrunner.execution.Executor$.$anonfun$run$1(Executor.scala:30)
	at scala.runtime.java8.JFunction0$mcV$sp.apply(JFunction0$mcV$sp.java:12)
	at scala.util.Try$.apply(Try.scala:209)
	at edu.illinois.cs.testrunner.execution.Executor$.run(Executor.scala:28)
	at edu.illinois.cs.testrunner.execution.Executor$.main(Executor.scala:18)
	at edu.illinois.cs.testrunner.execution.Executor.main(Executor.scala)
*************MMAJID testFinished
MMAJIDRun: 322629for com.github.kevinsawicki.http.HttpRequestTest.postWithEscapedVarargsQueryParams info: postWithEscapedVarargsQueryParams(com.github.kevinsawicki.http.HttpRequestTest)
*************MMAJID testStarted
*************MMAJID testFailure
java.lang.AssertionError: expected:<us er> but was:<null>
	at org.junit.Assert.fail(Assert.java:93)
	at org.junit.Assert.failNotEquals(Assert.java:647)
	at org.junit.Assert.assertEquals(Assert.java:128)
	at org.junit.Assert.assertEquals(Assert.java:147)
	at com.github.kevinsawicki.http.HttpRequestTest.putWithEscapedVarargsQueryParams(HttpRequestTest.java:2914)
	at sun.reflect.NativeMethodAccessorImpl.invoke0(Native Method)
	at sun.reflect.NativeMethodAccessorImpl.invoke(NativeMethodAccessorImpl.java:62)
	at sun.reflect.DelegatingMethodAccessorImpl.invoke(DelegatingMethodAccessorImpl.java:43)
	at java.lang.reflect.Method.invoke(Method.java:498)
	at org.junit.runners.model.FrameworkMethod$1.runReflectiveCall(FrameworkMethod.java:45)
	at org.junit.internal.runners.model.ReflectiveCallable.run(ReflectiveCallable.java:15)
	at org.junit.runners.model.FrameworkMethod.invokeExplosively(FrameworkMethod.java:42)
	at org.junit.internal.runners.statements.InvokeMethod.evaluate(InvokeMethod.java:20)
	at org.junit.internal.runners.statements.RunBefores.evaluate(RunBefores.java:28)
	at org.junit.internal.runners.statements.RunAfters.evaluate(RunAfters.java:30)
	at org.junit.runners.ParentRunner.runLeaf(ParentRunner.java:263)
	at org.junit.runners.BlockJUnit4ClassRunner.runChild(BlockJUnit4ClassRunner.java:68)
	at org.junit.runners.BlockJUnit4ClassRunner.runChild(BlockJUnit4ClassRunner.java:47)
	at org.junit.runners.ParentRunner$3.run(ParentRunner.java:231)
	at org.junit.runners.ParentRunner$1.schedule(ParentRunner.java:60)
	at org.junit.runners.ParentRunner.runChildren(ParentRunner.java:229)
	at org.junit.runners.ParentRunner.access$000(ParentRunner.java:50)
	at org.junit.runners.ParentRunner$2.evaluate(ParentRunner.java:222)
	at org.junit.internal.runners.statements.RunBefores.evaluate(RunBefores.java:28)
	at org.junit.internal.runners.statements.RunAfters.evaluate(RunAfters.java:30)
	at org.junit.runners.ParentRunner.run(ParentRunner.java:300)
	at org.junit.runners.Suite.runChild(Suite.java:128)
	at org.junit.runners.Suite.runChild(Suite.java:24)
	at org.junit.runners.ParentRunner$3.run(ParentRunner.java:231)
	at org.junit.runners.ParentRunner$1.schedule(ParentRunner.java:60)
	at org.junit.runners.ParentRunner.runChildren(ParentRunner.java:229)
	at org.junit.runners.ParentRunner.access$000(ParentRunner.java:50)
	at org.junit.runners.ParentRunner$2.evaluate(ParentRunner.java:222)
	at org.junit.runners.ParentRunner.run(ParentRunner.java:300)
	at org.junit.runner.JUnitCore.run(JUnitCore.java:157)
	at org.junit.runner.JUnitCore.run(JUnitCore.java:136)
	at edu.illinois.cs.testrunner.execution.JUnitTestExecutor.execute(JUnitTestExecutor.java:251)
	at edu.illinois.cs.testrunner.execution.JUnitTestExecutor.executeWithJUnit4Runner(JUnitTestExecutor.java:319)
	at edu.illinois.cs.testrunner.execution.JUnitTestExecutor.runOrder(JUnitTestExecutor.java:49)
	at edu.illinois.cs.testrunner.execution.Executor$.$anonfun$run$1(Executor.scala:30)
	at scala.runtime.java8.JFunction0$mcV$sp.apply(JFunction0$mcV$sp.java:12)
	at scala.util.Try$.apply(Try.scala:209)
	at edu.illinois.cs.testrunner.execution.Executor$.run(Executor.scala:28)
	at edu.illinois.cs.testrunner.execution.Executor$.main(Executor.scala:18)
	at edu.illinois.cs.testrunner.execution.Executor.main(Executor.scala)
*************MMAJID testFinished
MMAJIDRun: 345806for com.github.kevinsawicki.http.HttpRequestTest.putWithEscapedVarargsQueryParams info: putWithEscapedVarargsQueryParams(com.github.kevinsawicki.http.HttpRequestTest)
*************MMAJID testStarted
*************MMAJID testFinished
MMAJIDRun: 96334for com.github.kevinsawicki.http.HttpRequestTest.missingDateHeader info: missingDateHeader(com.github.kevinsawicki.http.HttpRequestTest)
*************MMAJID testStarted
*************MMAJID testFinished
MMAJIDRun: 20412for com.github.kevinsawicki.http.HttpRequestTest.appendWithVarargsQueryParamsWithExistingParams info: appendWithVarargsQueryParamsWithExistingParams(com.github.kevinsawicki.http.HttpRequestTest)
*************MMAJID testStarted
*************MMAJID testFinished
MMAJIDRun: 16751for com.github.kevinsawicki.http.HttpRequestTest.appendEmptyVarargsQueryParams info: appendEmptyVarargsQueryParams(com.github.kevinsawicki.http.HttpRequestTest)
*************MMAJID testStarted
*************MMAJID testFinished
MMAJIDRun: 173178for com.github.kevinsawicki.http.HttpRequestTest.uploadProgressSendByteArray info: uploadProgressSendByteArray(com.github.kevinsawicki.http.HttpRequestTest)
*************MMAJID testStarted
*************MMAJID testFinished
MMAJIDRun: 86996for com.github.kevinsawicki.http.HttpRequestTest.missingIntHeader info: missingIntHeader(com.github.kevinsawicki.http.HttpRequestTest)
*************MMAJID testStarted
*************MMAJID testFailure
org.junit.ComparisonFailure: expected:</[a resource]> but was:</[]>
	at org.junit.Assert.assertEquals(Assert.java:125)
	at org.junit.Assert.assertEquals(Assert.java:147)
	at com.github.kevinsawicki.http.HttpRequestTest.getUrlEncodedWithSpace(HttpRequestTest.java:285)
	at sun.reflect.NativeMethodAccessorImpl.invoke0(Native Method)
	at sun.reflect.NativeMethodAccessorImpl.invoke(NativeMethodAccessorImpl.java:62)
	at sun.reflect.DelegatingMethodAccessorImpl.invoke(DelegatingMethodAccessorImpl.java:43)
	at java.lang.reflect.Method.invoke(Method.java:498)
	at org.junit.runners.model.FrameworkMethod$1.runReflectiveCall(FrameworkMethod.java:45)
	at org.junit.internal.runners.model.ReflectiveCallable.run(ReflectiveCallable.java:15)
	at org.junit.runners.model.FrameworkMethod.invokeExplosively(FrameworkMethod.java:42)
	at org.junit.internal.runners.statements.InvokeMethod.evaluate(InvokeMethod.java:20)
	at org.junit.internal.runners.statements.RunBefores.evaluate(RunBefores.java:28)
	at org.junit.internal.runners.statements.RunAfters.evaluate(RunAfters.java:30)
	at org.junit.runners.ParentRunner.runLeaf(ParentRunner.java:263)
	at org.junit.runners.BlockJUnit4ClassRunner.runChild(BlockJUnit4ClassRunner.java:68)
	at org.junit.runners.BlockJUnit4ClassRunner.runChild(BlockJUnit4ClassRunner.java:47)
	at org.junit.runners.ParentRunner$3.run(ParentRunner.java:231)
	at org.junit.runners.ParentRunner$1.schedule(ParentRunner.java:60)
	at org.junit.runners.ParentRunner.runChildren(ParentRunner.java:229)
	at org.junit.runners.ParentRunner.access$000(ParentRunner.java:50)
	at org.junit.runners.ParentRunner$2.evaluate(ParentRunner.java:222)
	at org.junit.internal.runners.statements.RunBefores.evaluate(RunBefores.java:28)
	at org.junit.internal.runners.statements.RunAfters.evaluate(RunAfters.java:30)
	at org.junit.runners.ParentRunner.run(ParentRunner.java:300)
	at org.junit.runners.Suite.runChild(Suite.java:128)
	at org.junit.runners.Suite.runChild(Suite.java:24)
	at org.junit.runners.ParentRunner$3.run(ParentRunner.java:231)
	at org.junit.runners.ParentRunner$1.schedule(ParentRunner.java:60)
	at org.junit.runners.ParentRunner.runChildren(ParentRunner.java:229)
	at org.junit.runners.ParentRunner.access$000(ParentRunner.java:50)
	at org.junit.runners.ParentRunner$2.evaluate(ParentRunner.java:222)
	at org.junit.runners.ParentRunner.run(ParentRunner.java:300)
	at org.junit.runner.JUnitCore.run(JUnitCore.java:157)
	at org.junit.runner.JUnitCore.run(JUnitCore.java:136)
	at edu.illinois.cs.testrunner.execution.JUnitTestExecutor.execute(JUnitTestExecutor.java:251)
	at edu.illinois.cs.testrunner.execution.JUnitTestExecutor.executeWithJUnit4Runner(JUnitTestExecutor.java:319)
	at edu.illinois.cs.testrunner.execution.JUnitTestExecutor.runOrder(JUnitTestExecutor.java:49)
	at edu.illinois.cs.testrunner.execution.Executor$.$anonfun$run$1(Executor.scala:30)
	at scala.runtime.java8.JFunction0$mcV$sp.apply(JFunction0$mcV$sp.java:12)
	at scala.util.Try$.apply(Try.scala:209)
	at edu.illinois.cs.testrunner.execution.Executor$.run(Executor.scala:28)
	at edu.illinois.cs.testrunner.execution.Executor$.main(Executor.scala:18)
	at edu.illinois.cs.testrunner.execution.Executor.main(Executor.scala)
*************MMAJID testFinished
MMAJIDRun: 289569for com.github.kevinsawicki.http.HttpRequestTest.getUrlEncodedWithSpace info: getUrlEncodedWithSpace(com.github.kevinsawicki.http.HttpRequestTest)
*************MMAJID testStarted
*************MMAJID testFinished
MMAJIDRun: 131688for com.github.kevinsawicki.http.HttpRequestTest.getEmpty info: getEmpty(com.github.kevinsawicki.http.HttpRequestTest)
*************MMAJID testStarted
java.lang.AssertionError: expected:<us er> but was:<null>
*************MMAJID testFailure
	at org.junit.Assert.fail(Assert.java:93)
	at org.junit.Assert.failNotEquals(Assert.java:647)
	at org.junit.Assert.assertEquals(Assert.java:128)
	at org.junit.Assert.assertEquals(Assert.java:147)
	at com.github.kevinsawicki.http.HttpRequestTest.headWithEscapedVarargsQueryParams(HttpRequestTest.java:3024)
	at sun.reflect.NativeMethodAccessorImpl.invoke0(Native Method)
	at sun.reflect.NativeMethodAccessorImpl.invoke(NativeMethodAccessorImpl.java:62)
	at sun.reflect.DelegatingMethodAccessorImpl.invoke(DelegatingMethodAccessorImpl.java:43)
	at java.lang.reflect.Method.invoke(Method.java:498)
	at org.junit.runners.model.FrameworkMethod$1.runReflectiveCall(FrameworkMethod.java:45)
	at org.junit.internal.runners.model.ReflectiveCallable.run(ReflectiveCallable.java:15)
	at org.junit.runners.model.FrameworkMethod.invokeExplosively(FrameworkMethod.java:42)
	at org.junit.internal.runners.statements.InvokeMethod.evaluate(InvokeMethod.java:20)
	at org.junit.internal.runners.statements.RunBefores.evaluate(RunBefores.java:28)
	at org.junit.internal.runners.statements.RunAfters.evaluate(RunAfters.java:30)
	at org.junit.runners.ParentRunner.runLeaf(ParentRunner.java:263)
	at org.junit.runners.BlockJUnit4ClassRunner.runChild(BlockJUnit4ClassRunner.java:68)
	at org.junit.runners.BlockJUnit4ClassRunner.runChild(BlockJUnit4ClassRunner.java:47)
	at org.junit.runners.ParentRunner$3.run(ParentRunner.java:231)
	at org.junit.runners.ParentRunner$1.schedule(ParentRunner.java:60)
	at org.junit.runners.ParentRunner.runChildren(ParentRunner.java:229)
	at org.junit.runners.ParentRunner.access$000(ParentRunner.java:50)
	at org.junit.runners.ParentRunner$2.evaluate(ParentRunner.java:222)
	at org.junit.internal.runners.statements.RunBefores.evaluate(RunBefores.java:28)
	at org.junit.internal.runners.statements.RunAfters.evaluate(RunAfters.java:30)
	at org.junit.runners.ParentRunner.run(ParentRunner.java:300)
	at org.junit.runners.Suite.runChild(Suite.java:128)
	at org.junit.runners.Suite.runChild(Suite.java:24)
	at org.junit.runners.ParentRunner$3.run(ParentRunner.java:231)
	at org.junit.runners.ParentRunner$1.schedule(ParentRunner.java:60)
	at org.junit.runners.ParentRunner.runChildren(ParentRunner.java:229)
	at org.junit.runners.ParentRunner.access$000(ParentRunner.java:50)
	at org.junit.runners.ParentRunner$2.evaluate(ParentRunner.java:222)
	at org.junit.runners.ParentRunner.run(ParentRunner.java:300)
	at org.junit.runner.JUnitCore.run(JUnitCore.java:157)
	at org.junit.runner.JUnitCore.run(JUnitCore.java:136)
	at edu.illinois.cs.testrunner.execution.JUnitTestExecutor.execute(JUnitTestExecutor.java:251)
	at edu.illinois.cs.testrunner.execution.JUnitTestExecutor.executeWithJUnit4Runner(JUnitTestExecutor.java:319)
	at edu.illinois.cs.testrunner.execution.JUnitTestExecutor.runOrder(JUnitTestExecutor.java:49)
	at edu.illinois.cs.testrunner.execution.Executor$.$anonfun$run$1(Executor.scala:30)
	at scala.runtime.java8.JFunction0$mcV$sp.apply(JFunction0$mcV$sp.java:12)
	at scala.util.Try$.apply(Try.scala:209)
	at edu.illinois.cs.testrunner.execution.Executor$.run(Executor.scala:28)
	at edu.illinois.cs.testrunner.execution.Executor$.main(Executor.scala:18)
	at edu.illinois.cs.testrunner.execution.Executor.main(Executor.scala)
*************MMAJID testFinished
MMAJIDRun: 331428for com.github.kevinsawicki.http.HttpRequestTest.headWithEscapedVarargsQueryParams info: headWithEscapedVarargsQueryParams(com.github.kevinsawicki.http.HttpRequestTest)
*************MMAJID testStarted
*************MMAJID testFinished
MMAJIDRun: 97655for com.github.kevinsawicki.http.HttpRequestTest.userAgentHeader info: userAgentHeader(com.github.kevinsawicki.http.HttpRequestTest)
*************MMAJID testStarted
*************MMAJID testFinished
MMAJIDRun: 89564for com.github.kevinsawicki.http.HttpRequestTest.notModifiedCode info: notModifiedCode(com.github.kevinsawicki.http.HttpRequestTest)
*************MMAJID testStarted
*************MMAJID testFinished
MMAJIDRun: 110806for com.github.kevinsawicki.http.HttpRequestTest.getHeaders info: getHeaders(com.github.kevinsawicki.http.HttpRequestTest)
*************MMAJID testStarted
*************MMAJID testFinished
MMAJIDRun: 124868for com.github.kevinsawicki.http.HttpRequestTest.bodyOfEmptyErrorResponse info: bodyOfEmptyErrorResponse(com.github.kevinsawicki.http.HttpRequestTest)
*************MMAJID testStarted
*************MMAJID testFinished
MMAJIDRun: 350615for com.github.kevinsawicki.http.HttpRequestTest.postMultipart info: postMultipart(com.github.kevinsawicki.http.HttpRequestTest)
*************MMAJID testStarted
*************MMAJID testFinished
MMAJIDRun: 378014for com.github.kevinsawicki.http.HttpRequestTest.postNonEmptyReader info: postNonEmptyReader(com.github.kevinsawicki.http.HttpRequestTest)
*************MMAJID testStarted
*************MMAJID testFinished
MMAJIDRun: 97536for com.github.kevinsawicki.http.HttpRequestTest.getToOutputBody info: getToOutputBody(com.github.kevinsawicki.http.HttpRequestTest)
*************MMAJID testStarted
*************MMAJID testFinished
MMAJIDRun: 139322for com.github.kevinsawicki.http.HttpRequestTest.sendDateHeaderWithoutCode info: sendDateHeaderWithoutCode(com.github.kevinsawicki.http.HttpRequestTest)
*************MMAJID testStarted
*************MMAJID testFinished
MMAJIDRun: 90437for com.github.kevinsawicki.http.HttpRequestTest.getMultipleParameters info: getMultipleParameters(com.github.kevinsawicki.http.HttpRequestTest)
*************MMAJID testStarted
*************MMAJID testFailure
java.lang.AssertionError: expected:<user> but was:<null>
	at org.junit.Assert.fail(Assert.java:93)
	at org.junit.Assert.failNotEquals(Assert.java:647)
	at org.junit.Assert.assertEquals(Assert.java:128)
	at org.junit.Assert.assertEquals(Assert.java:147)
	at com.github.kevinsawicki.http.HttpRequestTest.putWithVarargsQueryParams(HttpRequestTest.java:2859)
	at sun.reflect.NativeMethodAccessorImpl.invoke0(Native Method)
	at sun.reflect.NativeMethodAccessorImpl.invoke(NativeMethodAccessorImpl.java:62)
	at sun.reflect.DelegatingMethodAccessorImpl.invoke(DelegatingMethodAccessorImpl.java:43)
	at java.lang.reflect.Method.invoke(Method.java:498)
	at org.junit.runners.model.FrameworkMethod$1.runReflectiveCall(FrameworkMethod.java:45)
	at org.junit.internal.runners.model.ReflectiveCallable.run(ReflectiveCallable.java:15)
	at org.junit.runners.model.FrameworkMethod.invokeExplosively(FrameworkMethod.java:42)
	at org.junit.internal.runners.statements.InvokeMethod.evaluate(InvokeMethod.java:20)
	at org.junit.internal.runners.statements.RunBefores.evaluate(RunBefores.java:28)
	at org.junit.internal.runners.statements.RunAfters.evaluate(RunAfters.java:30)
	at org.junit.runners.ParentRunner.runLeaf(ParentRunner.java:263)
	at org.junit.runners.BlockJUnit4ClassRunner.runChild(BlockJUnit4ClassRunner.java:68)
	at org.junit.runners.BlockJUnit4ClassRunner.runChild(BlockJUnit4ClassRunner.java:47)
	at org.junit.runners.ParentRunner$3.run(ParentRunner.java:231)
	at org.junit.runners.ParentRunner$1.schedule(ParentRunner.java:60)
	at org.junit.runners.ParentRunner.runChildren(ParentRunner.java:229)
	at org.junit.runners.ParentRunner.access$000(ParentRunner.java:50)
	at org.junit.runners.ParentRunner$2.evaluate(ParentRunner.java:222)
	at org.junit.internal.runners.statements.RunBefores.evaluate(RunBefores.java:28)
	at org.junit.internal.runners.statements.RunAfters.evaluate(RunAfters.java:30)
	at org.junit.runners.ParentRunner.run(ParentRunner.java:300)
	at org.junit.runners.Suite.runChild(Suite.java:128)
	at org.junit.runners.Suite.runChild(Suite.java:24)
	at org.junit.runners.ParentRunner$3.run(ParentRunner.java:231)
	at org.junit.runners.ParentRunner$1.schedule(ParentRunner.java:60)
	at org.junit.runners.ParentRunner.runChildren(ParentRunner.java:229)
	at org.junit.runners.ParentRunner.access$000(ParentRunner.java:50)
	at org.junit.runners.ParentRunner$2.evaluate(ParentRunner.java:222)
	at org.junit.runners.ParentRunner.run(ParentRunner.java:300)
	at org.junit.runner.JUnitCore.run(JUnitCore.java:157)
	at org.junit.runner.JUnitCore.run(JUnitCore.java:136)
	at edu.illinois.cs.testrunner.execution.JUnitTestExecutor.execute(JUnitTestExecutor.java:251)
	at edu.illinois.cs.testrunner.execution.JUnitTestExecutor.executeWithJUnit4Runner(JUnitTestExecutor.java:319)
	at edu.illinois.cs.testrunner.execution.JUnitTestExecutor.runOrder(JUnitTestExecutor.java:49)
	at edu.illinois.cs.testrunner.execution.Executor$.$anonfun$run$1(Executor.scala:30)
	at scala.runtime.java8.JFunction0$mcV$sp.apply(JFunction0$mcV$sp.java:12)
	at scala.util.Try$.apply(Try.scala:209)
	at edu.illinois.cs.testrunner.execution.Executor$.run(Executor.scala:28)
	at edu.illinois.cs.testrunner.execution.Executor$.main(Executor.scala:18)
*************MMAJID testFinished
MMAJIDRun: 330258for com.github.kevinsawicki.http.HttpRequestTest.putWithVarargsQueryParams info: putWithVarargsQueryParams(com.github.kevinsawicki.http.HttpRequestTest)
	at edu.illinois.cs.testrunner.execution.Executor.main(Executor.scala)
*************MMAJID testStarted
*************MMAJID testFinished
MMAJIDRun: 33426for com.github.kevinsawicki.http.HttpRequestTest.appendOddNumberOfParams info: appendOddNumberOfParams(com.github.kevinsawicki.http.HttpRequestTest)
*************MMAJID testStarted
*************MMAJID testFinished
MMAJIDRun: 17570for com.github.kevinsawicki.http.HttpRequestTest.appendWithNullMappedQueryParamValues info: appendWithNullMappedQueryParamValues(com.github.kevinsawicki.http.HttpRequestTest)
*************MMAJID testStarted
*************MMAJID testFinished
MMAJIDRun: 92196for com.github.kevinsawicki.http.HttpRequestTest.getNonGzippedWithUncompressEnabled info: getNonGzippedWithUncompressEnabled(com.github.kevinsawicki.http.HttpRequestTest)
*************MMAJID testStarted
*************MMAJID testFinished
MMAJIDRun: 92374for com.github.kevinsawicki.http.HttpRequestTest.acceptEncodingHeader info: acceptEncodingHeader(com.github.kevinsawicki.http.HttpRequestTest)
*************MMAJID testStarted
*************MMAJID testFinished
MMAJIDRun: 208028for com.github.kevinsawicki.http.HttpRequestTest.uploadProgressSendReader info: uploadProgressSendReader(com.github.kevinsawicki.http.HttpRequestTest)
*************MMAJID testStarted
java.lang.AssertionError: expected:<user> but was:<null>
*************MMAJID testFailure
	at org.junit.Assert.fail(Assert.java:93)
	at org.junit.Assert.failNotEquals(Assert.java:647)
	at org.junit.Assert.assertEquals(Assert.java:128)
	at org.junit.Assert.assertEquals(Assert.java:147)
	at com.github.kevinsawicki.http.HttpRequestTest.deleteWithVarargsQueryParams(HttpRequestTest.java:2749)
	at sun.reflect.NativeMethodAccessorImpl.invoke0(Native Method)
	at sun.reflect.NativeMethodAccessorImpl.invoke(NativeMethodAccessorImpl.java:62)
	at sun.reflect.DelegatingMethodAccessorImpl.invoke(DelegatingMethodAccessorImpl.java:43)
	at java.lang.reflect.Method.invoke(Method.java:498)
	at org.junit.runners.model.FrameworkMethod$1.runReflectiveCall(FrameworkMethod.java:45)
	at org.junit.internal.runners.model.ReflectiveCallable.run(ReflectiveCallable.java:15)
	at org.junit.runners.model.FrameworkMethod.invokeExplosively(FrameworkMethod.java:42)
	at org.junit.internal.runners.statements.InvokeMethod.evaluate(InvokeMethod.java:20)
	at org.junit.internal.runners.statements.RunBefores.evaluate(RunBefores.java:28)
	at org.junit.internal.runners.statements.RunAfters.evaluate(RunAfters.java:30)
	at org.junit.runners.ParentRunner.runLeaf(ParentRunner.java:263)
	at org.junit.runners.BlockJUnit4ClassRunner.runChild(BlockJUnit4ClassRunner.java:68)
	at org.junit.runners.BlockJUnit4ClassRunner.runChild(BlockJUnit4ClassRunner.java:47)
	at org.junit.runners.ParentRunner$3.run(ParentRunner.java:231)
	at org.junit.runners.ParentRunner$1.schedule(ParentRunner.java:60)
	at org.junit.runners.ParentRunner.runChildren(ParentRunner.java:229)
	at org.junit.runners.ParentRunner.access$000(ParentRunner.java:50)
	at org.junit.runners.ParentRunner$2.evaluate(ParentRunner.java:222)
	at org.junit.internal.runners.statements.RunBefores.evaluate(RunBefores.java:28)
	at org.junit.internal.runners.statements.RunAfters.evaluate(RunAfters.java:30)
	at org.junit.runners.ParentRunner.run(ParentRunner.java:300)
	at org.junit.runners.Suite.runChild(Suite.java:128)
	at org.junit.runners.Suite.runChild(Suite.java:24)
	at org.junit.runners.ParentRunner$3.run(ParentRunner.java:231)
	at org.junit.runners.ParentRunner$1.schedule(ParentRunner.java:60)
	at org.junit.runners.ParentRunner.runChildren(ParentRunner.java:229)
	at org.junit.runners.ParentRunner.access$000(ParentRunner.java:50)
	at org.junit.runners.ParentRunner$2.evaluate(ParentRunner.java:222)
	at org.junit.runners.ParentRunner.run(ParentRunner.java:300)
	at org.junit.runner.JUnitCore.run(JUnitCore.java:157)
	at org.junit.runner.JUnitCore.run(JUnitCore.java:136)
	at edu.illinois.cs.testrunner.execution.JUnitTestExecutor.execute(JUnitTestExecutor.java:251)
	at edu.illinois.cs.testrunner.execution.JUnitTestExecutor.executeWithJUnit4Runner(JUnitTestExecutor.java:319)
	at edu.illinois.cs.testrunner.execution.JUnitTestExecutor.runOrder(JUnitTestExecutor.java:49)
	at edu.illinois.cs.testrunner.execution.Executor$.$anonfun$run$1(Executor.scala:30)
	at scala.runtime.java8.JFunction0$mcV$sp.apply(JFunction0$mcV$sp.java:12)
	at scala.util.Try$.apply(Try.scala:209)
	at edu.illinois.cs.testrunner.execution.Executor$.run(Executor.scala:28)
	at edu.illinois.cs.testrunner.execution.Executor$.main(Executor.scala:18)
*************MMAJID testFinished
	at edu.illinois.cs.testrunner.execution.Executor.main(Executor.scala)
MMAJIDRun: 286622for com.github.kevinsawicki.http.HttpRequestTest.deleteWithVarargsQueryParams info: deleteWithVarargsQueryParams(com.github.kevinsawicki.http.HttpRequestTest)
*************MMAJID testStarted
*************MMAJID testFinished
MMAJIDRun: 98261for com.github.kevinsawicki.http.HttpRequestTest.getBufferedReader info: getBufferedReader(com.github.kevinsawicki.http.HttpRequestTest)
*************MMAJID testStarted
*************MMAJID testFinished
MMAJIDRun: 88130for com.github.kevinsawicki.http.HttpRequestTest.contentTypeHeader info: contentTypeHeader(com.github.kevinsawicki.http.HttpRequestTest)
*************MMAJID testStarted
*************MMAJID testFailure
java.lang.AssertionError: expected:<user> but was:<null>
	at org.junit.Assert.fail(Assert.java:93)
	at org.junit.Assert.failNotEquals(Assert.java:647)
	at org.junit.Assert.assertEquals(Assert.java:128)
	at org.junit.Assert.assertEquals(Assert.java:147)
	at com.github.kevinsawicki.http.HttpRequestTest.putWithMappedQueryParams(HttpRequestTest.java:2833)
	at sun.reflect.NativeMethodAccessorImpl.invoke0(Native Method)
	at sun.reflect.NativeMethodAccessorImpl.invoke(NativeMethodAccessorImpl.java:62)
	at sun.reflect.DelegatingMethodAccessorImpl.invoke(DelegatingMethodAccessorImpl.java:43)
	at java.lang.reflect.Method.invoke(Method.java:498)
	at org.junit.runners.model.FrameworkMethod$1.runReflectiveCall(FrameworkMethod.java:45)
	at org.junit.internal.runners.model.ReflectiveCallable.run(ReflectiveCallable.java:15)
	at org.junit.runners.model.FrameworkMethod.invokeExplosively(FrameworkMethod.java:42)
	at org.junit.internal.runners.statements.InvokeMethod.evaluate(InvokeMethod.java:20)
	at org.junit.internal.runners.statements.RunBefores.evaluate(RunBefores.java:28)
	at org.junit.internal.runners.statements.RunAfters.evaluate(RunAfters.java:30)
	at org.junit.runners.ParentRunner.runLeaf(ParentRunner.java:263)
	at org.junit.runners.BlockJUnit4ClassRunner.runChild(BlockJUnit4ClassRunner.java:68)
	at org.junit.runners.BlockJUnit4ClassRunner.runChild(BlockJUnit4ClassRunner.java:47)
	at org.junit.runners.ParentRunner$3.run(ParentRunner.java:231)
	at org.junit.runners.ParentRunner$1.schedule(ParentRunner.java:60)
	at org.junit.runners.ParentRunner.runChildren(ParentRunner.java:229)
	at org.junit.runners.ParentRunner.access$000(ParentRunner.java:50)
	at org.junit.runners.ParentRunner$2.evaluate(ParentRunner.java:222)
	at org.junit.internal.runners.statements.RunBefores.evaluate(RunBefores.java:28)
	at org.junit.internal.runners.statements.RunAfters.evaluate(RunAfters.java:30)
	at org.junit.runners.ParentRunner.run(ParentRunner.java:300)
	at org.junit.runners.Suite.runChild(Suite.java:128)
	at org.junit.runners.Suite.runChild(Suite.java:24)
	at org.junit.runners.ParentRunner$3.run(ParentRunner.java:231)
	at org.junit.runners.ParentRunner$1.schedule(ParentRunner.java:60)
	at org.junit.runners.ParentRunner.runChildren(ParentRunner.java:229)
	at org.junit.runners.ParentRunner.access$000(ParentRunner.java:50)
	at org.junit.runners.ParentRunner$2.evaluate(ParentRunner.java:222)
	at org.junit.runners.ParentRunner.run(ParentRunner.java:300)
	at org.junit.runner.JUnitCore.run(JUnitCore.java:157)
	at org.junit.runner.JUnitCore.run(JUnitCore.java:136)
	at edu.illinois.cs.testrunner.execution.JUnitTestExecutor.execute(JUnitTestExecutor.java:251)
	at edu.illinois.cs.testrunner.execution.JUnitTestExecutor.executeWithJUnit4Runner(JUnitTestExecutor.java:319)
	at edu.illinois.cs.testrunner.execution.JUnitTestExecutor.runOrder(JUnitTestExecutor.java:49)
	at edu.illinois.cs.testrunner.execution.Executor$.$anonfun$run$1(Executor.scala:30)
	at scala.runtime.java8.JFunction0$mcV$sp.apply(JFunction0$mcV$sp.java:12)
	at scala.util.Try$.apply(Try.scala:209)
	at edu.illinois.cs.testrunner.execution.Executor$.run(Executor.scala:28)
	at edu.illinois.cs.testrunner.execution.Executor$.main(Executor.scala:18)
*************MMAJID testFinished
	at edu.illinois.cs.testrunner.execution.Executor.main(Executor.scala)
MMAJIDRun: 284426for com.github.kevinsawicki.http.HttpRequestTest.putWithMappedQueryParams info: putWithMappedQueryParams(com.github.kevinsawicki.http.HttpRequestTest)
*************MMAJID testStarted
*************MMAJID testFinished
MMAJIDRun: 94224for com.github.kevinsawicki.http.HttpRequestTest.getReader info: getReader(com.github.kevinsawicki.http.HttpRequestTest)
*************MMAJID testStarted
*************MMAJID testFinished
MMAJIDRun: 77908for com.github.kevinsawicki.http.HttpRequestTest.nullConnectionFactory info: nullConnectionFactory(com.github.kevinsawicki.http.HttpRequestTest)
*************MMAJID testStarted
*************MMAJID testFinished
MMAJIDRun: 232355for com.github.kevinsawicki.http.HttpRequestTest.basicProxyAuthentication info: basicProxyAuthentication(com.github.kevinsawicki.http.HttpRequestTest)
*************MMAJID testStarted
*************MMAJID testFinished
MMAJIDRun: 113802for com.github.kevinsawicki.http.HttpRequestTest.malformedDateHeader info: malformedDateHeader(com.github.kevinsawicki.http.HttpRequestTest)
*************MMAJID testStarted
*************MMAJID testFinished
MMAJIDRun: 83634for com.github.kevinsawicki.http.HttpRequestTest.streamOfEmptyOkResponse info: streamOfEmptyOkResponse(com.github.kevinsawicki.http.HttpRequestTest)
*************MMAJID testStarted
*************MMAJID testFinished
MMAJIDRun: 199369for com.github.kevinsawicki.http.HttpRequestTest.receiveWriter info: receiveWriter(com.github.kevinsawicki.http.HttpRequestTest)
*************MMAJID testStarted
*************MMAJID testFinished
MMAJIDRun: 99373for com.github.kevinsawicki.http.HttpRequestTest.headWithMappedQueryParams info: headWithMappedQueryParams(com.github.kevinsawicki.http.HttpRequestTest)
*************MMAJID testStarted
*************MMAJID testFinished
MMAJIDRun: 16954for com.github.kevinsawicki.http.HttpRequestTest.appendMappedQueryParamsWithNoPath info: appendMappedQueryParamsWithNoPath(com.github.kevinsawicki.http.HttpRequestTest)
*************MMAJID testStarted
*************MMAJID testFinished
MMAJIDRun: 92111for com.github.kevinsawicki.http.HttpRequestTest.acceptJson info: acceptJson(com.github.kevinsawicki.http.HttpRequestTest)
*************MMAJID testStarted
*************MMAJID testFinished
MMAJIDRun: 208873for com.github.kevinsawicki.http.HttpRequestTest.receiveAppendable info: receiveAppendable(com.github.kevinsawicki.http.HttpRequestTest)
*************MMAJID testStarted
*************MMAJID testFinished
MMAJIDRun: 94713for com.github.kevinsawicki.http.HttpRequestTest.getWithResponseCharsetAsSecondParam info: getWithResponseCharsetAsSecondParam(com.github.kevinsawicki.http.HttpRequestTest)
*************MMAJID testStarted
*************MMAJID testFinished
MMAJIDRun: 84888for com.github.kevinsawicki.http.HttpRequestTest.optionsEmpty info: optionsEmpty(com.github.kevinsawicki.http.HttpRequestTest)
*************MMAJID testStarted
*************MMAJID testFinished
MMAJIDRun: 105854for com.github.kevinsawicki.http.HttpRequestTest.getWithVarargsQueryParams info: getWithVarargsQueryParams(com.github.kevinsawicki.http.HttpRequestTest)
*************MMAJID testStarted
*************MMAJID testFinished
MMAJIDRun: 142786for com.github.kevinsawicki.http.HttpRequestTest.getWithEscapedMappedQueryParams info: getWithEscapedMappedQueryParams(com.github.kevinsawicki.http.HttpRequestTest)
*************MMAJID testStarted
*************MMAJID testFinished
MMAJIDRun: 99997for com.github.kevinsawicki.http.HttpRequestTest.expiresHeader info: expiresHeader(com.github.kevinsawicki.http.HttpRequestTest)
*************MMAJID testStarted
*************MMAJID testFinished
MMAJIDRun: 140761for com.github.kevinsawicki.http.HttpRequestTest.postForm info: postForm(com.github.kevinsawicki.http.HttpRequestTest)
*************MMAJID testStarted
*************MMAJID testFinished
MMAJIDRun: 121748for com.github.kevinsawicki.http.HttpRequestTest.deleteWithEscapedVarargsQueryParams info: deleteWithEscapedVarargsQueryParams(com.github.kevinsawicki.http.HttpRequestTest)
*************MMAJID testStarted
*************MMAJID testFinished
MMAJIDRun: 90044for com.github.kevinsawicki.http.HttpRequestTest.numberHeader info: numberHeader(com.github.kevinsawicki.http.HttpRequestTest)
*************MMAJID testStarted
*************MMAJID testFinished
MMAJIDRun: 84069for com.github.kevinsawicki.http.HttpRequestTest.getBytes info: getBytes(com.github.kevinsawicki.http.HttpRequestTest)
*************MMAJID testStarted
*************MMAJID testFinished
MMAJIDRun: 82533for com.github.kevinsawicki.http.HttpRequestTest.getNonEmptyString info: getNonEmptyString(com.github.kevinsawicki.http.HttpRequestTest)
*************MMAJID testStarted
*************MMAJID testFinished
MMAJIDRun: 28758for com.github.kevinsawicki.http.HttpRequestTest.singleVerifier info: singleVerifier(com.github.kevinsawicki.http.HttpRequestTest)
*************MMAJID testStarted
*************MMAJID testFinished
MMAJIDRun: 16979for com.github.kevinsawicki.http.HttpRequestTest.appendVarargsQueryParmasWithNoPath info: appendVarargsQueryParmasWithNoPath(com.github.kevinsawicki.http.HttpRequestTest)
*************MMAJID testStarted
*************MMAJID testFinished
MMAJIDRun: 36452for com.github.kevinsawicki.http.EncodeTest.encodeMalformedUri info: encodeMalformedUri(com.github.kevinsawicki.http.EncodeTest)
*************MMAJID testStarted
*************MMAJID testFinished
MMAJIDRun: 377969for com.github.kevinsawicki.http.EncodeTest.encode info: encode(com.github.kevinsawicki.http.EncodeTest)
*************MMAJID runtimes
*************MMAJID runtimes
*************MMAJID runtimes
*************MMAJID runtimes
*************MMAJID runtimes
*************MMAJID runtimes
*************MMAJID runtimes
*************MMAJID runtimes
*************MMAJID runtimes
*************MMAJID runtimes
*************MMAJID runtimes
*************MMAJID runtimes
*************MMAJID runtimes
*************MMAJID runtimes
*************MMAJID runtimes
*************MMAJID runtimes
*************MMAJID runtimes
*************MMAJID runtimes
*************MMAJID runtimes
*************MMAJID runtimes
*************MMAJID runtimes
*************MMAJID runtimes
*************MMAJID runtimes
*************MMAJID runtimes
*************MMAJID runtimes
*************MMAJID ignored
*************MMAJID runtimes
*************MMAJID runtimes
*************MMAJID runtimes
*************MMAJID runtimes
*************MMAJID runtimes
*************MMAJID runtimes
*************MMAJID runtimes
*************MMAJID runtimes
*************MMAJID runtimes
*************MMAJID runtimes
*************MMAJID runtimes
*************MMAJID runtimes
*************MMAJID runtimes
*************MMAJID runtimes
*************MMAJID runtimes
*************MMAJID runtimes
*************MMAJID runtimes
*************MMAJID runtimes
*************MMAJID runtimes
*************MMAJID runtimes
*************MMAJID runtimes
*************MMAJID runtimes
*************MMAJID runtimes
*************MMAJID runtimes
*************MMAJID runtimes
*************MMAJID runtimes
*************MMAJID runtimes
*************MMAJID runtimes
*************MMAJID runtimes
*************MMAJID runtimes
*************MMAJID runtimes
*************MMAJID runtimes
*************MMAJID runtimes
*************MMAJID runtimes
*************MMAJID runtimes
*************MMAJID runtimes
*************MMAJID runtimes
*************MMAJID runtimes
*************MMAJID runtimes
*************MMAJID runtimes
*************MMAJID runtimes
*************MMAJID runtimes
*************MMAJID runtimes
*************MMAJID runtimes
*************MMAJID runtimes
*************MMAJID runtimes
*************MMAJID runtimes
*************MMAJID runtimes
*************MMAJID runtimes
*************MMAJID runtimes
*************MMAJID runtimes
*************MMAJID runtimes
*************MMAJID runtimes
*************MMAJID runtimes
*************MMAJID runtimes
*************MMAJID runtimes
*************MMAJID runtimes
*************MMAJID runtimes
*************MMAJID runtimes
*************MMAJID runtimes
*************MMAJID runtimes
*************MMAJID runtimes
*************MMAJID runtimes
*************MMAJID runtimes
*************MMAJID runtimes
*************MMAJID runtimes
*************MMAJID runtimes
*************MMAJID runtimes
*************MMAJID runtimes
*************MMAJID runtimes
*************MMAJID runtimes
*************MMAJID runtimes
*************MMAJID runtimes
*************MMAJID runtimes
*************MMAJID runtimes
*************MMAJID runtimes
*************MMAJID runtimes
*************MMAJID runtimes
*************MMAJID runtimes
*************MMAJID runtimes
*************MMAJID runtimes
*************MMAJID runtimes
*************MMAJID runtimes
*************MMAJID runtimes
*************MMAJID runtimes
*************MMAJID runtimes
*************MMAJID runtimes
*************MMAJID runtimes
*************MMAJID runtimes
*************MMAJID runtimes
*************MMAJID runtimes
*************MMAJID runtimes
*************MMAJID runtimes
*************MMAJID runtimes
*************MMAJID runtimes
*************MMAJID runtimes
*************MMAJID runtimes
*************MMAJID runtimes
*************MMAJID runtimes
*************MMAJID runtimes
*************MMAJID runtimes
*************MMAJID runtimes
*************MMAJID runtimes
*************MMAJID runtimes
*************MMAJID runtimes
*************MMAJID runtimes
*************MMAJID runtimes
*************MMAJID runtimes
*************MMAJID runtimes
*************MMAJID runtimes
*************MMAJID runtimes
*************MMAJID runtimes
*************MMAJID runtimes
*************MMAJID runtimes
*************MMAJID runtimes
*************MMAJID runtimes
*************MMAJID runtimes
*************MMAJID runtimes
*************MMAJID runtimes
*************MMAJID runtimes
*************MMAJID runtimes
*************MMAJID runtimes
*************MMAJID runtimes
*************MMAJID runtimes
*************MMAJID runtimes
*************MMAJID runtimes
*************MMAJID runtimes
*************MMAJID runtimes
*************MMAJID runtimes
*************MMAJID runtimes
*************MMAJID runtimes
*************MMAJID runtimes
*************MMAJID runtimes
*************MMAJID runtimes
*************MMAJID runtimes
*************MMAJID runtimes
*************MMAJID runtimes
*************MMAJID runtimes
*************MMAJID runtimes
*************MMAJID runtimes
*************MMAJID runtimes
*************MMAJID runtimes
*************MMAJID runtimes
*************MMAJID runtimes
*************MMAJID runtimes
*************MMAJID runtimes
*************MMAJID runtimes
*************MMAJID runtimes
*************MMAJID runtimes
*************MMAJID runtimes
*************MMAJID runtimes
*************MMAJID runtimes
*************MMAJID runtimes
*************MMAJID runtimes
*************MMAJID runtimes
*************MMAJID runtimes
*************MMAJID runtimes
*************MMAJID runtimes
*************MMAJID runtimes
*************MMAJID runtimes
*************MMAJID runtimes
*************MMAJID runtimes
*************MMAJID runtimes
*************MMAJID runtimes
*************MMAJID runtimes
*************MMAJID runtimes
*************MMAJID runtimes
*************MMAJID runtimes
*************MMAJID runtimes
*************MMAJID runtimes
*************MMAJID runtimes
*************MMAJID runtimes
*************MMAJID runtimes
*************MMAJID runtimes
*************MMAJID runtimes
*************MMAJID runtimes
*************MMAJID runtimes
*************MMAJID runtimes
*************MMAJID runtimes
*************MMAJID runtimes
*************MMAJID runtimes
*************MMAJID runtimes
*************MMAJID runtimes
*************MMAJID runtimes
*************MMAJID runtimes
*************MMAJID runtimes
*************MMAJID runtimes
*************MMAJID runtimes
*************MMAJID runtimes
*************MMAJID runtimes
*************MMAJID runtimes
*************MMAJID runtimes
*************MMAJID runtimes
*************MMAJID runtimes
*************MMAJID runtimes
*************MMAJID runtimes
*************MMAJID runtimes
*************MMAJID runtimes
*************MMAJID runtimes
*************MMAJID runtimes
*************MMAJID runtimes
*************MMAJID runtimes
*************MMAJID runtimes
*************MMAJID runtimes
*************MMAJID runtimes
*************MMAJID runtimes
*************MMAJID runtimes
*************MMAJID runtimes
*************MMAJID runtimes
*************MMAJID runtimes
*************MMAJID runtimes
*************MMAJID runtimes
*************MMAJID runtimes
*************MMAJID runtimes
*************MMAJID runtimes
*************MMAJID runtimes
*************MMAJID runtimes
*************MMAJID runtimes
*************MMAJID runtimes
*************MMAJID runtimes
*************MMAJID runtimes
*************MMAJID runtimes
*************MMAJID runtimes
*************MMAJID runtimes
*************MMAJID runtimes
*************MMAJID runtimes
*************MMAJID runtimes
*************MMAJID runtimes
*************MMAJID runtimes
*************MMAJID runtimes
*************MMAJID runtimes
*************MMAJID runtimes
*************MMAJID runtimes
*************MMAJID runtimes
*************MMAJID runtimes
*************MMAJID runtimes
*************MMAJID runtimes
*************MMAJID runtimes
*************MMAJID runtimes
*************MMAJID runtimes
*************MMAJID runtimes
*************MMAJID runtimes
*************MMAJID runtimes
*************MMAJID runtimes
*************MMAJID runtimes
*************MMAJID runtimes
*************MMAJID runtimes
*************MMAJID runtimes
*************MMAJID runtimes
*************MMAJID runtimes
*************MMAJID runtimes
*************MMAJID runtimes
*************MMAJID runtimes
*************MMAJID runtimes
*************MMAJID runtimes
*************MMAJID runtimes
*************MMAJID runtimes
*************MMAJID runtimes
*************MMAJID runtimes
*************MMAJID runtimes
*************MMAJID runtimes
*************MMAJID runtimes
*************MMAJID runtimes
*************MMAJID runtimes
*************MMAJID runtimes
*************MMAJID runtimes
*************MMAJID runtimes
*************MMAJID runtimes
*************MMAJID runtimes
*************MMAJID runtimes
*************MMAJID runtimes
*************MMAJID runtimes
*************MMAJID runtimes
*************MMAJID runtimes
*************MMAJID runtimes
*************MMAJID runtimes
*************MMAJID runtimes
*************MMAJID runtimes
*************MMAJID runtimes
*************MMAJID runtimes
*************MMAJID runtimes
*************MMAJID runtimes
*************MMAJID runtimes
*************MMAJID runtimes
*************MMAJID runtimes
*************MMAJID runtimes
*************MMAJID runtimes
*************MMAJID runtimes
*************MMAJID runtimes
*************MMAJID runtimes
*************MMAJID runtimes
*************MMAJID runtimes
*************MMAJID runtimes
*************MMAJID runtimes
*************MMAJID runtimes
*************MMAJID runtimes
*************MMAJID runtimes
*************MMAJID runtimes
*************MMAJID runtimes
*************MMAJID runtimes
*************MMAJID runtimes
*************MMAJID runtimes
