*************MMAJID TestListener
2020-10-29 21:49:33.521:INFO:oejs.Server:jetty-8.1.9.v20130131
2020-10-29 21:49:33.536:INFO:oejs.AbstractConnector:Started SelectChannelConnector@0.0.0.0:36383
2020-10-29 21:49:33.544:INFO:oejs.Server:jetty-8.1.9.v20130131
2020-10-29 21:49:33.547:INFO:oejs.AbstractConnector:Started SelectChannelConnector@0.0.0.0:36381
*************MMAJID testStarted
*************MMAJID testFinished
MMAJIDRun: 53719791for com.github.kevinsawicki.http.HttpRequestTest.singleVerifier info: singleVerifier(com.github.kevinsawicki.http.HttpRequestTest)
*************MMAJID testStarted
*************MMAJID testFinished
MMAJIDRun: 2538069for com.github.kevinsawicki.http.HttpRequestTest.traceEmpty info: traceEmpty(com.github.kevinsawicki.http.HttpRequestTest)
*************MMAJID testStarted
*************MMAJID testFinished
MMAJIDRun: 164683for com.github.kevinsawicki.http.HttpRequestTest.contentEncodingHeader info: contentEncodingHeader(com.github.kevinsawicki.http.HttpRequestTest)
*************MMAJID testStarted
*************MMAJID testFinished
MMAJIDRun: 134492for com.github.kevinsawicki.http.HttpRequestTest.getToOutputCode info: getToOutputCode(com.github.kevinsawicki.http.HttpRequestTest)
*************MMAJID testStarted
*************MMAJID testFinished
MMAJIDRun: 141504for com.github.kevinsawicki.http.HttpRequestTest.getWithResponseCharset info: getWithResponseCharset(com.github.kevinsawicki.http.HttpRequestTest)
*************MMAJID testStarted
*************MMAJID testFinished
MMAJIDRun: 320604for com.github.kevinsawicki.http.HttpRequestTest.postNonEmptyByteArray info: postNonEmptyByteArray(com.github.kevinsawicki.http.HttpRequestTest)
*************MMAJID testStarted
*************MMAJID testFinished
MMAJIDRun: 160193for com.github.kevinsawicki.http.HttpRequestTest.requestContentType info: requestContentType(com.github.kevinsawicki.http.HttpRequestTest)
*************MMAJID testStarted
*************MMAJID testFinished
MMAJIDRun: 143392for com.github.kevinsawicki.http.HttpRequestTest.getParameters info: getParameters(com.github.kevinsawicki.http.HttpRequestTest)
*************MMAJID testStarted
*************MMAJID testFinished
MMAJIDRun: 286177for com.github.kevinsawicki.http.HttpRequestTest.postWithEscapedMappedQueryParams info: postWithEscapedMappedQueryParams(com.github.kevinsawicki.http.HttpRequestTest)
*************MMAJID testStarted
*************MMAJID testFinished
MMAJIDRun: 37926for com.github.kevinsawicki.http.HttpRequestTest.appendWithNullMappedQueryParamValues info: appendWithNullMappedQueryParamValues(com.github.kevinsawicki.http.HttpRequestTest)
*************MMAJID testStarted
*************MMAJID testFinished
MMAJIDRun: 208655for com.github.kevinsawicki.http.HttpRequestTest.sendWithWriter info: sendWithWriter(com.github.kevinsawicki.http.HttpRequestTest)
*************MMAJID testStarted
*************MMAJID testFinished
MMAJIDRun: 384236for com.github.kevinsawicki.http.HttpRequestTest.getReader info: getReader(com.github.kevinsawicki.http.HttpRequestTest)
*************MMAJID testStarted
*************MMAJID testFinished
MMAJIDRun: 125916for com.github.kevinsawicki.http.HttpRequestTest.missingDateHeader info: missingDateHeader(com.github.kevinsawicki.http.HttpRequestTest)
*************MMAJID testStarted
*************MMAJID testFinished
MMAJIDRun: 134725for com.github.kevinsawicki.http.HttpRequestTest.deleteEmpty info: deleteEmpty(com.github.kevinsawicki.http.HttpRequestTest)
*************MMAJID testStarted
*************MMAJID testFinished
MMAJIDRun: 198500for com.github.kevinsawicki.http.HttpRequestTest.deleteWithEscapedVarargsQueryParams info: deleteWithEscapedVarargsQueryParams(com.github.kevinsawicki.http.HttpRequestTest)
*************MMAJID testStarted
*************MMAJID testFinished
MMAJIDRun: 739354for com.github.kevinsawicki.http.HttpRequestTest.basicProxyAuthentication info: basicProxyAuthentication(com.github.kevinsawicki.http.HttpRequestTest)
*************MMAJID testStarted
*************MMAJID testFinished
MMAJIDRun: 33567for com.github.kevinsawicki.http.HttpRequestTest.appendNullVaragsQueryParams info: appendNullVaragsQueryParams(com.github.kevinsawicki.http.HttpRequestTest)
*************MMAJID testStarted
*************MMAJID testFinished
MMAJIDRun: 273397for com.github.kevinsawicki.http.HttpRequestTest.postWithLength info: postWithLength(com.github.kevinsawicki.http.HttpRequestTest)
*************MMAJID testStarted
*************MMAJID testFinished
MMAJIDRun: 31865for com.github.kevinsawicki.http.HttpRequestTest.appendVarargsQueryParamsWithPath info: appendVarargsQueryParamsWithPath(com.github.kevinsawicki.http.HttpRequestTest)
*************MMAJID testStarted
*************MMAJID testFinished
MMAJIDRun: 127278for com.github.kevinsawicki.http.HttpRequestTest.deleteWithVarargsQueryParams info: deleteWithVarargsQueryParams(com.github.kevinsawicki.http.HttpRequestTest)
*************MMAJID testStarted
*************MMAJID testFinished
MMAJIDRun: 65227for com.github.kevinsawicki.http.HttpRequestTest.appendOddNumberOfParams info: appendOddNumberOfParams(com.github.kevinsawicki.http.HttpRequestTest)
*************MMAJID testStarted
*************MMAJID testFinished
MMAJIDRun: 251221for com.github.kevinsawicki.http.HttpRequestTest.receiveAppendable info: receiveAppendable(com.github.kevinsawicki.http.HttpRequestTest)
*************MMAJID testStarted
*************MMAJID testFinished
MMAJIDRun: 194498for com.github.kevinsawicki.http.HttpRequestTest.bodyOfEmptyErrorResponse info: bodyOfEmptyErrorResponse(com.github.kevinsawicki.http.HttpRequestTest)
*************MMAJID testStarted
*************MMAJID testFinished
MMAJIDRun: 31820for com.github.kevinsawicki.http.HttpRequestTest.appendVarargsQueryParmasWithNoPath info: appendVarargsQueryParmasWithNoPath(com.github.kevinsawicki.http.HttpRequestTest)
*************MMAJID testStarted
*************MMAJID testFinished
MMAJIDRun: 115975for com.github.kevinsawicki.http.HttpRequestTest.getToOutputBody info: getToOutputBody(com.github.kevinsawicki.http.HttpRequestTest)
*************MMAJID testStarted
*************MMAJID testFinished
MMAJIDRun: 109596for com.github.kevinsawicki.http.HttpRequestTest.acceptJson info: acceptJson(com.github.kevinsawicki.http.HttpRequestTest)
*************MMAJID testStarted
*************MMAJID testFinished
MMAJIDRun: 302072for com.github.kevinsawicki.http.HttpRequestTest.postFormWithNoCharset info: postFormWithNoCharset(com.github.kevinsawicki.http.HttpRequestTest)
*************MMAJID testStarted
*************MMAJID testFinished
MMAJIDRun: 149006for com.github.kevinsawicki.http.HttpRequestTest.putWithEscapedMappedQueryParams info: putWithEscapedMappedQueryParams(com.github.kevinsawicki.http.HttpRequestTest)
*************MMAJID testStarted
*************MMAJID testFinished
MMAJIDRun: 26662for com.github.kevinsawicki.http.HttpRequestTest.appendEmptyMappedQueryParams info: appendEmptyMappedQueryParams(com.github.kevinsawicki.http.HttpRequestTest)
*************MMAJID testStarted
*************MMAJID testFinished
MMAJIDRun: 108911for com.github.kevinsawicki.http.HttpRequestTest.getBytes info: getBytes(com.github.kevinsawicki.http.HttpRequestTest)
*************MMAJID testStarted
*************MMAJID testFinished
MMAJIDRun: 147309for com.github.kevinsawicki.http.HttpRequestTest.deleteWithEscapedMappedQueryParams info: deleteWithEscapedMappedQueryParams(com.github.kevinsawicki.http.HttpRequestTest)
*************MMAJID testStarted
*************MMAJID testFinished
MMAJIDRun: 126864for com.github.kevinsawicki.http.HttpRequestTest.dateHeader info: dateHeader(com.github.kevinsawicki.http.HttpRequestTest)
*************MMAJID testStarted
*************MMAJID testFinished
MMAJIDRun: 25697for com.github.kevinsawicki.http.HttpRequestTest.appendWithNullVaragsQueryParamValues info: appendWithNullVaragsQueryParamValues(com.github.kevinsawicki.http.HttpRequestTest)
*************MMAJID testStarted
*************MMAJID testFinished
MMAJIDRun: 146519for com.github.kevinsawicki.http.HttpRequestTest.getError info: getError(com.github.kevinsawicki.http.HttpRequestTest)
*************MMAJID testStarted
*************MMAJID testFinished
MMAJIDRun: 103526for com.github.kevinsawicki.http.HttpRequestTest.malformedStringUrl info: malformedStringUrl(com.github.kevinsawicki.http.HttpRequestTest)
*************MMAJID testStarted
*************MMAJID testFinished
MMAJIDRun: 117528for com.github.kevinsawicki.http.HttpRequestTest.postWithNumericQueryParams info: postWithNumericQueryParams(com.github.kevinsawicki.http.HttpRequestTest)
*************MMAJID testStarted
*************MMAJID testFinished
MMAJIDRun: 102332for com.github.kevinsawicki.http.HttpRequestTest.postEmptyForm info: postEmptyForm(com.github.kevinsawicki.http.HttpRequestTest)
*************MMAJID testStarted
*************MMAJID testFinished
MMAJIDRun: 122649for com.github.kevinsawicki.http.HttpRequestTest.getNonEmptyString info: getNonEmptyString(com.github.kevinsawicki.http.HttpRequestTest)
*************MMAJID testStarted
*************MMAJID testFinished
MMAJIDRun: 243164for com.github.kevinsawicki.http.HttpRequestTest.postNonEmptyFile info: postNonEmptyFile(com.github.kevinsawicki.http.HttpRequestTest)
*************MMAJID testStarted
*************MMAJID testFinished
MMAJIDRun: 118622for com.github.kevinsawicki.http.HttpRequestTest.postWithMappedQueryParams info: postWithMappedQueryParams(com.github.kevinsawicki.http.HttpRequestTest)
*************MMAJID testStarted
*************MMAJID testFinished
MMAJIDRun: 102529for com.github.kevinsawicki.http.HttpRequestTest.noError info: noError(com.github.kevinsawicki.http.HttpRequestTest)
*************MMAJID testStarted
*************MMAJID testFinished
MMAJIDRun: 117087for com.github.kevinsawicki.http.HttpRequestTest.getUrlEncodedWithPercent info: getUrlEncodedWithPercent(com.github.kevinsawicki.http.HttpRequestTest)
*************MMAJID testStarted
*************MMAJID testFinished
MMAJIDRun: 86891for com.github.kevinsawicki.http.HttpRequestTest.appendMappedQueryParamsWithNoPath info: appendMappedQueryParamsWithNoPath(com.github.kevinsawicki.http.HttpRequestTest)
*************MMAJID testStarted
*************MMAJID testFinished
MMAJIDRun: 120304for com.github.kevinsawicki.http.HttpRequestTest.malformedIntHeader info: malformedIntHeader(com.github.kevinsawicki.http.HttpRequestTest)
*************MMAJID testStarted
*************MMAJID testFinished
MMAJIDRun: 128442for com.github.kevinsawicki.http.HttpRequestTest.sendReceiveWithoutCode info: sendReceiveWithoutCode(com.github.kevinsawicki.http.HttpRequestTest)
*************MMAJID testStarted
*************MMAJID testFinished
MMAJIDRun: 207061for com.github.kevinsawicki.http.HttpRequestTest.getWithEscapedVarargsQueryParams info: getWithEscapedVarargsQueryParams(com.github.kevinsawicki.http.HttpRequestTest)
*************MMAJID testStarted
*************MMAJID testFinished
MMAJIDRun: 136516for com.github.kevinsawicki.http.HttpRequestTest.putWithVarargsQueryParams info: putWithVarargsQueryParams(com.github.kevinsawicki.http.HttpRequestTest)
*************MMAJID testStarted
*************MMAJID testFinished
MMAJIDRun: 162093for com.github.kevinsawicki.http.HttpRequestTest.ifModifiedSinceHeader info: ifModifiedSinceHeader(com.github.kevinsawicki.http.HttpRequestTest)
*************MMAJID testStarted
*************MMAJID testFinished
MMAJIDRun: 112846for com.github.kevinsawicki.http.HttpRequestTest.bodyOfNonEmptyErrorResponse info: bodyOfNonEmptyErrorResponse(com.github.kevinsawicki.http.HttpRequestTest)
*************MMAJID testStarted
*************MMAJID testFinished
MMAJIDRun: 103304for com.github.kevinsawicki.http.HttpRequestTest.getReaderWithCharset info: getReaderWithCharset(com.github.kevinsawicki.http.HttpRequestTest)
*************MMAJID testStarted
*************MMAJID testFinished
MMAJIDRun: 103189for com.github.kevinsawicki.http.HttpRequestTest.getEmptyParameter info: getEmptyParameter(com.github.kevinsawicki.http.HttpRequestTest)
*************MMAJID testStarted
*************MMAJID testFinished
MMAJIDRun: 255353for com.github.kevinsawicki.http.HttpRequestTest.getEmptyHeaders info: getEmptyHeaders(com.github.kevinsawicki.http.HttpRequestTest)
*************MMAJID testStarted
*************MMAJID testFinished
MMAJIDRun: 277930for com.github.kevinsawicki.http.HttpRequestTest.getGzipped info: getGzipped(com.github.kevinsawicki.http.HttpRequestTest)
*************MMAJID testStarted
*************MMAJID testFinished
MMAJIDRun: 127805for com.github.kevinsawicki.http.HttpRequestTest.httpsTrust info: httpsTrust(com.github.kevinsawicki.http.HttpRequestTest)
*************MMAJID testStarted
*************MMAJID testFinished
MMAJIDRun: 119130for com.github.kevinsawicki.http.HttpRequestTest.deleteWithMappedQueryParams info: deleteWithMappedQueryParams(com.github.kevinsawicki.http.HttpRequestTest)
*************MMAJID testStarted
*************MMAJID testFinished
MMAJIDRun: 102882for com.github.kevinsawicki.http.HttpRequestTest.deleteUrlEmpty info: deleteUrlEmpty(com.github.kevinsawicki.http.HttpRequestTest)
*************MMAJID testStarted
*************MMAJID testFinished
MMAJIDRun: 249686for com.github.kevinsawicki.http.HttpRequestTest.uploadProgressSend info: uploadProgressSend(com.github.kevinsawicki.http.HttpRequestTest)
*************MMAJID testStarted
*************MMAJID testFinished
MMAJIDRun: 94698for com.github.kevinsawicki.http.HttpRequestTest.acceptCharsetHeader info: acceptCharsetHeader(com.github.kevinsawicki.http.HttpRequestTest)
*************MMAJID testStarted
*************MMAJID testFinished
MMAJIDRun: 116620for com.github.kevinsawicki.http.HttpRequestTest.headWithMappedQueryParams info: headWithMappedQueryParams(com.github.kevinsawicki.http.HttpRequestTest)
*************MMAJID testStarted
*************MMAJID testFinished
MMAJIDRun: 19975for com.github.kevinsawicki.http.HttpRequestTest.appendNullMappedQueryParams info: appendNullMappedQueryParams(com.github.kevinsawicki.http.HttpRequestTest)
*************MMAJID testStarted
*************MMAJID testFinished
MMAJIDRun: 109370for com.github.kevinsawicki.http.HttpRequestTest.putWithMappedQueryParams info: putWithMappedQueryParams(com.github.kevinsawicki.http.HttpRequestTest)
*************MMAJID testStarted
*************MMAJID testFinished
MMAJIDRun: 102939for com.github.kevinsawicki.http.HttpRequestTest.acceptEncodingHeader info: acceptEncodingHeader(com.github.kevinsawicki.http.HttpRequestTest)
*************MMAJID testStarted
*************MMAJID testFinished
MMAJIDRun: 97230for com.github.kevinsawicki.http.HttpRequestTest.putEmpty info: putEmpty(com.github.kevinsawicki.http.HttpRequestTest)
*************MMAJID testStarted
*************MMAJID testFinished
MMAJIDRun: 130394for com.github.kevinsawicki.http.HttpRequestTest.postForm info: postForm(com.github.kevinsawicki.http.HttpRequestTest)
*************MMAJID testStarted
*************MMAJID testFinished
MMAJIDRun: 104926for com.github.kevinsawicki.http.HttpRequestTest.getHeaders info: getHeaders(com.github.kevinsawicki.http.HttpRequestTest)
*************MMAJID testStarted
*************MMAJID testFinished
MMAJIDRun: 87739for com.github.kevinsawicki.http.HttpRequestTest.cacheControlHeader info: cacheControlHeader(com.github.kevinsawicki.http.HttpRequestTest)
*************MMAJID testStarted
*************MMAJID testFinished
MMAJIDRun: 90834for com.github.kevinsawicki.http.HttpRequestTest.postUrlEmpty info: postUrlEmpty(com.github.kevinsawicki.http.HttpRequestTest)
*************MMAJID testStarted
*************MMAJID testFinished
MMAJIDRun: 176246for com.github.kevinsawicki.http.HttpRequestTest.uploadProgressSendByteArray info: uploadProgressSendByteArray(com.github.kevinsawicki.http.HttpRequestTest)
*************MMAJID testStarted
*************MMAJID testFinished
MMAJIDRun: 110596for com.github.kevinsawicki.http.HttpRequestTest.userAgentHeader info: userAgentHeader(com.github.kevinsawicki.http.HttpRequestTest)
*************MMAJID testStarted
*************MMAJID testFinished
MMAJIDRun: 99420for com.github.kevinsawicki.http.HttpRequestTest.getBufferedReader info: getBufferedReader(com.github.kevinsawicki.http.HttpRequestTest)
*************MMAJID testStarted
*************MMAJID testFinished
MMAJIDRun: 40492for com.github.kevinsawicki.http.HttpRequestTest.appendListQueryParams info: appendListQueryParams(com.github.kevinsawicki.http.HttpRequestTest)
*************MMAJID testStarted
*************MMAJID testFinished
MMAJIDRun: 86914for com.github.kevinsawicki.http.HttpRequestTest.eTagHeader info: eTagHeader(com.github.kevinsawicki.http.HttpRequestTest)
*************MMAJID testStarted
*************MMAJID testFinished
MMAJIDRun: 105786for com.github.kevinsawicki.http.HttpRequestTest.getWithMappedQueryParams info: getWithMappedQueryParams(com.github.kevinsawicki.http.HttpRequestTest)
*************MMAJID testStarted
*************MMAJID testFinished
MMAJIDRun: 100026for com.github.kevinsawicki.http.HttpRequestTest.serverErrorCode info: serverErrorCode(com.github.kevinsawicki.http.HttpRequestTest)
*************MMAJID testStarted
*************MMAJID testFinished
MMAJIDRun: 103704for com.github.kevinsawicki.http.HttpRequestTest.getToOutputBodyWithCharset info: getToOutputBodyWithCharset(com.github.kevinsawicki.http.HttpRequestTest)
*************MMAJID testStarted
*************MMAJID testFinished
MMAJIDRun: 141104for com.github.kevinsawicki.http.HttpRequestTest.getWithEscapedMappedQueryParams info: getWithEscapedMappedQueryParams(com.github.kevinsawicki.http.HttpRequestTest)
*************MMAJID testStarted
*************MMAJID testFinished
MMAJIDRun: 114783for com.github.kevinsawicki.http.HttpRequestTest.getUrlEncodedWithSpace info: getUrlEncodedWithSpace(com.github.kevinsawicki.http.HttpRequestTest)
*************MMAJID testStarted
*************MMAJID testFinished
MMAJIDRun: 20737for com.github.kevinsawicki.http.HttpRequestTest.appendVarargsQueryParamsWithExistingQueryStart info: appendVarargsQueryParamsWithExistingQueryStart(com.github.kevinsawicki.http.HttpRequestTest)
*************MMAJID testStarted
*************MMAJID testFinished
MMAJIDRun: 131038for com.github.kevinsawicki.http.HttpRequestTest.headWithEscapedVarargsQueryParams info: headWithEscapedVarargsQueryParams(com.github.kevinsawicki.http.HttpRequestTest)
*************MMAJID testStarted
*************MMAJID testFinished
MMAJIDRun: 86567for com.github.kevinsawicki.http.HttpRequestTest.getEmptyParameters info: getEmptyParameters(com.github.kevinsawicki.http.HttpRequestTest)
*************MMAJID testStarted
*************MMAJID testFinished
MMAJIDRun: 88951for com.github.kevinsawicki.http.HttpRequestTest.getMultipleParametersQuoted info: getMultipleParametersQuoted(com.github.kevinsawicki.http.HttpRequestTest)
*************MMAJID testStarted
*************MMAJID testFinished
MMAJIDRun: 178780for com.github.kevinsawicki.http.HttpRequestTest.postMultipartWithContentType info: postMultipartWithContentType(com.github.kevinsawicki.http.HttpRequestTest)
*************MMAJID testStarted
*************MMAJID testFinished
MMAJIDRun: 92717for com.github.kevinsawicki.http.HttpRequestTest.optionsEmpty info: optionsEmpty(com.github.kevinsawicki.http.HttpRequestTest)
*************MMAJID testStarted
*************MMAJID testFinished
MMAJIDRun: 359328for com.github.kevinsawicki.http.HttpRequestTest.postNonEmptyReader info: postNonEmptyReader(com.github.kevinsawicki.http.HttpRequestTest)
*************MMAJID testStarted
*************MMAJID testFinished
MMAJIDRun: 25082for com.github.kevinsawicki.http.HttpRequestTest.appendMappedQueryParamsWithExistingParams info: appendMappedQueryParamsWithExistingParams(com.github.kevinsawicki.http.HttpRequestTest)
*************MMAJID testStarted
*************MMAJID testFinished
MMAJIDRun: 18506for com.github.kevinsawicki.http.HttpRequestTest.appendEmptyVarargsQueryParams info: appendEmptyVarargsQueryParams(com.github.kevinsawicki.http.HttpRequestTest)
*************MMAJID testStarted
*************MMAJID testFinished
MMAJIDRun: 22163for com.github.kevinsawicki.http.HttpRequestTest.appendWithVarargsQueryParamsWithExistingParams info: appendWithVarargsQueryParamsWithExistingParams(com.github.kevinsawicki.http.HttpRequestTest)
*************MMAJID testStarted
*************MMAJID testFinished
MMAJIDRun: 85801for com.github.kevinsawicki.http.HttpRequestTest.locationHeader info: locationHeader(com.github.kevinsawicki.http.HttpRequestTest)
*************MMAJID testStarted
*************MMAJID testFinished
MMAJIDRun: 101447for com.github.kevinsawicki.http.HttpRequestTest.sendIntHeaderWithoutCode info: sendIntHeaderWithoutCode(com.github.kevinsawicki.http.HttpRequestTest)
*************MMAJID testStarted
*************MMAJID testFinished
MMAJIDRun: 101676for com.github.kevinsawicki.http.HttpRequestTest.lastModifiedHeader info: lastModifiedHeader(com.github.kevinsawicki.http.HttpRequestTest)
*************MMAJID testStarted
*************MMAJID testFinished
MMAJIDRun: 97957for com.github.kevinsawicki.http.HttpRequestTest.malformedDateHeader info: malformedDateHeader(com.github.kevinsawicki.http.HttpRequestTest)
*************MMAJID testStarted
*************MMAJID testFinished
MMAJIDRun: 84533for com.github.kevinsawicki.http.HttpRequestTest.getQuotedParameters info: getQuotedParameters(com.github.kevinsawicki.http.HttpRequestTest)
*************MMAJID testStarted
*************MMAJID testFinished
MMAJIDRun: 114993for com.github.kevinsawicki.http.HttpRequestTest.postFormAsEntries info: postFormAsEntries(com.github.kevinsawicki.http.HttpRequestTest)
*************MMAJID testStarted
*************MMAJID testFinished
MMAJIDRun: 237184for com.github.kevinsawicki.http.HttpRequestTest.chunkPost info: chunkPost(com.github.kevinsawicki.http.HttpRequestTest)
*************MMAJID testStarted
*************MMAJID testFinished
MMAJIDRun: 163499for com.github.kevinsawicki.http.HttpRequestTest.customConnectionFactory info: customConnectionFactory(com.github.kevinsawicki.http.HttpRequestTest)
*************MMAJID testStarted
*************MMAJID testFinished
MMAJIDRun: 93644for com.github.kevinsawicki.http.HttpRequestTest.getMixQuotedParameters info: getMixQuotedParameters(com.github.kevinsawicki.http.HttpRequestTest)
*************MMAJID testStarted
*************MMAJID testFinished
MMAJIDRun: 233470for com.github.kevinsawicki.http.HttpRequestTest.uploadProgressSendReader info: uploadProgressSendReader(com.github.kevinsawicki.http.HttpRequestTest)
*************MMAJID testStarted
*************MMAJID testFinished
MMAJIDRun: 93016for com.github.kevinsawicki.http.HttpRequestTest.requestContentTypeNullCharset info: requestContentTypeNullCharset(com.github.kevinsawicki.http.HttpRequestTest)
*************MMAJID testStarted
*************MMAJID testFinished
MMAJIDRun: 89857for com.github.kevinsawicki.http.HttpRequestTest.contentTypeHeader info: contentTypeHeader(com.github.kevinsawicki.http.HttpRequestTest)
*************MMAJID testStarted
*************MMAJID testFinished
MMAJIDRun: 91122for com.github.kevinsawicki.http.HttpRequestTest.ifNoneMatchHeader info: ifNoneMatchHeader(com.github.kevinsawicki.http.HttpRequestTest)
*************MMAJID testStarted
*************MMAJID testFinished
MMAJIDRun: 90074for com.github.kevinsawicki.http.HttpRequestTest.getMultipleParameters info: getMultipleParameters(com.github.kevinsawicki.http.HttpRequestTest)
*************MMAJID testStarted
*************MMAJID testFailure
java.lang.ClassCastException: sun.net.www.protocol.http.HttpURLConnection cannot be cast to javax.net.ssl.HttpsURLConnection
	at com.github.kevinsawicki.http.HttpRequestTest.verifierAccepts(HttpRequestTest.java:1797)
	at sun.reflect.NativeMethodAccessorImpl.invoke0(Native Method)
	at sun.reflect.NativeMethodAccessorImpl.invoke(NativeMethodAccessorImpl.java:62)
	at sun.reflect.DelegatingMethodAccessorImpl.invoke(DelegatingMethodAccessorImpl.java:43)
	at java.lang.reflect.Method.invoke(Method.java:498)
	at org.junit.runners.model.FrameworkMethod$1.runReflectiveCall(FrameworkMethod.java:45)
	at org.junit.internal.runners.model.ReflectiveCallable.run(ReflectiveCallable.java:15)
	at org.junit.runners.model.FrameworkMethod.invokeExplosively(FrameworkMethod.java:42)
	at org.junit.internal.runners.statements.InvokeMethod.evaluate(InvokeMethod.java:20)
	at org.junit.internal.runners.statements.RunBefores.evaluate(RunBefores.java:28)
	at org.junit.internal.runners.statements.RunAfters.evaluate(RunAfters.java:30)
	at org.junit.runners.ParentRunner.runLeaf(ParentRunner.java:263)
	at org.junit.runners.BlockJUnit4ClassRunner.runChild(BlockJUnit4ClassRunner.java:68)
	at org.junit.runners.BlockJUnit4ClassRunner.runChild(BlockJUnit4ClassRunner.java:47)
	at org.junit.runners.ParentRunner$3.run(ParentRunner.java:231)
	at org.junit.runners.ParentRunner$1.schedule(ParentRunner.java:60)
	at org.junit.runners.ParentRunner.runChildren(ParentRunner.java:229)
	at org.junit.runners.ParentRunner.access$000(ParentRunner.java:50)
	at org.junit.runners.ParentRunner$2.evaluate(ParentRunner.java:222)
	at org.junit.internal.runners.statements.RunBefores.evaluate(RunBefores.java:28)
	at org.junit.internal.runners.statements.RunAfters.evaluate(RunAfters.java:30)
	at org.junit.runners.ParentRunner.run(ParentRunner.java:300)
	at org.junit.runners.Suite.runChild(Suite.java:128)
	at org.junit.runners.Suite.runChild(Suite.java:24)
	at org.junit.runners.ParentRunner$3.run(ParentRunner.java:231)
	at org.junit.runners.ParentRunner$1.schedule(ParentRunner.java:60)
	at org.junit.runners.ParentRunner.runChildren(ParentRunner.java:229)
	at org.junit.runners.ParentRunner.access$000(ParentRunner.java:50)
	at org.junit.runners.ParentRunner$2.evaluate(ParentRunner.java:222)
	at org.junit.runners.ParentRunner.run(ParentRunner.java:300)
	at org.junit.runner.JUnitCore.run(JUnitCore.java:157)
	at org.junit.runner.JUnitCore.run(JUnitCore.java:136)
	at edu.illinois.cs.testrunner.execution.JUnitTestExecutor.execute(JUnitTestExecutor.java:251)
	at edu.illinois.cs.testrunner.execution.JUnitTestExecutor.executeWithJUnit4Runner(JUnitTestExecutor.java:319)
	at edu.illinois.cs.testrunner.execution.JUnitTestExecutor.runOrder(JUnitTestExecutor.java:49)
	at edu.illinois.cs.testrunner.execution.Executor$.$anonfun$run$1(Executor.scala:30)
	at scala.runtime.java8.JFunction0$mcV$sp.apply(JFunction0$mcV$sp.java:12)
	at scala.util.Try$.apply(Try.scala:209)
	at edu.illinois.cs.testrunner.execution.Executor$.run(Executor.scala:28)
	at edu.illinois.cs.testrunner.execution.Executor$.main(Executor.scala:18)
	at edu.illinois.cs.testrunner.execution.Executor.main(Executor.scala)
*************MMAJID testFinished
MMAJIDRun: 565763for com.github.kevinsawicki.http.HttpRequestTest.verifierAccepts info: verifierAccepts(com.github.kevinsawicki.http.HttpRequestTest)
*************MMAJID testStarted
*************MMAJID testFinished
MMAJIDRun: 123906for com.github.kevinsawicki.http.HttpRequestTest.getNonGzippedWithUncompressEnabled info: getNonGzippedWithUncompressEnabled(com.github.kevinsawicki.http.HttpRequestTest)
*************MMAJID testStarted
*************MMAJID testFinished
MMAJIDRun: 99527for com.github.kevinsawicki.http.HttpRequestTest.headers info: headers(com.github.kevinsawicki.http.HttpRequestTest)
*************MMAJID testStarted
*************MMAJID testFinished
MMAJIDRun: 113799for com.github.kevinsawicki.http.HttpRequestTest.basicAuthentication info: basicAuthentication(com.github.kevinsawicki.http.HttpRequestTest)
*************MMAJID testStarted
*************MMAJID testFailure
java.lang.AssertionError: expected:<us er> but was:<null>
	at org.junit.Assert.fail(Assert.java:93)
	at org.junit.Assert.failNotEquals(Assert.java:647)
	at org.junit.Assert.assertEquals(Assert.java:128)
	at org.junit.Assert.assertEquals(Assert.java:147)
	at com.github.kevinsawicki.http.HttpRequestTest.headWithEscapedMappedQueryParams(HttpRequestTest.java:2998)
	at sun.reflect.NativeMethodAccessorImpl.invoke0(Native Method)
	at sun.reflect.NativeMethodAccessorImpl.invoke(NativeMethodAccessorImpl.java:62)
	at sun.reflect.DelegatingMethodAccessorImpl.invoke(DelegatingMethodAccessorImpl.java:43)
	at java.lang.reflect.Method.invoke(Method.java:498)
	at org.junit.runners.model.FrameworkMethod$1.runReflectiveCall(FrameworkMethod.java:45)
	at org.junit.internal.runners.model.ReflectiveCallable.run(ReflectiveCallable.java:15)
	at org.junit.runners.model.FrameworkMethod.invokeExplosively(FrameworkMethod.java:42)
	at org.junit.internal.runners.statements.InvokeMethod.evaluate(InvokeMethod.java:20)
	at org.junit.internal.runners.statements.RunBefores.evaluate(RunBefores.java:28)
	at org.junit.internal.runners.statements.RunAfters.evaluate(RunAfters.java:30)
	at org.junit.runners.ParentRunner.runLeaf(ParentRunner.java:263)
	at org.junit.runners.BlockJUnit4ClassRunner.runChild(BlockJUnit4ClassRunner.java:68)
	at org.junit.runners.BlockJUnit4ClassRunner.runChild(BlockJUnit4ClassRunner.java:47)
	at org.junit.runners.ParentRunner$3.run(ParentRunner.java:231)
	at org.junit.runners.ParentRunner$1.schedule(ParentRunner.java:60)
	at org.junit.runners.ParentRunner.runChildren(ParentRunner.java:229)
	at org.junit.runners.ParentRunner.access$000(ParentRunner.java:50)
	at org.junit.runners.ParentRunner$2.evaluate(ParentRunner.java:222)
	at org.junit.internal.runners.statements.RunBefores.evaluate(RunBefores.java:28)
	at org.junit.internal.runners.statements.RunAfters.evaluate(RunAfters.java:30)
	at org.junit.runners.ParentRunner.run(ParentRunner.java:300)
	at org.junit.runners.Suite.runChild(Suite.java:128)
	at org.junit.runners.Suite.runChild(Suite.java:24)
	at org.junit.runners.ParentRunner$3.run(ParentRunner.java:231)
	at org.junit.runners.ParentRunner$1.schedule(ParentRunner.java:60)
	at org.junit.runners.ParentRunner.runChildren(ParentRunner.java:229)
	at org.junit.runners.ParentRunner.access$000(ParentRunner.java:50)
	at org.junit.runners.ParentRunner$2.evaluate(ParentRunner.java:222)
	at org.junit.runners.ParentRunner.run(ParentRunner.java:300)
	at org.junit.runner.JUnitCore.run(JUnitCore.java:157)
	at org.junit.runner.JUnitCore.run(JUnitCore.java:136)
	at edu.illinois.cs.testrunner.execution.JUnitTestExecutor.execute(JUnitTestExecutor.java:251)
	at edu.illinois.cs.testrunner.execution.JUnitTestExecutor.executeWithJUnit4Runner(JUnitTestExecutor.java:319)
	at edu.illinois.cs.testrunner.execution.JUnitTestExecutor.runOrder(JUnitTestExecutor.java:49)
	at edu.illinois.cs.testrunner.execution.Executor$.$anonfun$run$1(Executor.scala:30)
	at scala.runtime.java8.JFunction0$mcV$sp.apply(JFunction0$mcV$sp.java:12)
	at scala.util.Try$.apply(Try.scala:209)
	at edu.illinois.cs.testrunner.execution.Executor$.run(Executor.scala:28)
	at edu.illinois.cs.testrunner.execution.Executor$.main(Executor.scala:18)
	at edu.illinois.cs.testrunner.execution.Executor.main(Executor.scala)
*************MMAJID testFinished
MMAJIDRun: 319946for com.github.kevinsawicki.http.HttpRequestTest.headWithEscapedMappedQueryParams info: headWithEscapedMappedQueryParams(com.github.kevinsawicki.http.HttpRequestTest)
*************MMAJID testStarted
*************MMAJID testFinished
MMAJIDRun: 110529for com.github.kevinsawicki.http.HttpRequestTest.getAllHeaders info: getAllHeaders(com.github.kevinsawicki.http.HttpRequestTest)
*************MMAJID testStarted
*************MMAJID testFinished
MMAJIDRun: 83282for com.github.kevinsawicki.http.HttpRequestTest.getSingleParameter info: getSingleParameter(com.github.kevinsawicki.http.HttpRequestTest)
*************MMAJID testStarted
*************MMAJID testFinished
MMAJIDRun: 89068for com.github.kevinsawicki.http.HttpRequestTest.putUrlEmpty info: putUrlEmpty(com.github.kevinsawicki.http.HttpRequestTest)
*************MMAJID testStarted
*************MMAJID testFailure
java.lang.AssertionError: expected:<user> but was:<null>
	at org.junit.Assert.fail(Assert.java:93)
	at org.junit.Assert.failNotEquals(Assert.java:647)
	at org.junit.Assert.assertEquals(Assert.java:128)
	at org.junit.Assert.assertEquals(Assert.java:147)
	at com.github.kevinsawicki.http.HttpRequestTest.getWithVarargsQueryParams(HttpRequestTest.java:2639)
	at sun.reflect.NativeMethodAccessorImpl.invoke0(Native Method)
	at sun.reflect.NativeMethodAccessorImpl.invoke(NativeMethodAccessorImpl.java:62)
	at sun.reflect.DelegatingMethodAccessorImpl.invoke(DelegatingMethodAccessorImpl.java:43)
	at java.lang.reflect.Method.invoke(Method.java:498)
	at org.junit.runners.model.FrameworkMethod$1.runReflectiveCall(FrameworkMethod.java:45)
	at org.junit.internal.runners.model.ReflectiveCallable.run(ReflectiveCallable.java:15)
	at org.junit.runners.model.FrameworkMethod.invokeExplosively(FrameworkMethod.java:42)
	at org.junit.internal.runners.statements.InvokeMethod.evaluate(InvokeMethod.java:20)
	at org.junit.internal.runners.statements.RunBefores.evaluate(RunBefores.java:28)
	at org.junit.internal.runners.statements.RunAfters.evaluate(RunAfters.java:30)
	at org.junit.runners.ParentRunner.runLeaf(ParentRunner.java:263)
	at org.junit.runners.BlockJUnit4ClassRunner.runChild(BlockJUnit4ClassRunner.java:68)
	at org.junit.runners.BlockJUnit4ClassRunner.runChild(BlockJUnit4ClassRunner.java:47)
	at org.junit.runners.ParentRunner$3.run(ParentRunner.java:231)
	at org.junit.runners.ParentRunner$1.schedule(ParentRunner.java:60)
	at org.junit.runners.ParentRunner.runChildren(ParentRunner.java:229)
	at org.junit.runners.ParentRunner.access$000(ParentRunner.java:50)
	at org.junit.runners.ParentRunner$2.evaluate(ParentRunner.java:222)
	at org.junit.internal.runners.statements.RunBefores.evaluate(RunBefores.java:28)
	at org.junit.internal.runners.statements.RunAfters.evaluate(RunAfters.java:30)
	at org.junit.runners.ParentRunner.run(ParentRunner.java:300)
	at org.junit.runners.Suite.runChild(Suite.java:128)
	at org.junit.runners.Suite.runChild(Suite.java:24)
	at org.junit.runners.ParentRunner$3.run(ParentRunner.java:231)
	at org.junit.runners.ParentRunner$1.schedule(ParentRunner.java:60)
	at org.junit.runners.ParentRunner.runChildren(ParentRunner.java:229)
	at org.junit.runners.ParentRunner.access$000(ParentRunner.java:50)
	at org.junit.runners.ParentRunner$2.evaluate(ParentRunner.java:222)
	at org.junit.runners.ParentRunner.run(ParentRunner.java:300)
	at org.junit.runner.JUnitCore.run(JUnitCore.java:157)
	at org.junit.runner.JUnitCore.run(JUnitCore.java:136)
	at edu.illinois.cs.testrunner.execution.JUnitTestExecutor.execute(JUnitTestExecutor.java:251)
	at edu.illinois.cs.testrunner.execution.JUnitTestExecutor.executeWithJUnit4Runner(JUnitTestExecutor.java:319)
	at edu.illinois.cs.testrunner.execution.JUnitTestExecutor.runOrder(JUnitTestExecutor.java:49)
	at edu.illinois.cs.testrunner.execution.Executor$.$anonfun$run$1(Executor.scala:30)
	at scala.runtime.java8.JFunction0$mcV$sp.apply(JFunction0$mcV$sp.java:12)
	at scala.util.Try$.apply(Try.scala:209)
	at edu.illinois.cs.testrunner.execution.Executor$.run(Executor.scala:28)
	at edu.illinois.cs.testrunner.execution.Executor$.main(Executor.scala:18)
	at edu.illinois.cs.testrunner.execution.Executor.main(Executor.scala)
*************MMAJID testFinished
MMAJIDRun: 295635for com.github.kevinsawicki.http.HttpRequestTest.getWithVarargsQueryParams info: getWithVarargsQueryParams(com.github.kevinsawicki.http.HttpRequestTest)
*************MMAJID testStarted
*************MMAJID testFailure
java.lang.AssertionError: expected:<us er> but was:<null>
	at org.junit.Assert.fail(Assert.java:93)
	at org.junit.Assert.failNotEquals(Assert.java:647)
	at org.junit.Assert.assertEquals(Assert.java:128)
	at org.junit.Assert.assertEquals(Assert.java:147)
	at com.github.kevinsawicki.http.HttpRequestTest.putWithEscapedVarargsQueryParams(HttpRequestTest.java:2914)
	at sun.reflect.NativeMethodAccessorImpl.invoke0(Native Method)
	at sun.reflect.NativeMethodAccessorImpl.invoke(NativeMethodAccessorImpl.java:62)
	at sun.reflect.DelegatingMethodAccessorImpl.invoke(DelegatingMethodAccessorImpl.java:43)
	at java.lang.reflect.Method.invoke(Method.java:498)
	at org.junit.runners.model.FrameworkMethod$1.runReflectiveCall(FrameworkMethod.java:45)
	at org.junit.internal.runners.model.ReflectiveCallable.run(ReflectiveCallable.java:15)
	at org.junit.runners.model.FrameworkMethod.invokeExplosively(FrameworkMethod.java:42)
	at org.junit.internal.runners.statements.InvokeMethod.evaluate(InvokeMethod.java:20)
	at org.junit.internal.runners.statements.RunBefores.evaluate(RunBefores.java:28)
	at org.junit.internal.runners.statements.RunAfters.evaluate(RunAfters.java:30)
	at org.junit.runners.ParentRunner.runLeaf(ParentRunner.java:263)
	at org.junit.runners.BlockJUnit4ClassRunner.runChild(BlockJUnit4ClassRunner.java:68)
	at org.junit.runners.BlockJUnit4ClassRunner.runChild(BlockJUnit4ClassRunner.java:47)
	at org.junit.runners.ParentRunner$3.run(ParentRunner.java:231)
	at org.junit.runners.ParentRunner$1.schedule(ParentRunner.java:60)
	at org.junit.runners.ParentRunner.runChildren(ParentRunner.java:229)
	at org.junit.runners.ParentRunner.access$000(ParentRunner.java:50)
	at org.junit.runners.ParentRunner$2.evaluate(ParentRunner.java:222)
	at org.junit.internal.runners.statements.RunBefores.evaluate(RunBefores.java:28)
	at org.junit.internal.runners.statements.RunAfters.evaluate(RunAfters.java:30)
	at org.junit.runners.ParentRunner.run(ParentRunner.java:300)
	at org.junit.runners.Suite.runChild(Suite.java:128)
	at org.junit.runners.Suite.runChild(Suite.java:24)
	at org.junit.runners.ParentRunner$3.run(ParentRunner.java:231)
	at org.junit.runners.ParentRunner$1.schedule(ParentRunner.java:60)
	at org.junit.runners.ParentRunner.runChildren(ParentRunner.java:229)
	at org.junit.runners.ParentRunner.access$000(ParentRunner.java:50)
	at org.junit.runners.ParentRunner$2.evaluate(ParentRunner.java:222)
	at org.junit.runners.ParentRunner.run(ParentRunner.java:300)
	at org.junit.runner.JUnitCore.run(JUnitCore.java:157)
	at org.junit.runner.JUnitCore.run(JUnitCore.java:136)
	at edu.illinois.cs.testrunner.execution.JUnitTestExecutor.execute(JUnitTestExecutor.java:251)
	at edu.illinois.cs.testrunner.execution.JUnitTestExecutor.executeWithJUnit4Runner(JUnitTestExecutor.java:319)
	at edu.illinois.cs.testrunner.execution.JUnitTestExecutor.runOrder(JUnitTestExecutor.java:49)
	at edu.illinois.cs.testrunner.execution.Executor$.$anonfun$run$1(Executor.scala:30)
	at scala.runtime.java8.JFunction0$mcV$sp.apply(JFunction0$mcV$sp.java:12)
	at scala.util.Try$.apply(Try.scala:209)
	at edu.illinois.cs.testrunner.execution.Executor$.run(Executor.scala:28)
	at edu.illinois.cs.testrunner.execution.Executor$.main(Executor.scala:18)
	at edu.illinois.cs.testrunner.execution.Executor.main(Executor.scala)
*************MMAJID testFinished
MMAJIDRun: 296436for com.github.kevinsawicki.http.HttpRequestTest.putWithEscapedVarargsQueryParams info: putWithEscapedVarargsQueryParams(com.github.kevinsawicki.http.HttpRequestTest)
*************MMAJID testStarted
*************MMAJID testFinished
MMAJIDRun: 84738for com.github.kevinsawicki.http.HttpRequestTest.streamOfEmptyOkResponse info: streamOfEmptyOkResponse(com.github.kevinsawicki.http.HttpRequestTest)
*************MMAJID testStarted
*************MMAJID testFinished
MMAJIDRun: 21017for com.github.kevinsawicki.http.HttpRequestTest.appendMappedQueryParamsWithPath info: appendMappedQueryParamsWithPath(com.github.kevinsawicki.http.HttpRequestTest)
*************MMAJID testStarted
*************MMAJID testFinished
MMAJIDRun: 101343for com.github.kevinsawicki.http.HttpRequestTest.getUrlEmpty info: getUrlEmpty(com.github.kevinsawicki.http.HttpRequestTest)
*************MMAJID testStarted
*************MMAJID testFinished
MMAJIDRun: 79150for com.github.kevinsawicki.http.HttpRequestTest.emptyHeaders info: emptyHeaders(com.github.kevinsawicki.http.HttpRequestTest)
*************MMAJID testStarted
*************MMAJID testFinished
MMAJIDRun: 87463for com.github.kevinsawicki.http.HttpRequestTest.requestContentTypeEmptyCharset info: requestContentTypeEmptyCharset(com.github.kevinsawicki.http.HttpRequestTest)
*************MMAJID testStarted
*************MMAJID testFinished
MMAJIDRun: 91840for com.github.kevinsawicki.http.HttpRequestTest.notModifiedCode info: notModifiedCode(com.github.kevinsawicki.http.HttpRequestTest)
*************MMAJID testStarted
*************MMAJID testFinished
MMAJIDRun: 88219for com.github.kevinsawicki.http.HttpRequestTest.headUrlEmpty info: headUrlEmpty(com.github.kevinsawicki.http.HttpRequestTest)
*************MMAJID testStarted
*************MMAJID testFinished
MMAJIDRun: 98097for com.github.kevinsawicki.http.HttpRequestTest.postFormEntryWithNullValue info: postFormEntryWithNullValue(com.github.kevinsawicki.http.HttpRequestTest)
*************MMAJID testStarted
*************MMAJID testFinished
MMAJIDRun: 93499for com.github.kevinsawicki.http.HttpRequestTest.expiresHeader info: expiresHeader(com.github.kevinsawicki.http.HttpRequestTest)
*************MMAJID testStarted
*************MMAJID testFinished
MMAJIDRun: 87388for com.github.kevinsawicki.http.HttpRequestTest.serverHeader info: serverHeader(com.github.kevinsawicki.http.HttpRequestTest)
*************MMAJID testStarted
java.lang.ClassCastException: sun.net.www.protocol.http.HttpURLConnection cannot be cast to javax.net.ssl.HttpsURLConnection
*************MMAJID testFailure
	at com.github.kevinsawicki.http.HttpRequestTest.singleSslSocketFactory(HttpRequestTest.java:1826)
	at sun.reflect.NativeMethodAccessorImpl.invoke0(Native Method)
	at sun.reflect.NativeMethodAccessorImpl.invoke(NativeMethodAccessorImpl.java:62)
	at sun.reflect.DelegatingMethodAccessorImpl.invoke(DelegatingMethodAccessorImpl.java:43)
	at java.lang.reflect.Method.invoke(Method.java:498)
	at org.junit.runners.model.FrameworkMethod$1.runReflectiveCall(FrameworkMethod.java:45)
	at org.junit.internal.runners.model.ReflectiveCallable.run(ReflectiveCallable.java:15)
	at org.junit.runners.model.FrameworkMethod.invokeExplosively(FrameworkMethod.java:42)
	at org.junit.internal.runners.statements.InvokeMethod.evaluate(InvokeMethod.java:20)
	at org.junit.internal.runners.statements.RunBefores.evaluate(RunBefores.java:28)
	at org.junit.internal.runners.statements.RunAfters.evaluate(RunAfters.java:30)
	at org.junit.runners.ParentRunner.runLeaf(ParentRunner.java:263)
	at org.junit.runners.BlockJUnit4ClassRunner.runChild(BlockJUnit4ClassRunner.java:68)
	at org.junit.runners.BlockJUnit4ClassRunner.runChild(BlockJUnit4ClassRunner.java:47)
	at org.junit.runners.ParentRunner$3.run(ParentRunner.java:231)
	at org.junit.runners.ParentRunner$1.schedule(ParentRunner.java:60)
	at org.junit.runners.ParentRunner.runChildren(ParentRunner.java:229)
	at org.junit.runners.ParentRunner.access$000(ParentRunner.java:50)
	at org.junit.runners.ParentRunner$2.evaluate(ParentRunner.java:222)
	at org.junit.internal.runners.statements.RunBefores.evaluate(RunBefores.java:28)
	at org.junit.internal.runners.statements.RunAfters.evaluate(RunAfters.java:30)
	at org.junit.runners.ParentRunner.run(ParentRunner.java:300)
	at org.junit.runners.Suite.runChild(Suite.java:128)
	at org.junit.runners.Suite.runChild(Suite.java:24)
	at org.junit.runners.ParentRunner$3.run(ParentRunner.java:231)
	at org.junit.runners.ParentRunner$1.schedule(ParentRunner.java:60)
	at org.junit.runners.ParentRunner.runChildren(ParentRunner.java:229)
	at org.junit.runners.ParentRunner.access$000(ParentRunner.java:50)
	at org.junit.runners.ParentRunner$2.evaluate(ParentRunner.java:222)
	at org.junit.runners.ParentRunner.run(ParentRunner.java:300)
	at org.junit.runner.JUnitCore.run(JUnitCore.java:157)
	at org.junit.runner.JUnitCore.run(JUnitCore.java:136)
	at edu.illinois.cs.testrunner.execution.JUnitTestExecutor.execute(JUnitTestExecutor.java:251)
	at edu.illinois.cs.testrunner.execution.JUnitTestExecutor.executeWithJUnit4Runner(JUnitTestExecutor.java:319)
	at edu.illinois.cs.testrunner.execution.JUnitTestExecutor.runOrder(JUnitTestExecutor.java:49)
	at edu.illinois.cs.testrunner.execution.Executor$.$anonfun$run$1(Executor.scala:30)
	at scala.runtime.java8.JFunction0$mcV$sp.apply(JFunction0$mcV$sp.java:12)
	at scala.util.Try$.apply(Try.scala:209)
	at edu.illinois.cs.testrunner.execution.Executor$.run(Executor.scala:28)
	at edu.illinois.cs.testrunner.execution.Executor$.main(Executor.scala:18)
	at edu.illinois.cs.testrunner.execution.Executor.main(Executor.scala)
*************MMAJID testFinished
MMAJIDRun: 200243for com.github.kevinsawicki.http.HttpRequestTest.singleSslSocketFactory info: singleSslSocketFactory(com.github.kevinsawicki.http.HttpRequestTest)
*************MMAJID testStarted
*************MMAJID testFinished
MMAJIDRun: 127452for com.github.kevinsawicki.http.HttpRequestTest.postMultipleFiles info: postMultipleFiles(com.github.kevinsawicki.http.HttpRequestTest)
*************MMAJID testStarted
*************MMAJID testFinished
MMAJIDRun: 115387for com.github.kevinsawicki.http.HttpRequestTest.sendErrorReadStream info: sendErrorReadStream(com.github.kevinsawicki.http.HttpRequestTest)
*************MMAJID testStarted
*************MMAJID testFinished
MMAJIDRun: 127219for com.github.kevinsawicki.http.HttpRequestTest.sendHeadersWithoutCode info: sendHeadersWithoutCode(com.github.kevinsawicki.http.HttpRequestTest)
*************MMAJID testStarted
*************MMAJID testFinished
MMAJIDRun: 92290for com.github.kevinsawicki.http.HttpRequestTest.refererHeader info: refererHeader(com.github.kevinsawicki.http.HttpRequestTest)
*************MMAJID testStarted
*************MMAJID testFinished
MMAJIDRun: 258484for com.github.kevinsawicki.http.HttpRequestTest.getParameterFromMissingHeader info: getParameterFromMissingHeader(com.github.kevinsawicki.http.HttpRequestTest)
*************MMAJID testStarted
*************MMAJID testFinished
MMAJIDRun: 101837for com.github.kevinsawicki.http.HttpRequestTest.getMissingParameter info: getMissingParameter(com.github.kevinsawicki.http.HttpRequestTest)
*************MMAJID testStarted
*************MMAJID testFinished
MMAJIDRun: 18272for com.github.kevinsawicki.http.HttpRequestTest.appendMappedQueryParamsWithExistingQueryStart info: appendMappedQueryParamsWithExistingQueryStart(com.github.kevinsawicki.http.HttpRequestTest)
*************MMAJID testStarted
*************MMAJID testFinished
MMAJIDRun: 106905for com.github.kevinsawicki.http.HttpRequestTest.postNonEmptyString info: postNonEmptyString(com.github.kevinsawicki.http.HttpRequestTest)
*************MMAJID testStarted
*************MMAJID testFinished
MMAJIDRun: 93856for com.github.kevinsawicki.http.HttpRequestTest.optionsUrlEmpty info: optionsUrlEmpty(com.github.kevinsawicki.http.HttpRequestTest)
*************MMAJID testStarted
*************MMAJID testFailure
org.junit.ComparisonFailure: expected:</[ÃŸ]> but was:</[]>
	at org.junit.Assert.assertEquals(Assert.java:125)
	at org.junit.Assert.assertEquals(Assert.java:147)
	at com.github.kevinsawicki.http.HttpRequestTest.getUrlEncodedWithUnicode(HttpRequestTest.java:307)
	at sun.reflect.NativeMethodAccessorImpl.invoke0(Native Method)
	at sun.reflect.NativeMethodAccessorImpl.invoke(NativeMethodAccessorImpl.java:62)
	at sun.reflect.DelegatingMethodAccessorImpl.invoke(DelegatingMethodAccessorImpl.java:43)
	at java.lang.reflect.Method.invoke(Method.java:498)
	at org.junit.runners.model.FrameworkMethod$1.runReflectiveCall(FrameworkMethod.java:45)
	at org.junit.internal.runners.model.ReflectiveCallable.run(ReflectiveCallable.java:15)
	at org.junit.runners.model.FrameworkMethod.invokeExplosively(FrameworkMethod.java:42)
	at org.junit.internal.runners.statements.InvokeMethod.evaluate(InvokeMethod.java:20)
	at org.junit.internal.runners.statements.RunBefores.evaluate(RunBefores.java:28)
	at org.junit.internal.runners.statements.RunAfters.evaluate(RunAfters.java:30)
	at org.junit.runners.ParentRunner.runLeaf(ParentRunner.java:263)
	at org.junit.runners.BlockJUnit4ClassRunner.runChild(BlockJUnit4ClassRunner.java:68)
	at org.junit.runners.BlockJUnit4ClassRunner.runChild(BlockJUnit4ClassRunner.java:47)
	at org.junit.runners.ParentRunner$3.run(ParentRunner.java:231)
	at org.junit.runners.ParentRunner$1.schedule(ParentRunner.java:60)
	at org.junit.runners.ParentRunner.runChildren(ParentRunner.java:229)
	at org.junit.runners.ParentRunner.access$000(ParentRunner.java:50)
	at org.junit.runners.ParentRunner$2.evaluate(ParentRunner.java:222)
	at org.junit.internal.runners.statements.RunBefores.evaluate(RunBefores.java:28)
	at org.junit.internal.runners.statements.RunAfters.evaluate(RunAfters.java:30)
	at org.junit.runners.ParentRunner.run(ParentRunner.java:300)
	at org.junit.runners.Suite.runChild(Suite.java:128)
	at org.junit.runners.Suite.runChild(Suite.java:24)
	at org.junit.runners.ParentRunner$3.run(ParentRunner.java:231)
	at org.junit.runners.ParentRunner$1.schedule(ParentRunner.java:60)
	at org.junit.runners.ParentRunner.runChildren(ParentRunner.java:229)
	at org.junit.runners.ParentRunner.access$000(ParentRunner.java:50)
	at org.junit.runners.ParentRunner$2.evaluate(ParentRunner.java:222)
	at org.junit.runners.ParentRunner.run(ParentRunner.java:300)
	at org.junit.runner.JUnitCore.run(JUnitCore.java:157)
	at org.junit.runner.JUnitCore.run(JUnitCore.java:136)
	at edu.illinois.cs.testrunner.execution.JUnitTestExecutor.execute(JUnitTestExecutor.java:251)
	at edu.illinois.cs.testrunner.execution.JUnitTestExecutor.executeWithJUnit4Runner(JUnitTestExecutor.java:319)
	at edu.illinois.cs.testrunner.execution.JUnitTestExecutor.runOrder(JUnitTestExecutor.java:49)
	at edu.illinois.cs.testrunner.execution.Executor$.$anonfun$run$1(Executor.scala:30)
	at scala.runtime.java8.JFunction0$mcV$sp.apply(JFunction0$mcV$sp.java:12)
	at scala.util.Try$.apply(Try.scala:209)
	at edu.illinois.cs.testrunner.execution.Executor$.run(Executor.scala:28)
	at edu.illinois.cs.testrunner.execution.Executor$.main(Executor.scala:18)
	at edu.illinois.cs.testrunner.execution.Executor.main(Executor.scala)
*************MMAJID testFinished
MMAJIDRun: 4992921for com.github.kevinsawicki.http.HttpRequestTest.getUrlEncodedWithUnicode info: getUrlEncodedWithUnicode(com.github.kevinsawicki.http.HttpRequestTest)
*************MMAJID testStarted
*************MMAJID testFinished
MMAJIDRun: 121572for com.github.kevinsawicki.http.HttpRequestTest.sendDateHeaderWithoutCode info: sendDateHeaderWithoutCode(com.github.kevinsawicki.http.HttpRequestTest)
*************MMAJID testStarted
*************MMAJID testFinished
MMAJIDRun: 48502for com.github.kevinsawicki.http.HttpRequestTest.negativeBufferSize info: negativeBufferSize(com.github.kevinsawicki.http.HttpRequestTest)
*************MMAJID testStarted
*************MMAJID testFinished
MMAJIDRun: 115896for com.github.kevinsawicki.http.HttpRequestTest.receivePrintStream info: receivePrintStream(com.github.kevinsawicki.http.HttpRequestTest)
*************MMAJID testStarted
*************MMAJID testFailure
java.lang.AssertionError: expected:<us er> but was:<null>
	at org.junit.Assert.fail(Assert.java:93)
	at org.junit.Assert.failNotEquals(Assert.java:647)
	at org.junit.Assert.assertEquals(Assert.java:128)
	at org.junit.Assert.assertEquals(Assert.java:147)
	at com.github.kevinsawicki.http.HttpRequestTest.postWithEscapedVarargsQueryParams(HttpRequestTest.java:2555)
	at sun.reflect.NativeMethodAccessorImpl.invoke0(Native Method)
	at sun.reflect.NativeMethodAccessorImpl.invoke(NativeMethodAccessorImpl.java:62)
	at sun.reflect.DelegatingMethodAccessorImpl.invoke(DelegatingMethodAccessorImpl.java:43)
	at java.lang.reflect.Method.invoke(Method.java:498)
	at org.junit.runners.model.FrameworkMethod$1.runReflectiveCall(FrameworkMethod.java:45)
	at org.junit.internal.runners.model.ReflectiveCallable.run(ReflectiveCallable.java:15)
	at org.junit.runners.model.FrameworkMethod.invokeExplosively(FrameworkMethod.java:42)
	at org.junit.internal.runners.statements.InvokeMethod.evaluate(InvokeMethod.java:20)
	at org.junit.internal.runners.statements.RunBefores.evaluate(RunBefores.java:28)
	at org.junit.internal.runners.statements.RunAfters.evaluate(RunAfters.java:30)
	at org.junit.runners.ParentRunner.runLeaf(ParentRunner.java:263)
	at org.junit.runners.BlockJUnit4ClassRunner.runChild(BlockJUnit4ClassRunner.java:68)
	at org.junit.runners.BlockJUnit4ClassRunner.runChild(BlockJUnit4ClassRunner.java:47)
	at org.junit.runners.ParentRunner$3.run(ParentRunner.java:231)
	at org.junit.runners.ParentRunner$1.schedule(ParentRunner.java:60)
	at org.junit.runners.ParentRunner.runChildren(ParentRunner.java:229)
	at org.junit.runners.ParentRunner.access$000(ParentRunner.java:50)
	at org.junit.runners.ParentRunner$2.evaluate(ParentRunner.java:222)
	at org.junit.internal.runners.statements.RunBefores.evaluate(RunBefores.java:28)
	at org.junit.internal.runners.statements.RunAfters.evaluate(RunAfters.java:30)
	at org.junit.runners.ParentRunner.run(ParentRunner.java:300)
	at org.junit.runners.Suite.runChild(Suite.java:128)
	at org.junit.runners.Suite.runChild(Suite.java:24)
	at org.junit.runners.ParentRunner$3.run(ParentRunner.java:231)
	at org.junit.runners.ParentRunner$1.schedule(ParentRunner.java:60)
	at org.junit.runners.ParentRunner.runChildren(ParentRunner.java:229)
	at org.junit.runners.ParentRunner.access$000(ParentRunner.java:50)
	at org.junit.runners.ParentRunner$2.evaluate(ParentRunner.java:222)
	at org.junit.runners.ParentRunner.run(ParentRunner.java:300)
	at org.junit.runner.JUnitCore.run(JUnitCore.java:157)
	at org.junit.runner.JUnitCore.run(JUnitCore.java:136)
	at edu.illinois.cs.testrunner.execution.JUnitTestExecutor.execute(JUnitTestExecutor.java:251)
	at edu.illinois.cs.testrunner.execution.JUnitTestExecutor.executeWithJUnit4Runner(JUnitTestExecutor.java:319)
	at edu.illinois.cs.testrunner.execution.JUnitTestExecutor.runOrder(JUnitTestExecutor.java:49)
	at edu.illinois.cs.testrunner.execution.Executor$.$anonfun$run$1(Executor.scala:30)
	at scala.runtime.java8.JFunction0$mcV$sp.apply(JFunction0$mcV$sp.java:12)
	at scala.util.Try$.apply(Try.scala:209)
	at edu.illinois.cs.testrunner.execution.Executor$.run(Executor.scala:28)
	at edu.illinois.cs.testrunner.execution.Executor$.main(Executor.scala:18)
	at edu.illinois.cs.testrunner.execution.Executor.main(Executor.scala)
*************MMAJID testFinished
MMAJIDRun: 330854for com.github.kevinsawicki.http.HttpRequestTest.postWithEscapedVarargsQueryParams info: postWithEscapedVarargsQueryParams(com.github.kevinsawicki.http.HttpRequestTest)
*************MMAJID testStarted
*************MMAJID testFinished
MMAJIDRun: 101459for com.github.kevinsawicki.http.HttpRequestTest.postEmpty info: postEmpty(com.github.kevinsawicki.http.HttpRequestTest)
*************MMAJID testStarted
*************MMAJID testFinished
MMAJIDRun: 27557for com.github.kevinsawicki.http.HttpRequestTest.malformedStringUrlCause info: malformedStringUrlCause(com.github.kevinsawicki.http.HttpRequestTest)
*************MMAJID testStarted
*************MMAJID testFinished
MMAJIDRun: 18261for com.github.kevinsawicki.http.HttpRequestTest.appendMultipleMappedQueryParams info: appendMultipleMappedQueryParams(com.github.kevinsawicki.http.HttpRequestTest)
*************MMAJID testStarted
*************MMAJID testFinished
MMAJIDRun: 96408for com.github.kevinsawicki.http.HttpRequestTest.missingIntHeader info: missingIntHeader(com.github.kevinsawicki.http.HttpRequestTest)
*************MMAJID testStarted
*************MMAJID testFinished
MMAJIDRun: 298055for com.github.kevinsawicki.http.HttpRequestTest.postMultipart info: postMultipart(com.github.kevinsawicki.http.HttpRequestTest)
*************MMAJID testStarted
*************MMAJID testFinished
MMAJIDRun: 22377for com.github.kevinsawicki.http.HttpRequestTest.httpTrust info: httpTrust(com.github.kevinsawicki.http.HttpRequestTest)
*************MMAJID testStarted
*************MMAJID testFinished
MMAJIDRun: 44210for com.github.kevinsawicki.http.HttpRequestTest.appendArrayQueryParams info: appendArrayQueryParams(com.github.kevinsawicki.http.HttpRequestTest)
*************MMAJID testStarted
java.lang.AssertionError: expected:<user> but was:<null>
*************MMAJID testFailure
	at org.junit.Assert.fail(Assert.java:93)
	at org.junit.Assert.failNotEquals(Assert.java:647)
	at org.junit.Assert.assertEquals(Assert.java:128)
	at org.junit.Assert.assertEquals(Assert.java:147)
	at com.github.kevinsawicki.http.HttpRequestTest.postWithVaragsQueryParams(HttpRequestTest.java:2500)
	at sun.reflect.NativeMethodAccessorImpl.invoke0(Native Method)
	at sun.reflect.NativeMethodAccessorImpl.invoke(NativeMethodAccessorImpl.java:62)
	at sun.reflect.DelegatingMethodAccessorImpl.invoke(DelegatingMethodAccessorImpl.java:43)
	at java.lang.reflect.Method.invoke(Method.java:498)
	at org.junit.runners.model.FrameworkMethod$1.runReflectiveCall(FrameworkMethod.java:45)
	at org.junit.internal.runners.model.ReflectiveCallable.run(ReflectiveCallable.java:15)
	at org.junit.runners.model.FrameworkMethod.invokeExplosively(FrameworkMethod.java:42)
	at org.junit.internal.runners.statements.InvokeMethod.evaluate(InvokeMethod.java:20)
	at org.junit.internal.runners.statements.RunBefores.evaluate(RunBefores.java:28)
	at org.junit.internal.runners.statements.RunAfters.evaluate(RunAfters.java:30)
	at org.junit.runners.ParentRunner.runLeaf(ParentRunner.java:263)
	at org.junit.runners.BlockJUnit4ClassRunner.runChild(BlockJUnit4ClassRunner.java:68)
	at org.junit.runners.BlockJUnit4ClassRunner.runChild(BlockJUnit4ClassRunner.java:47)
	at org.junit.runners.ParentRunner$3.run(ParentRunner.java:231)
	at org.junit.runners.ParentRunner$1.schedule(ParentRunner.java:60)
	at org.junit.runners.ParentRunner.runChildren(ParentRunner.java:229)
	at org.junit.runners.ParentRunner.access$000(ParentRunner.java:50)
	at org.junit.runners.ParentRunner$2.evaluate(ParentRunner.java:222)
	at org.junit.internal.runners.statements.RunBefores.evaluate(RunBefores.java:28)
	at org.junit.internal.runners.statements.RunAfters.evaluate(RunAfters.java:30)
	at org.junit.runners.ParentRunner.run(ParentRunner.java:300)
	at org.junit.runners.Suite.runChild(Suite.java:128)
	at org.junit.runners.Suite.runChild(Suite.java:24)
	at org.junit.runners.ParentRunner$3.run(ParentRunner.java:231)
	at org.junit.runners.ParentRunner$1.schedule(ParentRunner.java:60)
	at org.junit.runners.ParentRunner.runChildren(ParentRunner.java:229)
	at org.junit.runners.ParentRunner.access$000(ParentRunner.java:50)
	at org.junit.runners.ParentRunner$2.evaluate(ParentRunner.java:222)
	at org.junit.runners.ParentRunner.run(ParentRunner.java:300)
	at org.junit.runner.JUnitCore.run(JUnitCore.java:157)
	at org.junit.runner.JUnitCore.run(JUnitCore.java:136)
	at edu.illinois.cs.testrunner.execution.JUnitTestExecutor.execute(JUnitTestExecutor.java:251)
	at edu.illinois.cs.testrunner.execution.JUnitTestExecutor.executeWithJUnit4Runner(JUnitTestExecutor.java:319)
	at edu.illinois.cs.testrunner.execution.JUnitTestExecutor.runOrder(JUnitTestExecutor.java:49)
	at edu.illinois.cs.testrunner.execution.Executor$.$anonfun$run$1(Executor.scala:30)
	at scala.runtime.java8.JFunction0$mcV$sp.apply(JFunction0$mcV$sp.java:12)
	at scala.util.Try$.apply(Try.scala:209)
	at edu.illinois.cs.testrunner.execution.Executor$.run(Executor.scala:28)
	at edu.illinois.cs.testrunner.execution.Executor$.main(Executor.scala:18)
	at edu.illinois.cs.testrunner.execution.Executor.main(Executor.scala)
*************MMAJID testFinished
MMAJIDRun: 301748for com.github.kevinsawicki.http.HttpRequestTest.postWithVaragsQueryParams info: postWithVaragsQueryParams(com.github.kevinsawicki.http.HttpRequestTest)
*************MMAJID testStarted
java.lang.AssertionError: expected:<user> but was:<null>
*************MMAJID testFailure
	at org.junit.Assert.fail(Assert.java:93)
	at org.junit.Assert.failNotEquals(Assert.java:647)
	at org.junit.Assert.assertEquals(Assert.java:128)
	at org.junit.Assert.assertEquals(Assert.java:147)
	at com.github.kevinsawicki.http.HttpRequestTest.headWithVaragsQueryParams(HttpRequestTest.java:2969)
	at sun.reflect.NativeMethodAccessorImpl.invoke0(Native Method)
	at sun.reflect.NativeMethodAccessorImpl.invoke(NativeMethodAccessorImpl.java:62)
	at sun.reflect.DelegatingMethodAccessorImpl.invoke(DelegatingMethodAccessorImpl.java:43)
	at java.lang.reflect.Method.invoke(Method.java:498)
	at org.junit.runners.model.FrameworkMethod$1.runReflectiveCall(FrameworkMethod.java:45)
	at org.junit.internal.runners.model.ReflectiveCallable.run(ReflectiveCallable.java:15)
	at org.junit.runners.model.FrameworkMethod.invokeExplosively(FrameworkMethod.java:42)
	at org.junit.internal.runners.statements.InvokeMethod.evaluate(InvokeMethod.java:20)
	at org.junit.internal.runners.statements.RunBefores.evaluate(RunBefores.java:28)
	at org.junit.internal.runners.statements.RunAfters.evaluate(RunAfters.java:30)
	at org.junit.runners.ParentRunner.runLeaf(ParentRunner.java:263)
	at org.junit.runners.BlockJUnit4ClassRunner.runChild(BlockJUnit4ClassRunner.java:68)
	at org.junit.runners.BlockJUnit4ClassRunner.runChild(BlockJUnit4ClassRunner.java:47)
	at org.junit.runners.ParentRunner$3.run(ParentRunner.java:231)
	at org.junit.runners.ParentRunner$1.schedule(ParentRunner.java:60)
	at org.junit.runners.ParentRunner.runChildren(ParentRunner.java:229)
	at org.junit.runners.ParentRunner.access$000(ParentRunner.java:50)
	at org.junit.runners.ParentRunner$2.evaluate(ParentRunner.java:222)
	at org.junit.internal.runners.statements.RunBefores.evaluate(RunBefores.java:28)
	at org.junit.internal.runners.statements.RunAfters.evaluate(RunAfters.java:30)
	at org.junit.runners.ParentRunner.run(ParentRunner.java:300)
	at org.junit.runners.Suite.runChild(Suite.java:128)
	at org.junit.runners.Suite.runChild(Suite.java:24)
	at org.junit.runners.ParentRunner$3.run(ParentRunner.java:231)
	at org.junit.runners.ParentRunner$1.schedule(ParentRunner.java:60)
	at org.junit.runners.ParentRunner.runChildren(ParentRunner.java:229)
	at org.junit.runners.ParentRunner.access$000(ParentRunner.java:50)
	at org.junit.runners.ParentRunner$2.evaluate(ParentRunner.java:222)
	at org.junit.runners.ParentRunner.run(ParentRunner.java:300)
	at org.junit.runner.JUnitCore.run(JUnitCore.java:157)
	at org.junit.runner.JUnitCore.run(JUnitCore.java:136)
	at edu.illinois.cs.testrunner.execution.JUnitTestExecutor.execute(JUnitTestExecutor.java:251)
	at edu.illinois.cs.testrunner.execution.JUnitTestExecutor.executeWithJUnit4Runner(JUnitTestExecutor.java:319)
	at edu.illinois.cs.testrunner.execution.JUnitTestExecutor.runOrder(JUnitTestExecutor.java:49)
	at edu.illinois.cs.testrunner.execution.Executor$.$anonfun$run$1(Executor.scala:30)
	at scala.runtime.java8.JFunction0$mcV$sp.apply(JFunction0$mcV$sp.java:12)
	at scala.util.Try$.apply(Try.scala:209)
	at edu.illinois.cs.testrunner.execution.Executor$.run(Executor.scala:28)
	at edu.illinois.cs.testrunner.execution.Executor$.main(Executor.scala:18)
	at edu.illinois.cs.testrunner.execution.Executor.main(Executor.scala)
*************MMAJID testFinished
MMAJIDRun: 292299for com.github.kevinsawicki.http.HttpRequestTest.headWithVaragsQueryParams info: headWithVaragsQueryParams(com.github.kevinsawicki.http.HttpRequestTest)
*************MMAJID testStarted
*************MMAJID testFinished
MMAJIDRun: 195715for com.github.kevinsawicki.http.HttpRequestTest.uploadProgressSendInputStream info: uploadProgressSendInputStream(com.github.kevinsawicki.http.HttpRequestTest)
*************MMAJID testStarted
*************MMAJID testFinished
MMAJIDRun: 96548for com.github.kevinsawicki.http.HttpRequestTest.traceUrlEmpty info: traceUrlEmpty(com.github.kevinsawicki.http.HttpRequestTest)
*************MMAJID testStarted
*************MMAJID testFinished
MMAJIDRun: 97761for com.github.kevinsawicki.http.HttpRequestTest.sendErrorCloseStream info: sendErrorCloseStream(com.github.kevinsawicki.http.HttpRequestTest)
*************MMAJID testStarted
*************MMAJID testFinished
MMAJIDRun: 113630for com.github.kevinsawicki.http.HttpRequestTest.numberHeader info: numberHeader(com.github.kevinsawicki.http.HttpRequestTest)
*************MMAJID testStarted
*************MMAJID testFinished
MMAJIDRun: 178849for com.github.kevinsawicki.http.HttpRequestTest.badRequestCode info: badRequestCode(com.github.kevinsawicki.http.HttpRequestTest)
*************MMAJID testStarted
*************MMAJID testFinished
MMAJIDRun: 97746for com.github.kevinsawicki.http.HttpRequestTest.getWithResponseCharsetAsSecondParam info: getWithResponseCharsetAsSecondParam(com.github.kevinsawicki.http.HttpRequestTest)
*************MMAJID testStarted
*************MMAJID testFinished
MMAJIDRun: 126415for com.github.kevinsawicki.http.HttpRequestTest.getEmpty info: getEmpty(com.github.kevinsawicki.http.HttpRequestTest)
*************MMAJID testStarted
*************MMAJID testFinished
MMAJIDRun: 102583for com.github.kevinsawicki.http.HttpRequestTest.headEmpty info: headEmpty(com.github.kevinsawicki.http.HttpRequestTest)
*************MMAJID testStarted
*************MMAJID testFinished
MMAJIDRun: 211766for com.github.kevinsawicki.http.HttpRequestTest.receiveFile info: receiveFile(com.github.kevinsawicki.http.HttpRequestTest)
*************MMAJID testStarted
*************MMAJID testFinished
MMAJIDRun: 17665for com.github.kevinsawicki.http.HttpRequestTest.appendMultipleVarargsQueryParams info: appendMultipleVarargsQueryParams(com.github.kevinsawicki.http.HttpRequestTest)
*************MMAJID testStarted
*************MMAJID testFinished
MMAJIDRun: 101109for com.github.kevinsawicki.http.HttpRequestTest.acceptHeader info: acceptHeader(com.github.kevinsawicki.http.HttpRequestTest)
*************MMAJID testStarted
*************MMAJID testFinished
MMAJIDRun: 130085for com.github.kevinsawicki.http.HttpRequestTest.getNoContent info: getNoContent(com.github.kevinsawicki.http.HttpRequestTest)
*************MMAJID testStarted
*************MMAJID testFinished
MMAJIDRun: 82892for com.github.kevinsawicki.http.HttpRequestTest.getSingleParameterQuoted info: getSingleParameterQuoted(com.github.kevinsawicki.http.HttpRequestTest)
*************MMAJID testStarted
*************MMAJID testFinished
MMAJIDRun: 122664for com.github.kevinsawicki.http.HttpRequestTest.nullUploadProgress info: nullUploadProgress(com.github.kevinsawicki.http.HttpRequestTest)
*************MMAJID testStarted
*************MMAJID testFinished
MMAJIDRun: 79857for com.github.kevinsawicki.http.HttpRequestTest.nullConnectionFactory info: nullConnectionFactory(com.github.kevinsawicki.http.HttpRequestTest)
*************MMAJID testStarted
*************MMAJID testFinished
MMAJIDRun: 191002for com.github.kevinsawicki.http.HttpRequestTest.receiveWriter info: receiveWriter(com.github.kevinsawicki.http.HttpRequestTest)
*************MMAJID testStarted
*************MMAJID testFinished
MMAJIDRun: 383762for com.github.kevinsawicki.http.EncodeTest.encode info: encode(com.github.kevinsawicki.http.EncodeTest)
*************MMAJID testStarted
*************MMAJID testFinished
MMAJIDRun: 36075for com.github.kevinsawicki.http.EncodeTest.encodeMalformedUri info: encodeMalformedUri(com.github.kevinsawicki.http.EncodeTest)
*************MMAJID runtimes
*************MMAJID runtimes
*************MMAJID runtimes
*************MMAJID runtimes
*************MMAJID runtimes
*************MMAJID runtimes
*************MMAJID runtimes
*************MMAJID runtimes
*************MMAJID runtimes
*************MMAJID runtimes
*************MMAJID runtimes
*************MMAJID runtimes
*************MMAJID runtimes
*************MMAJID runtimes
*************MMAJID runtimes
*************MMAJID runtimes
*************MMAJID runtimes
*************MMAJID runtimes
*************MMAJID runtimes
*************MMAJID ignored
*************MMAJID runtimes
*************MMAJID runtimes
*************MMAJID runtimes
*************MMAJID runtimes
*************MMAJID runtimes
*************MMAJID runtimes
*************MMAJID runtimes
*************MMAJID runtimes
*************MMAJID runtimes
*************MMAJID runtimes
*************MMAJID runtimes
*************MMAJID runtimes
*************MMAJID runtimes
*************MMAJID runtimes
*************MMAJID runtimes
*************MMAJID runtimes
*************MMAJID runtimes
*************MMAJID runtimes
*************MMAJID runtimes
*************MMAJID runtimes
*************MMAJID runtimes
*************MMAJID runtimes
*************MMAJID runtimes
*************MMAJID runtimes
*************MMAJID runtimes
*************MMAJID runtimes
*************MMAJID runtimes
*************MMAJID runtimes
*************MMAJID runtimes
*************MMAJID runtimes
*************MMAJID runtimes
*************MMAJID runtimes
*************MMAJID runtimes
*************MMAJID runtimes
*************MMAJID runtimes
*************MMAJID runtimes
*************MMAJID runtimes
*************MMAJID runtimes
*************MMAJID runtimes
*************MMAJID runtimes
*************MMAJID runtimes
*************MMAJID runtimes
*************MMAJID runtimes
*************MMAJID runtimes
*************MMAJID runtimes
*************MMAJID runtimes
*************MMAJID runtimes
*************MMAJID runtimes
*************MMAJID runtimes
*************MMAJID runtimes
*************MMAJID runtimes
*************MMAJID runtimes
*************MMAJID runtimes
*************MMAJID runtimes
*************MMAJID runtimes
*************MMAJID runtimes
*************MMAJID runtimes
*************MMAJID runtimes
*************MMAJID runtimes
*************MMAJID runtimes
*************MMAJID runtimes
*************MMAJID runtimes
*************MMAJID runtimes
*************MMAJID runtimes
*************MMAJID runtimes
*************MMAJID runtimes
*************MMAJID runtimes
*************MMAJID runtimes
*************MMAJID runtimes
*************MMAJID runtimes
*************MMAJID runtimes
*************MMAJID runtimes
*************MMAJID runtimes
*************MMAJID runtimes
*************MMAJID runtimes
*************MMAJID runtimes
*************MMAJID runtimes
*************MMAJID runtimes
*************MMAJID runtimes
*************MMAJID runtimes
*************MMAJID runtimes
*************MMAJID runtimes
*************MMAJID runtimes
*************MMAJID runtimes
*************MMAJID runtimes
*************MMAJID runtimes
*************MMAJID runtimes
*************MMAJID runtimes
*************MMAJID runtimes
*************MMAJID runtimes
*************MMAJID runtimes
*************MMAJID runtimes
*************MMAJID runtimes
*************MMAJID runtimes
*************MMAJID runtimes
*************MMAJID runtimes
*************MMAJID runtimes
*************MMAJID runtimes
*************MMAJID runtimes
*************MMAJID runtimes
*************MMAJID runtimes
*************MMAJID runtimes
*************MMAJID runtimes
*************MMAJID runtimes
*************MMAJID runtimes
*************MMAJID runtimes
*************MMAJID runtimes
*************MMAJID runtimes
*************MMAJID runtimes
*************MMAJID runtimes
*************MMAJID runtimes
*************MMAJID runtimes
*************MMAJID runtimes
*************MMAJID runtimes
*************MMAJID runtimes
*************MMAJID runtimes
*************MMAJID runtimes
*************MMAJID runtimes
*************MMAJID runtimes
*************MMAJID runtimes
*************MMAJID runtimes
*************MMAJID runtimes
*************MMAJID runtimes
*************MMAJID runtimes
*************MMAJID runtimes
*************MMAJID runtimes
*************MMAJID runtimes
*************MMAJID runtimes
*************MMAJID runtimes
*************MMAJID runtimes
*************MMAJID runtimes
*************MMAJID runtimes
*************MMAJID runtimes
*************MMAJID runtimes
*************MMAJID runtimes
*************MMAJID runtimes
*************MMAJID runtimes
*************MMAJID runtimes
*************MMAJID runtimes
*************MMAJID runtimes
*************MMAJID runtimes
*************MMAJID runtimes
*************MMAJID runtimes
*************MMAJID runtimes
*************MMAJID runtimes
*************MMAJID runtimes
*************MMAJID runtimes
*************MMAJID runtimes
*************MMAJID runtimes
*************MMAJID runtimes
*************MMAJID runtimes
*************MMAJID runtimes
*************MMAJID runtimes
*************MMAJID runtimes
*************MMAJID runtimes
*************MMAJID runtimes
*************MMAJID runtimes
*************MMAJID runtimes
*************MMAJID runtimes
*************MMAJID runtimes
*************MMAJID runtimes
*************MMAJID runtimes
*************MMAJID runtimes
*************MMAJID runtimes
*************MMAJID runtimes
*************MMAJID runtimes
*************MMAJID runtimes
*************MMAJID runtimes
*************MMAJID runtimes
*************MMAJID runtimes
*************MMAJID runtimes
*************MMAJID runtimes
*************MMAJID runtimes
*************MMAJID runtimes
*************MMAJID runtimes
*************MMAJID runtimes
*************MMAJID runtimes
*************MMAJID runtimes
*************MMAJID runtimes
*************MMAJID runtimes
*************MMAJID runtimes
*************MMAJID runtimes
*************MMAJID runtimes
*************MMAJID runtimes
*************MMAJID runtimes
*************MMAJID runtimes
*************MMAJID runtimes
*************MMAJID runtimes
*************MMAJID runtimes
*************MMAJID runtimes
*************MMAJID runtimes
*************MMAJID runtimes
*************MMAJID runtimes
*************MMAJID runtimes
*************MMAJID runtimes
*************MMAJID runtimes
*************MMAJID runtimes
*************MMAJID runtimes
*************MMAJID runtimes
*************MMAJID runtimes
*************MMAJID runtimes
*************MMAJID runtimes
*************MMAJID runtimes
*************MMAJID runtimes
*************MMAJID runtimes
*************MMAJID runtimes
*************MMAJID runtimes
*************MMAJID runtimes
*************MMAJID runtimes
*************MMAJID runtimes
*************MMAJID runtimes
*************MMAJID runtimes
*************MMAJID runtimes
*************MMAJID runtimes
*************MMAJID runtimes
*************MMAJID runtimes
*************MMAJID runtimes
*************MMAJID runtimes
*************MMAJID runtimes
*************MMAJID runtimes
*************MMAJID runtimes
*************MMAJID runtimes
*************MMAJID runtimes
*************MMAJID runtimes
*************MMAJID runtimes
*************MMAJID runtimes
*************MMAJID runtimes
*************MMAJID runtimes
*************MMAJID runtimes
*************MMAJID runtimes
*************MMAJID runtimes
*************MMAJID runtimes
*************MMAJID runtimes
*************MMAJID runtimes
*************MMAJID runtimes
*************MMAJID runtimes
*************MMAJID runtimes
*************MMAJID runtimes
*************MMAJID runtimes
*************MMAJID runtimes
*************MMAJID runtimes
*************MMAJID runtimes
*************MMAJID runtimes
*************MMAJID runtimes
*************MMAJID runtimes
*************MMAJID runtimes
*************MMAJID runtimes
*************MMAJID runtimes
*************MMAJID runtimes
*************MMAJID runtimes
*************MMAJID runtimes
*************MMAJID runtimes
*************MMAJID runtimes
*************MMAJID runtimes
*************MMAJID runtimes
*************MMAJID runtimes
*************MMAJID runtimes
*************MMAJID runtimes
*************MMAJID runtimes
*************MMAJID runtimes
*************MMAJID runtimes
*************MMAJID runtimes
*************MMAJID runtimes
*************MMAJID runtimes
*************MMAJID runtimes
*************MMAJID runtimes
*************MMAJID runtimes
*************MMAJID runtimes
*************MMAJID runtimes
*************MMAJID runtimes
*************MMAJID runtimes
*************MMAJID runtimes
*************MMAJID runtimes
*************MMAJID runtimes
*************MMAJID runtimes
*************MMAJID runtimes
*************MMAJID runtimes
*************MMAJID runtimes
*************MMAJID runtimes
*************MMAJID runtimes
*************MMAJID runtimes
*************MMAJID runtimes
*************MMAJID runtimes
*************MMAJID runtimes
*************MMAJID runtimes
*************MMAJID runtimes
*************MMAJID runtimes
*************MMAJID runtimes
*************MMAJID runtimes
*************MMAJID runtimes
*************MMAJID runtimes
*************MMAJID runtimes
*************MMAJID runtimes
*************MMAJID runtimes
*************MMAJID runtimes
*************MMAJID runtimes
*************MMAJID runtimes
*************MMAJID runtimes
*************MMAJID runtimes
*************MMAJID runtimes
*************MMAJID runtimes
*************MMAJID runtimes
*************MMAJID runtimes
*************MMAJID runtimes
*************MMAJID runtimes
*************MMAJID runtimes
*************MMAJID runtimes
*************MMAJID runtimes
